Urban Storage Function Model Solved by R-K-G Method

   k       rain       obsq       calq
   0                         0.0012
   1 0.000000000 0.001200000 0.001199878
   2 0.280000000 0.001200000 0.001201645
   3 0.000000000 0.001200000 0.001205009
   4 0.000000000 0.001200000 0.001208238
   5 0.000000000 0.001200000 0.001211332
   6 0.000000000 0.001200000 0.001214290
   7 0.120000000 0.001200000 0.001217909
   8 0.000000000 0.001200000 0.001222178
   9 0.000000000 0.001200000 0.001226295
  10 0.000000000 0.001200000 0.001230259
  11 0.000000000 0.001200000 0.001234070
  12 0.000000000 0.001200000 0.001237728
  13 0.000000000 0.001200000 0.001241233
  14 0.000000000 0.001200000 0.001244585
  15 0.000000000 0.001200000 0.001247784
  16 0.000000000 0.001200000 0.001250831
  17 0.000000000 0.001200000 0.001253727
  18 0.000000000 0.001200000 0.001256473
  19 0.000000000 0.001200000 0.001259070
  20 0.000000000 0.001200000 0.001261519
  21 0.000000000 0.001200000 0.001263822
  22 0.000000000 0.001200000 0.001265980
  23 0.000000000 0.001200000 0.001267994
  24 0.000000000 0.001200000 0.001269868
  25 0.000000000 0.001200000 0.001271601
  26 0.000000000 0.001200000 0.001273197
  27 0.000000000 0.001200000 0.001274658
  28 0.000000000 0.001200000 0.001275984
  29 0.000000000 0.001200000 0.001277180
  30 0.000000000 0.001200000 0.001278247
  31 0.000000000 0.001200000 0.001279187
  32 0.000000000 0.001200000 0.001280003
  33 0.000000000 0.001200000 0.001280697
  34 0.000000000 0.001200000 0.001281272
  35 0.000000000 0.001200000 0.001281729
  36 0.000000000 0.001200000 0.001282073
  37 0.000000000 0.001200000 0.001282305
  38 0.000000000 0.001200000 0.001282428
  39 0.000000000 0.001200000 0.001282444
  40 0.000000000 0.001200000 0.001282357
  41 0.000000000 0.001200000 0.001282168
  42 0.000000000 0.001200000 0.001281881
  43 0.000000000 0.001200000 0.001281498
  44 0.000000000 0.001200000 0.001281021
  45 0.320000000 0.001200000 0.001282825
  46 0.000000000 0.001200000 0.001286852
  47 0.000000000 0.001200000 0.001290698
  48 0.000000000 0.001200000 0.001294365
  49 0.000000000 0.001200000 0.001297852
  50 0.000000000 0.001200000 0.001301162
  51 0.000000000 0.001200000 0.001304294
  52 0.000000000 0.001200000 0.001307251
  53 0.000000000 0.001200000 0.001310034
  54 0.000000000 0.001200000 0.001312645
  55 0.000000000 0.001200000 0.001315085
  56 0.000000000 0.001200000 0.001317356
  57 0.000000000 0.001200000 0.001319461
  58 0.000000000 0.001200000 0.001321402
  59 0.000000000 0.001200000 0.001323181
  60 0.000000000 0.001200000 0.001324801
  61 0.000000000 0.001200000 0.001326265
  62 0.000000000 0.001200000 0.001327574
  63 0.000000000 0.001200000 0.001328733
  64 0.000000000 0.001200000 0.001329743
  65 0.000000000 0.001200000 0.001330607
  66 0.000000000 0.001200000 0.001331329
  67 0.000000000 0.001200000 0.001331912
  68 0.000000000 0.001200000 0.001332359
  69 0.000000000 0.001200000 0.001332672
  70 0.000000000 0.001200000 0.001332855
  71 0.000000000 0.001200000 0.001332912
  72 0.000000000 0.001200000 0.001332844
  73 0.000000000 0.001200000 0.001332656
  74 0.000000000 0.001200000 0.001332351
  75 0.000000000 0.001200000 0.001331931
  76 0.000000000 0.001200000 0.001331401
  77 0.000000000 0.001200000 0.001330762
  78 0.000000000 0.001200000 0.001330019
  79 0.000000000 0.001200000 0.001329175
  80 0.000000000 0.001200000 0.001328232
  81 0.000000000 0.001200000 0.001327194
  82 0.000000000 0.001200000 0.001326064
  83 0.000000000 0.001200000 0.001324844
  84 0.000000000 0.001200000 0.001323539
  85 0.000000000 0.001200000 0.001322150
  86 0.000000000 0.001200000 0.001320681
  87 0.000000000 0.001200000 0.001319135
  88 0.000000000 0.001200000 0.001317515
  89 0.000000000 0.001200000 0.001315823
  90 0.000000000 0.001200000 0.001314062
  91 0.000000000 0.001300000 0.001312235
  92 0.000000000 0.001300000 0.001310344
  93 0.000000000 0.001300000 0.001308393
  94 0.080000000 0.001300000 0.001307001
  95 0.000000000 0.001200000 0.001306144
  96 0.000000000 0.001200000 0.001305199
  97 0.000000000 0.001200000 0.001304166
  98 0.000000000 0.001200000 0.001303050
  99 0.000000000 0.001200000 0.001301852
 100 0.000000000 0.001200000 0.001300576
 101 0.000000000 0.001200000 0.001299225
 102 0.000000000 0.001200000 0.001297801
 103 0.000000000 0.001200000 0.001296306
 104 0.000000000 0.001200000 0.001294744
 105 0.000000000 0.001200000 0.001293117
 106 0.000000000 0.001300000 0.001291427
 107 0.000000000 0.001300000 0.001289678
 108 0.000000000 0.001300000 0.001287870
 109 0.000000000 0.001300000 0.001286008
 110 0.000000000 0.001300000 0.001284092
 111 0.000000000 0.001300000 0.001282126
 112 0.000000000 0.001300000 0.001280112
 113 0.000000000 0.001300000 0.001278051
 114 0.200000000 0.001300000 0.001277417
 115 0.000000000 0.001300000 0.001278156
 116 0.000000000 0.001300000 0.001278776
 117 0.280000000 0.001300000 0.001281350
 118 0.000000000 0.001300000 0.001285834
 119 0.000000000 0.001300000 0.001290133
 120 0.000000000 0.001300000 0.001294247
 121 0.320000000 0.001300000 0.001300616
 122 0.000000000 0.001300000 0.001309227
 123 0.120000000 0.001300000 0.001318560
 124 0.000000000 0.001300000 0.001328615
 125 0.000000000 0.001300000 0.001338439
 126 0.000000000 0.001300000 0.001348025
 127 0.000000000 0.001300000 0.001357363
 128 0.000000000 0.001300000 0.001366448
 129 0.000000000 0.001300000 0.001375273
 130 0.000000000 0.001300000 0.001383832
 131 0.000000000 0.001300000 0.001392120
 132 0.000000000 0.001300000 0.001400133
 133 0.000000000 0.001300000 0.001407867
 134 0.000000000 0.001300000 0.001415320
 135 0.000000000 0.001300000 0.001422489
 136 0.000000000 0.001300000 0.001429371
 137 0.000000000 0.001300000 0.001435966
 138 0.000000000 0.001300000 0.001442273
 139 0.000000000 0.001300000 0.001448292
 140 0.000000000 0.001300000 0.001454022
 141 0.000000000 0.001300000 0.001459464
 142 0.000000000 0.001300000 0.001464620
 143 0.280000000 0.001300000 0.001472174
 144 0.000000000 0.001300000 0.001482098
 145 0.000000000 0.001300000 0.001491677
 146 0.000000000 0.001300000 0.001500907
 147 0.000000000 0.001300000 0.001509784
 148 0.000000000 0.001300000 0.001518306
 149 0.000000000 0.001300000 0.001526469
 150 0.120000000 0.001300000 0.001535506
 151 0.000000000 0.001300000 0.001545403
 152 0.320000000 0.001300000 0.001558275
 153 0.080000000 0.001300000 0.001574976
 154 0.000000000 0.001300000 0.001592116
 155 0.000000000 0.001300000 0.001608818
 156 0.000000000 0.001300000 0.001625064
 157 0.080000000 0.001300000 0.001641749
 158 0.120000000 0.001300000 0.001660253
 159 0.000000000 0.001300000 0.001679658
 160 0.000000000 0.001300000 0.001698544
 161 0.000000000 0.001300000 0.001716892
 162 0.000000000 0.001300000 0.001734681
 163 0.000000000 0.001300000 0.001751896
 164 0.000000000 0.001300000 0.001768521
 165 0.000000000 0.001300000 0.001784543
 166 0.000000000 0.001300000 0.001799951
 167 0.000000000 0.001300000 0.001814737
 168 0.000000000 0.001300000 0.001828891
 169 0.000000000 0.001300000 0.001842409
 170 0.000000000 0.001300000 0.001855287
 171 0.000000000 0.001300000 0.001867523
 172 0.000000000 0.001300000 0.001879114
 173 0.000000000 0.001300000 0.001890063
 174 0.000000000 0.001300000 0.001900370
 175 0.000000000 0.001300000 0.001910039
 176 0.000000000 0.001300000 0.001919073
 177 0.000000000 0.001300000 0.001927480
 178 0.000000000 0.001300000 0.001935264
 179 0.000000000 0.001300000 0.001942433
 180 0.000000000 0.001300000 0.001948997
 181 0.000000000 0.001300000 0.001954963
 182 0.000000000 0.001300000 0.001960341
 183 0.000000000 0.001300000 0.001965143
 184 0.000000000 0.001300000 0.001969380
 185 0.000000000 0.001300000 0.001973062
 186 0.000000000 0.001300000 0.001976203
 187 0.000000000 0.001300000 0.001978814
 188 0.000000000 0.001300000 0.001980910
 189 0.000000000 0.001300000 0.001982502
 190 0.000000000 0.001300000 0.001983605
 191 0.000000000 0.001300000 0.001984232
 192 0.000000000 0.001300000 0.001984398
 193 0.000000000 0.001300000 0.001984116
 194 0.000000000 0.001300000 0.001983400
 195 0.000000000 0.001300000 0.001982265
 196 0.000000000 0.001300000 0.001980725
 197 0.000000000 0.001300000 0.001978793
 198 0.000000000 0.001300000 0.001976484
 199 0.280000000 0.001300000 0.001977927
 200 0.000000000 0.001300000 0.001982972
 201 0.000000000 0.001300000 0.001987435
 202 0.000000000 0.001300000 0.001991326
 203 0.000000000 0.001300000 0.001994659
 204 0.120000000 0.001300000 0.001999235
 205 0.000000000 0.001300000 0.002005006
 206 0.000000000 0.001300000 0.002010162
 207 0.000000000 0.001300000 0.002014715
 208 0.120000000 0.001300000 0.002020490
 209 0.000000000 0.001300000 0.002027442
 210 0.000000000 0.001300000 0.002033736
 211 0.000000000 0.001300000 0.002039384
 212 0.000000000 0.001300000 0.002044398
 213 0.000000000 0.001300000 0.002048791
 214 0.000000000 0.001300000 0.002052575
 215 0.000000000 0.001300000 0.002055766
 216 0.000000000 0.001300000 0.002058377
 217 0.000000000 0.001300000 0.002060423
 218 0.000000000 0.001300000 0.002061919
 219 0.000000000 0.001300000 0.002062880
 220 0.000000000 0.001300000 0.002063322
 221 0.000000000 0.001300000 0.002063261
 222 0.000000000 0.001200000 0.002062712
 223 0.000000000 0.001200000 0.002061692
 224 0.000000000 0.001200000 0.002060216
 225 0.000000000 0.001200000 0.002058300
 226 0.000000000 0.001200000 0.002055961
 227 0.000000000 0.001200000 0.002053213
 228 0.000000000 0.001200000 0.002050072
 229 0.000000000 0.001200000 0.002046555
 230 0.000000000 0.001200000 0.002042677
 231 0.000000000 0.001200000 0.002038452
 232 0.000000000 0.001200000 0.002033895
 233 0.000000000 0.001200000 0.002029022
 234 0.000000000 0.001200000 0.002023847
 235 0.000000000 0.001200000 0.002018384
 236 0.320000000 0.001200000 0.002017467
 237 0.000000000 0.001300000 0.002020897
 238 0.000000000 0.001300000 0.002023762
 239 0.000000000 0.001300000 0.002026076
 240 0.000000000 0.001300000 0.002027854
 241 0.000000000 0.001300000 0.002029110
 242 0.000000000 0.001300000 0.002029858
 243 0.000000000 0.001300000 0.002030114
 244 0.000000000 0.001300000 0.002029892
 245 0.000000000 0.001300000 0.002029208
 246 0.000000000 0.001300000 0.002028076
 247 0.000000000 0.001300000 0.002026512
 248 0.000000000 0.001300000 0.002024532
 249 0.000000000 0.001300000 0.002022149
 250 0.000000000 0.001300000 0.002019380
 251 0.000000000 0.001300000 0.002016238
 252 0.000000000 0.001300000 0.002012740
 253 0.000000000 0.001300000 0.002008899
 254 0.000000000 0.001300000 0.002004730
 255 0.000000000 0.001300000 0.002000246
 256 0.000000000 0.001300000 0.001995463
 257 0.000000000 0.001300000 0.001990393
 258 0.000000000 0.001300000 0.001985051
 259 0.080000000 0.001300000 0.001980628
 260 0.000000000 0.001300000 0.001977077
 261 0.000000000 0.001300000 0.001973206
 262 0.000000000 0.001300000 0.001969029
 263 0.000000000 0.001300000 0.001964557
 264 0.000000000 0.001300000 0.001959806
 265 0.000000000 0.001300000 0.001954787
 266 0.000000000 0.001300000 0.001949513
 267 0.000000000 0.001300000 0.001943997
 268 0.000000000 0.001300000 0.001938251
 269 0.000000000 0.001300000 0.001932287
 270 0.000000000 0.001300000 0.001926116
 271 0.280000000 0.001300000 0.001923721
 272 0.000000000 0.001300000 0.001924928
 273 0.000000000 0.001300000 0.001925691
 274 0.000000000 0.001300000 0.001926022
 275 0.120000000 0.001300000 0.001927641
 276 0.000000000 0.001300000 0.001930496
 277 0.560000000 0.001300000 0.001940878
 278 0.000000000 0.001300000 0.001958625
 279 0.000000000 0.001300000 0.001975595
 280 0.320000000 0.001300000 0.001996538
 281 0.000000000 0.001300000 0.002021428
 282 0.000000000 0.001300000 0.002045445
 283 0.000000000 0.001300000 0.002068567
 284 0.000000000 0.001300000 0.002090773
 285 0.200000000 0.001300000 0.002115240
 286 0.280000000 0.001300000 0.002146498
 287 0.000000000 0.001300000 0.002181331
 288 0.000000000 0.001300000 0.002215119
 289 0.000000000 0.001300000 0.002247813
 290 0.520000000 0.001300000 0.002288475
 291 0.000000000 0.001300000 0.002337201
 292 0.000000000 0.001300000 0.002384775
 293 0.000000000 0.001300000 0.002431105
 294 0.000000000 0.001300000 0.002476103
 295 0.000000000 0.001300000 0.002519693
 296 0.000000000 0.001300000 0.002561803
 297 0.000000000 0.001300000 0.002602374
 298 0.000000000 0.001300000 0.002641351
 299 0.080000000 0.001300000 0.002680360
 300 0.400000000 0.001300000 0.002727863
 301 0.000000000 0.001300000 0.002782176
 302 0.000000000 0.001300000 0.002834654
 303 0.000000000 0.001300000 0.002885211
 304 0.120000000 0.001300000 0.002936527
 305 0.000000000 0.001300000 0.002988542
 306 0.320000000 0.001300000 0.003046033
 307 0.000000000 0.001300000 0.003108973
 308 0.000000000 0.001300000 0.003169579
 309 0.000000000 0.001300000 0.003227749
 310 0.000000000 0.001300000 0.003283396
 311 0.000000000 0.001300000 0.003336448
 312 0.000000000 0.001300000 0.003386845
 313 0.080000000 0.001300000 0.003436693
 314 0.000000000 0.001300000 0.003485933
 315 0.000000000 0.001400000 0.003532352
 316 0.280000000 0.001400000 0.003583759
 317 0.000000000 0.001400000 0.003640032
 318 0.000000000 0.001400000 0.003693193
 319 0.000000000 0.001400000 0.003743204
 320 0.120000000 0.001400000 0.003793586
 321 0.120000000 0.001400000 0.003847855
 322 0.000000000 0.001400000 0.003902338
 323 0.080000000 0.001400000 0.003955821
 324 0.000000000 0.001400000 0.004008245
 325 0.000000000 0.001400000 0.004057100
 326 0.000000000 0.001400000 0.004102388
 327 0.000000000 0.001400000 0.004144121
 328 0.000000000 0.001400000 0.004182327
 329 0.000000000 0.001400000 0.004217044
 330 0.000000000 0.001500000 0.004248320
 331 0.320000000 0.001500000 0.004286790
 332 0.000000000 0.001500000 0.004332168
 333 0.000000000 0.001500000 0.004373693
 334 0.000000000 0.001500000 0.004411408
 335 0.000000000 0.001500000 0.004445365
 336 0.000000000 0.001500000 0.004475627
 337 0.000000000 0.001500000 0.004502269
 338 0.000000000 0.001500000 0.004525371
 339 0.400000000 0.001500000 0.004558999
 340 0.000000000 0.001500000 0.004602699
 341 0.000000000 0.001500000 0.004642240
 342 0.080000000 0.001500000 0.004680548
 343 0.120000000 0.001400000 0.004721919
 344 0.000000000 0.001400000 0.004763342
 345 0.000000000 0.001400000 0.004800459
 346 0.080000000 0.001400000 0.004836298
 347 0.000000000 0.001400000 0.004870828
 348 0.000000000 0.001400000 0.004901123
 349 0.000000000 0.001400000 0.004927280
 350 0.320000000 0.001400000 0.004961465
 351 0.000000000 0.001400000 0.005003281
 352 0.000000000 0.001400000 0.005040468
 353 0.000000000 0.001400000 0.005073119
 354 0.000000000 0.001400000 0.005101340
 355 0.000000000 0.001400000 0.005125245
 356 0.280000000 0.001400000 0.005155875
 357 0.000000000 0.001400000 0.005192858
 358 0.000000000 0.001400000 0.005225115
 359 0.000000000 0.001400000 0.005252761
 360 0.120000000 0.001400000 0.005280703
 361 0.120000000 0.001400000 0.005313648
 362 0.000000000 0.001400000 0.005346605
 363 0.000000000 0.001400000 0.005374771
 364 0.000000000 0.001400000 0.005398280
 365 0.000000000 0.001400000 0.005417274
 366 0.000000000 0.001400000 0.005431903
 367 0.000000000 0.001400000 0.005442323
 368 0.320000000 0.001400000 0.005461810
 369 0.360000000 0.001400000 0.005504682
 370 0.120000000 0.001400000 0.005561969
 371 0.120000000 0.001400000 0.005623417
 372 0.080000000 0.001400000 0.005687221
 373 0.000000000 0.001400000 0.005748182
 374 0.000000000 0.001500000 0.005802914
 375 0.320000000 0.001500000 0.005865464
 376 0.000000000 0.001500000 0.005935433
 377 0.400000000 0.001500000 0.006016444
 378 0.000000000 0.001500000 0.006108033
 379 0.080000000 0.001500000 0.006195694
 380 0.080000000 0.001500000 0.006283053
 381 0.000000000 0.001500000 0.006366313
 382 0.120000000 0.001500000 0.006447429
 383 0.000000000 0.001600000 0.006526292
 384 0.000000000 0.001600000 0.006597197
 385 0.000000000 0.001600000 0.006660266
 386 0.000000000 0.001600000 0.006715651
 387 0.000000000 0.001600000 0.006763527
 388 0.000000000 0.001600000 0.006804095
 389 0.200000000 0.001600000 0.006847509
 390 0.000000000 0.001600000 0.006893488
 391 0.000000000 0.001600000 0.006932036
 392 0.320000000 0.001700000 0.006979532
 393 0.000000000 0.001700000 0.007035400
 394 0.280000000 0.001700000 0.007097579
 395 0.000000000 0.001700000 0.007165621
 396 0.000000000 0.001700000 0.007225007
 397 0.000000000 0.001700000 0.007275947
 398 0.120000000 0.001700000 0.007324987
 399 0.000000000 0.001700000 0.007372052
 400 0.080000000 0.001800000 0.007415159
 401 0.000000000 0.001800000 0.007454351
 402 0.000000000 0.001800000 0.007485531
 403 0.000000000 0.001800000 0.007508996
 404 0.120000000 0.001800000 0.007531505
 405 0.000000000 0.001800000 0.007552977
 406 0.000000000 0.001800000 0.007567065
 407 0.320000000 0.001800000 0.007591406
 408 0.280000000 0.001800000 0.007640492
 409 0.080000000 0.001700000 0.007700317
 410 0.000000000 0.001700000 0.007755250
 411 0.000000000 0.001700000 0.007801059
 412 0.000000000 0.001700000 0.007838042
 413 0.120000000 0.001700000 0.007873209
 414 0.000000000 0.001700000 0.007906495
 415 0.000000000 0.001700000 0.007931327
 416 0.000000000 0.001700000 0.007948051
 417 0.000000000 0.001700000 0.007957023
 418 0.120000000 0.001700000 0.007965361
 419 0.000000000 0.001700000 0.007972977
 420 0.000000000 0.001700000 0.007973245
 421 0.400000000 0.001700000 0.007989098
 422 0.360000000 0.001700000 0.008039839
 423 0.000000000 0.001700000 0.008101356
 424 0.120000000 0.001700000 0.008159813
 425 0.000000000 0.001700000 0.008215154
 426 0.000000000 0.001700000 0.008260602
 427 0.120000000 0.001800000 0.008303493
 428 0.000000000 0.001800000 0.008343773
 429 0.000000000 0.001800000 0.008374597
 430 0.000000000 0.001800000 0.008396342
 431 0.680000000 0.002000000 0.008449524
 432 0.000000000 0.002000000 0.008532251
 433 0.120000000 0.002000000 0.008610667
 434 0.080000000 0.002100000 0.008689557
 435 0.120000000 0.002100000 0.008768892
 436 0.000000000 0.002200000 0.008843652
 437 0.000000000 0.002200000 0.008906653
 438 0.000000000 0.002200000 0.008958269
 439 0.000000000 0.002200000 0.008998904
 440 0.720000000 0.002300000 0.009073989
 441 0.080000000 0.002300000 0.009186577
 442 0.120000000 0.002300000 0.009298035
 443 0.000000000 0.002300000 0.009403100
 444 0.000000000 0.002300000 0.009494209
 445 0.200000000 0.002300000 0.009584806
 446 0.280000000 0.002400000 0.009693077
 447 0.440000000 0.002400000 0.009834385
 448 0.080000000 0.002500000 0.009994207
 449 0.000000000 0.002700000 0.010142384
 450 0.000000000 0.002700000 0.010273593
 451 0.120000000 0.002800000 0.010396525
 452 0.480000000 0.002900000 0.010545017
 453 0.400000000 0.002900000 0.010737946
 454 0.000000000 0.003000000 0.010939692
 455 0.000000000 0.003100000 0.011121002
 456 0.400000000 0.003100000 0.011311923
 457 0.200000000 0.003200000 0.011526690
 458 0.400000000 0.003200000 0.011765074
 459 0.000000000 0.003200000 0.012010621
 460 0.000000000 0.003300000 0.012231816
 461 0.120000000 0.003300000 0.012438477
 462 0.360000000 0.003500000 0.012659853
 463 0.120000000 0.003600000 0.012895066
 464 0.000000000 0.003600000 0.013113819
 465 0.320000000 0.003700000 0.013333430
 466 0.000000000 0.003700000 0.013553109
 467 0.200000000 0.003800000 0.013762743
 468 0.480000000 0.003900000 0.014004359
 469 0.000000000 0.003900000 0.014258609
 470 0.000000000 0.004200000 0.014482310
 471 0.320000000 0.004600000 0.014705353
 472 0.000000000 0.004600000 0.014926912
 473 0.000000000 0.005200000 0.015117421
 474 0.280000000 0.005900000 0.015304194
 475 0.400000000 0.005900000 0.015524840
 476 0.000000000 0.006700000 0.015750755
 477 0.000000000 0.006700000 0.015943282
 478 0.000000000 0.007500000 0.016398909
 479 0.320000000 0.007500000 0.016918311
 480 0.000000000 0.008300000 0.017436412
 481 0.000000000 0.009200000 0.017850880
 482 0.200000000 0.010200000 0.018231422
 483 0.000000000 0.010200000 0.018577843
 484 0.000000000 0.011100000 0.018826949
 485 0.400000000 0.011100000 0.019115972
 486 0.080000000 0.012100000 0.019466204
 487 0.000000000 0.012100000 0.019742862
 488 0.000000000 0.012100000 0.019923366
 489 0.000000000 0.012100000 0.020013012
 490 0.000000000 0.012100000 0.020017223
 491 0.000000000 0.012100000 0.019941479
 492 0.320000000 0.013200000 0.019898248
 493 0.000000000 0.013200000 0.019883085
 494 0.080000000 0.013200000 0.019816278
 495 0.120000000 0.013200000 0.019740833
 496 0.000000000 0.013200000 0.019630461
 497 0.400000000 0.013200000 0.019581786
 498 0.000000000 0.013200000 0.019587863
 499 0.000000000 0.012100000 0.019514850
 500 0.000000000 0.012100000 0.019368142
 501 0.080000000 0.012100000 0.019179578
 502 0.000000000 0.012100000 0.018951822
 503 0.320000000 0.012100000 0.018767613
 504 0.120000000 0.012100000 0.018661240
 505 0.080000000 0.012100000 0.018550115
 506 0.400000000 0.012100000 0.018526827
 507 0.000000000 0.011100000 0.018557147
 508 0.000000000 0.011100000 0.018509163
 509 0.000000000 0.011100000 0.018388082
 510 0.000000000 0.011100000 0.018199075
 511 0.000000000 0.011100000 0.017947234
 512 0.000000000 0.011100000 0.017637534
 513 0.080000000 0.010200000 0.017300601
 514 0.640000000 0.010200000 0.017144063
 515 0.000000000 0.010200000 0.017125877
 516 0.120000000 0.010200000 0.017074293
 517 0.280000000 0.010200000 0.017080673
 518 0.000000000 0.010200000 0.017101646
 519 0.000000000 0.010200000 0.017048197
 520 0.000000000 0.010200000 0.016925264
 521 0.000000000 0.010200000 0.016737747
 522 0.000000000 0.010200000 0.016490468
 523 0.000000000 0.010200000 0.016188141
 524 0.000000000 0.010200000 0.015929155
 525 0.520000000 0.010200000 0.015856325
 526 0.120000000 0.010200000 0.015827776
 527 0.360000000 0.010200000 0.015825876
 528 0.000000000 0.010200000 0.015836791
 529 0.000000000 0.011100000 0.015825488
 530 0.000000000 0.011100000 0.015793409
 531 0.000000000 0.011100000 0.015741985
 532 0.000000000 0.011100000 0.015672630
 533 0.000000000 0.011100000 0.015586727
 534 0.520000000 0.011100000 0.015535329
 535 0.400000000 0.011100000 0.015553321
 536 0.000000000 0.011100000 0.015586810
 537 0.080000000 0.011100000 0.015604928
 538 0.000000000 0.011100000 0.015608410
 539 0.000000000 0.012100000 0.015590644
 540 0.000000000 0.012100000 0.015553028
 541 0.520000000 0.012100000 0.015546685
 542 0.400000000 0.012100000 0.015606969
 543 0.000000000 0.012100000 0.015680275
 544 0.080000000 0.012100000 0.015735716
 545 0.000000000 0.013200000 0.015774045
 546 0.000000000 0.013200000 0.015788612
 547 0.000000000 0.013200000 0.015780839
 548 0.080000000 0.013200000 0.015759900
 549 0.720000000 0.013200000 0.015796202
 550 0.120000000 0.013200000 0.015888968
 551 0.000000000 0.014300000 0.015966037
 552 0.000000000 0.014300000 0.016118262
 553 0.000000000 0.014300000 0.016200908
 554 0.000000000 0.014300000 0.016207279
 555 0.080000000 0.014300000 0.016167515
 556 0.080000000 0.014300000 0.016109446
 557 0.120000000 0.014300000 0.016047000
 558 0.600000000 0.014300000 0.016144928
 559 0.120000000 0.014300000 0.016390404
 560 0.000000000 0.014300000 0.016586941
 561 0.000000000 0.014300000 0.016699463
 562 0.000000000 0.014300000 0.016732750
 563 0.080000000 0.015300000 0.016717232
 564 0.200000000 0.015300000 0.016719411
 565 0.720000000 0.015300000 0.016942348
 566 0.000000000 0.015300000 0.017305731
 567 0.000000000 0.015300000 0.017573941
 568 0.080000000 0.015300000 0.017777642
 569 0.000000000 0.015300000 0.017919605
 570 0.120000000 0.015300000 0.018016836
 571 0.120000000 0.015300000 0.018110187
 572 0.360000000 0.015300000 0.018278235
 573 0.320000000 0.015300000 0.018580494
 574 0.080000000 0.015300000 0.018917525
 575 0.000000000 0.015300000 0.019182862
 576 0.120000000 0.015300000 0.019393912
 577 0.280000000 0.015300000 0.019645892
 578 0.120000000 0.016500000 0.019935129
 579 0.480000000 0.016500000 0.020327802
 580 0.000000000 0.016500000 0.020775081
 581 0.000000000 0.016500000 0.021114031
 582 0.400000000 0.016500000 0.021486511
 583 0.000000000 0.016500000 0.021887375
 584 0.000000000 0.017700000 0.022179669
 585 0.440000000 0.017700000 0.022521308
 586 0.200000000 0.017700000 0.022975627
 587 0.360000000 0.017700000 0.023510449
 588 0.000000000 0.018900000 0.024049479
 589 0.320000000 0.018900000 0.024580558
 590 0.120000000 0.018900000 0.025143902
 591 0.480000000 0.018900000 0.025796850
 592 0.000000000 0.020100000 0.026488076
 593 0.080000000 0.020100000 0.027072169
 594 0.000000000 0.020100000 0.027552749
 595 0.320000000 0.020100000 0.028024256
 596 0.400000000 0.021300000 0.028633406
 597 0.200000000 0.021300000 0.029327096
 598 0.000000000 0.021300000 0.029950395
 599 0.000000000 0.022600000 0.030431182
 600 0.080000000 0.022600000 0.030806995
 601 0.120000000 0.022600000 0.031128728
 602 0.800000000 0.024000000 0.031677392
 603 0.000000000 0.024000000 0.032387724
 604 0.000000000 0.024000000 0.032943777
 605 0.000000000 0.025300000 0.033352750
 606 0.320000000 0.025300000 0.033749211
 607 0.600000000 0.026700000 0.034369673
 608 0.080000000 0.026700000 0.035102851
 609 0.120000000 0.028000000 0.035752805
 610 0.000000000 0.028000000 0.036289870
 611 0.280000000 0.029400000 0.036786131
 612 0.600000000 0.029400000 0.037487811
 613 0.000000000 0.030800000 0.038264109
 614 0.000000000 0.030800000 0.038865029
 615 0.120000000 0.032200000 0.039349579
 616 0.000000000 0.033700000 0.039722510
 617 0.360000000 0.033700000 0.040092954
 618 0.000000000 0.035200000 0.040456857
 619 0.520000000 0.035200000 0.040886197
 620 0.000000000 0.036700000 0.041371103
 621 0.120000000 0.036700000 0.041740706
 622 0.080000000 0.036700000 0.042034855
 623 0.280000000 0.038200000 0.042327662
 624 0.000000000 0.038200000 0.042581926
 625 0.560000000 0.038200000 0.042924736
 626 0.080000000 0.039700000 0.043379089
 627 0.080000000 0.039700000 0.043731877
 628 0.000000000 0.039700000 0.043953746
 629 0.280000000 0.039700000 0.044142054
 630 0.120000000 0.041200000 0.044348737
 631 0.440000000 0.042800000 0.044644882
 632 0.080000000 0.042800000 0.045003010
 633 0.080000000 0.042800000 0.045262163
 634 0.400000000 0.042800000 0.045571373
 635 0.120000000 0.044400000 0.045941356
 636 0.320000000 0.044400000 0.046334884
 637 0.080000000 0.044400000 0.046729620
 638 0.280000000 0.045900000 0.047109513
 639 0.200000000 0.045900000 0.047527280
 640 0.120000000 0.045900000 0.047907810
 641 0.320000000 0.045900000 0.048308817
 642 0.080000000 0.047500000 0.048707736
 643 0.520000000 0.047500000 0.049199249
 644 0.000000000 0.047500000 0.049734722
 645 0.520000000 0.049200000 0.050316864
 646 0.480000000 0.049200000 0.051161254
 647 0.000000000 0.050900000 0.052006833
 648 0.520000000 0.050900000 0.052877243
 649 0.360000000 0.052500000 0.053936661
 650 0.120000000 0.052500000 0.054981935
 651 0.440000000 0.054200000 0.056054476
 652 0.360000000 0.054200000 0.057265945
 653 0.200000000 0.055800000 0.058489088
 654 0.120000000 0.057600000 0.059602671
 655 0.600000000 0.059300000 0.060815041
 656 0.160000000 0.061000000 0.062133603
 657 0.240000000 0.061000000 0.063370426
 658 0.600000000 0.062800000 0.064757124
 659 0.120000000 0.064500000 0.066215746
 660 0.160000000 0.066300000 0.067511942
 661 0.400000000 0.068100000 0.068802577
 662 0.320000000 0.069900000 0.070169640
 663 0.120000000 0.071800000 0.071454135
 664 0.160000000 0.071800000 0.072572723
 665 0.000000000 0.073500000 0.073465581
 666 0.720000000 0.075300000 0.074461992
 667 0.000000000 0.075300000 0.075542907
 668 0.120000000 0.077300000 0.076371042
 669 0.560000000 0.079200000 0.077279702
 670 0.320000000 0.079200000 0.078370539
 671 0.200000000 0.081000000 0.079425454
 672 0.120000000 0.081000000 0.080330028
 673 0.680000000 0.082800000 0.081375698
 674 0.200000000 0.082800000 0.082590003
 675 0.400000000 0.082800000 0.083801590
 676 0.320000000 0.082800000 0.085077384
 677 0.280000000 0.082800000 0.086339964
 678 0.400000000 0.084800000 0.087637552
 679 0.320000000 0.084800000 0.088988346
 680 0.160000000 0.084800000 0.090239176
 681 0.240000000 0.088600000 0.091346959
 682 0.280000000 0.088600000 0.092393047
 683 0.400000000 0.090600000 0.093480152
 684 0.240000000 0.092500000 0.094575937
 685 0.360000000 0.092500000 0.095655194
 686 0.320000000 0.092500000 0.096766397
 687 0.200000000 0.094500000 0.097802376
 688 0.400000000 0.094500000 0.098820829
 689 0.520000000 0.096500000 0.100027167
 690 0.600000000 0.096500000 0.101536605
 691 0.320000000 0.098400000 0.103192245
 692 0.680000000 0.100500000 0.105041645
 693 0.320000000 0.102500000 0.107062744
 694 0.160000000 0.102500000 0.108891324
 695 0.000000000 0.104500000 0.110317009
 696 0.520000000 0.108600000 0.111618302
 697 0.320000000 0.108600000 0.113014961
 698 0.080000000 0.112700000 0.114190905
 699 0.080000000 0.114700000 0.114994483
 700 0.400000000 0.116900000 0.115680445
 701 0.120000000 0.116900000 0.116278291
 702 0.320000000 0.116900000 0.116742725
 703 0.080000000 0.116900000 0.117050728
 704 0.480000000 0.119000000 0.117334897
 705 0.120000000 0.119000000 0.117616616
 706 0.320000000 0.119000000 0.117788312
 707 0.080000000 0.119000000 0.117825972
 708 0.120000000 0.119000000 0.117602890
 709 0.480000000 0.119000000 0.117429579
 710 0.080000000 0.119000000 0.117265306
 711 0.120000000 0.116900000 0.116860492
 712 0.440000000 0.116900000 0.116494938
 713 0.400000000 0.116900000 0.116358701
 714 0.080000000 0.114700000 0.116175168
 715 0.520000000 0.114700000 0.116041551
 716 0.400000000 0.112700000 0.116172271
 717 0.080000000 0.112700000 0.116232419
 718 0.920000000 0.112700000 0.116606481
 719 0.080000000 0.110700000 0.117249039
 720 0.840000000 0.110700000 0.118098086
 721 0.080000000 0.110700000 0.119119070
 722 0.080000000 0.108600000 0.119761425
 723 0.920000000 0.108600000 0.120665869
 724 0.000000000 0.108600000 0.121732692
 725 0.880000000 0.110700000 0.122938838
 726 0.120000000 0.110700000 0.124340389
 727 0.800000000 0.110700000 0.125878254
 728 0.200000000 0.112700000 0.127584025
 729 0.120000000 0.112700000 0.128941147
 730 0.600000000 0.114700000 0.130278973
 731 0.160000000 0.114700000 0.131615272
 732 0.840000000 0.116900000 0.133143143
 733 0.080000000 0.119000000 0.134766589
 734 0.280000000 0.121000000 0.136055988
 735 0.640000000 0.121000000 0.137469068
 736 0.200000000 0.123100000 0.138921108
 737 0.680000000 0.125300000 0.140449043
 738 0.120000000 0.127400000 0.141967475
 739 0.200000000 0.129600000 0.143101476
 740 0.200000000 0.131700000 0.143941867
 741 0.360000000 0.133800000 0.144640937
 742 0.440000000 0.133800000 0.145399982
 743 0.200000000 0.136000000 0.146079605
 744 0.000000000 0.136000000 0.146332147
 745 0.120000000 0.136000000 0.146135886
 746 0.120000000 0.138200000 0.145628835
 747 0.720000000 0.138200000 0.145330240
 748 0.160000000 0.140400000 0.145237353
 749 0.120000000 0.142600000 0.144858494
 750 0.000000000 0.142600000 0.144094261
 751 0.120000000 0.142600000 0.142989101
 752 0.600000000 0.142600000 0.142059504
 753 0.240000000 0.144800000 0.141373274
 754 0.080000000 0.142600000 0.140502252
 755 0.720000000 0.142600000 0.139852759
 756 0.000000000 0.142600000 0.139324565
 757 0.320000000 0.142600000 0.138608912
 758 0.600000000 0.142600000 0.138191284
 759 0.200000000 0.142600000 0.137942050
 760 0.000000000 0.142600000 0.137383669
 761 0.400000000 0.142600000 0.136709802
 762 0.400000000 0.140400000 0.136236457
 763 0.200000000 0.140400000 0.135788986
 764 0.000000000 0.138200000 0.135059414
 765 0.000000000 0.140400000 0.133927959
 766 0.000000000 0.136000000 0.132439916
 767 0.080000000 0.133800000 0.130699449
 768 0.600000000 0.131700000 0.129192451
 769 0.080000000 0.129600000 0.127885160
 770 0.120000000 0.127400000 0.126412116
 771 0.120000000 0.125300000 0.124824155
 772 0.000000000 0.121000000 0.123049793
 773 0.000000000 0.119000000 0.121030011
 774 0.000000000 0.116900000 0.118798989
 775 0.000000000 0.112700000 0.116388318
 776 0.600000000 0.110700000 0.114250601
 777 0.160000000 0.106500000 0.112459360
 778 0.000000000 0.104500000 0.110573039
 779 0.120000000 0.100500000 0.108583544
 780 0.120000000 0.098400000 0.106587482
 781 0.000000000 0.096500000 0.104510542
 782 0.000000000 0.092500000 0.102290696
 783 0.000000000 0.088600000 0.099951368
 784 0.000000000 0.086700000 0.097513922
 785 0.000000000 0.082800000 0.094997736
 786 0.000000000 0.079200000 0.092420294
 787 0.000000000 0.077300000 0.089797296
 788 0.280000000 0.075300000 0.087313466
 789 0.080000000 0.071800000 0.085002549
 790 0.320000000 0.069900000 0.082877564
 791 0.000000000 0.068100000 0.080871736
 792 0.080000000 0.064500000 0.078843102
 793 0.000000000 0.062800000 0.076798748
 794 0.000000000 0.061000000 0.074702511
 795 0.120000000 0.059300000 0.072633084
 796 0.000000000 0.057600000 0.070591376
 797 0.120000000 0.055800000 0.068581639
 798 0.000000000 0.054200000 0.066604029
 799 0.000000000 0.052500000 0.064599133
 800 0.000000000 0.049200000 0.062575842
 801 0.000000000 0.047500000 0.060542109
 802 0.000000000 0.045900000 0.058505016
 803 0.000000000 0.044400000 0.056470842
 804 0.000000000 0.042800000 0.054445127
 805 0.000000000 0.042800000 0.052432735
 806 0.000000000 0.039700000 0.050437912
 807 0.000000000 0.038200000 0.048464343
 808 0.000000000 0.036700000 0.046515203
 809 0.360000000 0.035200000 0.044752727
 810 0.000000000 0.033700000 0.043155890
 811 0.000000000 0.033700000 0.041558847
 812 0.320000000 0.032200000 0.040101333
 813 0.000000000 0.030800000 0.038768204
 814 0.000000000 0.029400000 0.037420283
 815 0.000000000 0.029400000 0.036062385
 816 0.200000000 0.028000000 0.034779045
 817 0.000000000 0.026700000 0.033563355
 818 0.080000000 0.026700000 0.032365872
 819 0.000000000 0.025300000 0.031186650
 820 0.000000000 0.024000000 0.029996696
 821 0.280000000 0.024000000 0.028904879
 822 0.120000000 0.024000000 0.027945554
 823 0.000000000 0.022600000 0.027006078
 824 0.320000000 0.022600000 0.026159964
 825 0.000000000 0.021300000 0.025397274
 826 0.000000000 0.021300000 0.024600197
 827 0.120000000 0.020100000 0.023815749
 828 0.200000000 0.020100000 0.023113089
 829 0.600000000 0.018900000 0.022651880
 830 0.080000000 0.018900000 0.022368300
 831 0.240000000 0.017700000 0.022129008
 832 0.080000000 0.017700000 0.021929824
 833 0.280000000 0.017700000 0.021783050
 834 0.320000000 0.017700000 0.021765977
 835 0.320000000 0.017700000 0.021883541
 836 0.080000000 0.017700000 0.022044710
 837 0.280000000 0.017700000 0.022234747
 838 0.000000000 0.017700000 0.022422518
 839 0.440000000 0.017700000 0.022665648
 840 0.080000000 0.017700000 0.022985225
 841 0.200000000 0.018900000 0.023295520
 842 0.280000000 0.018900000 0.023666081
 843 0.000000000 0.018900000 0.024021994
 844 0.120000000 0.018900000 0.024309068
 845 0.080000000 0.020100000 0.024558296
 846 0.320000000 0.020100000 0.024843275
 847 0.480000000 0.020100000 0.025303323
 848 0.000000000 0.021300000 0.025812105
 849 0.120000000 0.021300000 0.026239685
 850 0.080000000 0.022600000 0.026617961
 851 0.320000000 0.022600000 0.027022828
 852 0.280000000 0.024000000 0.027524213
 853 0.240000000 0.024000000 0.028087337
 854 0.160000000 0.024000000 0.028664006
 855 0.000000000 0.025300000 0.029163181
 856 0.720000000 0.025300000 0.029801777
 857 0.000000000 0.025300000 0.030566207
 858 0.200000000 0.026700000 0.031255823
 859 0.080000000 0.026700000 0.031902492
 860 0.720000000 0.028000000 0.032712263
 861 0.000000000 0.028000000 0.033639545
 862 0.000000000 0.029400000 0.034397266
 863 0.800000000 0.029400000 0.035314411
 864 0.480000000 0.030800000 0.036571593
 865 0.320000000 0.032200000 0.037960290
 866 0.800000000 0.032200000 0.039611394
 867 0.120000000 0.033700000 0.041425792
 868 0.280000000 0.035200000 0.043177448
 869 0.600000000 0.036700000 0.045076761
 870 0.120000000 0.038200000 0.047041747
 871 0.720000000 0.041200000 0.049128898
 872 0.280000000 0.044400000 0.051400783
 873 0.000000000 0.047500000 0.053510208
 874 0.800000000 0.049200000 0.055714579
 875 0.120000000 0.050900000 0.058057675
 876 0.080000000 0.054200000 0.060176627
 877 0.080000000 0.055800000 0.062054254
 878 0.120000000 0.059300000 0.063716872
 879 0.720000000 0.061000000 0.065507151
 880 0.080000000 0.064500000 0.067387357
 881 0.080000000 0.066300000 0.069013775
 882 0.000000000 0.069900000 0.070351606
 883 0.120000000 0.071800000 0.071436900
 884 0.480000000 0.073500000 0.072546533
 885 0.320000000 0.075300000 0.073783652
 886 0.000000000 0.077300000 0.074871031
 887 0.680000000 0.079200000 0.076024950
 888 0.200000000 0.081000000 0.077343455
 889 0.280000000 0.082800000 0.078591756
 890 0.520000000 0.082800000 0.079956862
 891 0.000000000 0.084800000 0.081261488
 892 0.200000000 0.084800000 0.082326178
 893 0.280000000 0.084800000 0.083327371
 894 0.120000000 0.084800000 0.084218204
 895 0.400000000 0.084800000 0.085079371
 896 0.000000000 0.084800000 0.085834041
 897 0.120000000 0.084800000 0.086325289
 898 0.000000000 0.084800000 0.086569684
 899 0.000000000 0.084800000 0.086515342
 900 0.000000000 0.086700000 0.086187324
 901 0.080000000 0.084800000 0.085658714
 902 0.120000000 0.086700000 0.085019761
 903 0.280000000 0.086700000 0.084401223
 904 0.000000000 0.086700000 0.083728195
 905 0.320000000 0.084800000 0.083035659
 906 0.200000000 0.086700000 0.082439919
 907 0.000000000 0.084800000 0.081746596
 908 0.000000000 0.084800000 0.080852383
 909 0.000000000 0.082800000 0.079778778
 910 0.360000000 0.082800000 0.078754153
 911 0.000000000 0.081000000 0.077770177
 912 0.120000000 0.079200000 0.076693805
 913 0.520000000 0.079200000 0.075829346
 914 0.000000000 0.077300000 0.075084290
 915 0.000000000 0.075300000 0.074165194
 916 0.000000000 0.075300000 0.073090966
 917 0.000000000 0.073500000 0.071879525
 918 0.280000000 0.071800000 0.070700890
 919 0.200000000 0.069900000 0.069658877
 920 0.200000000 0.069900000 0.068700188
 921 0.320000000 0.068100000 0.067883087
 922 0.000000000 0.066300000 0.067087404
 923 0.400000000 0.064500000 0.066359735
 924 0.080000000 0.062800000 0.065731804
 925 0.440000000 0.061000000 0.065221312
 926 0.080000000 0.061000000 0.064813813
 927 0.400000000 0.059300000 0.064485268
 928 0.000000000 0.057600000 0.064183397
 929 0.080000000 0.057600000 0.063745463
 930 0.440000000 0.055800000 0.063411096
 931 0.000000000 0.055800000 0.063125783
 932 0.280000000 0.054200000 0.062809290
 933 0.200000000 0.054200000 0.062564068
 934 0.000000000 0.052500000 0.062241677
 935 0.520000000 0.052500000 0.062016077
 936 0.280000000 0.052500000 0.062016384
 937 0.120000000 0.052500000 0.062022893
 938 0.000000000 0.052500000 0.061893580
 939 0.000000000 0.052500000 0.061579695
 940 0.600000000 0.052500000 0.061403477
 941 0.000000000 0.052500000 0.061346053
 942 0.280000000 0.052500000 0.061242880
 943 0.000000000 0.052500000 0.061093997
 944 0.120000000 0.052500000 0.060825643
 945 0.000000000 0.052500000 0.060446552
 946 0.080000000 0.052500000 0.059948188
 947 0.000000000 0.052500000 0.059340845
 948 0.000000000 0.052500000 0.058596504
 949 0.440000000 0.054200000 0.057947926
 950 0.280000000 0.054200000 0.057520696
 951 0.200000000 0.054200000 0.057180031
 952 0.000000000 0.054200000 0.056782313
 953 0.000000000 0.054200000 0.056237505
 954 0.000000000 0.054200000 0.055559546
 955 0.080000000 0.052500000 0.054800601
 956 0.000000000 0.052500000 0.053968668
 957 0.320000000 0.052500000 0.053187960
 958 0.400000000 0.050900000 0.052641550
 959 0.000000000 0.050900000 0.052157161
 960 0.080000000 0.049200000 0.051584119
 961 0.000000000 0.049200000 0.050930325
 962 0.000000000 0.047500000 0.050167937
 963 0.000000000 0.047500000 0.049308470
 964 0.120000000 0.047500000 0.048417857
 965 0.080000000 0.045900000 0.047535878
 966 0.600000000 0.045900000 0.046880804
 967 0.000000000 0.045900000 0.046391586
 968 0.000000000 0.045900000 0.045792598
 969 0.000000000 0.044400000 0.045094595
 970 0.120000000 0.044400000 0.044360854
 971 0.000000000 0.042800000 0.043594720
 972 0.000000000 0.042800000 0.042749702
 973 0.800000000 0.042800000 0.042180460
 974 0.080000000 0.039700000 0.041889993
 975 0.000000000 0.039700000 0.041519652
 976 0.000000000 0.039700000 0.041043162
 977 0.000000000 0.038200000 0.040470292
 978 0.240000000 0.038200000 0.039911923
 979 0.000000000 0.038200000 0.039365315
 980 0.280000000 0.036700000 0.038849567
 981 0.320000000 0.036700000 0.038493477
 982 0.000000000 0.036700000 0.038167842
 983 0.160000000 0.036700000 0.037807650
 984 0.120000000 0.036700000 0.037464190
 985 0.000000000 0.036700000 0.037071276
 986 0.400000000 0.036700000 0.036749372
 987 0.320000000 0.035200000 0.036620234
 988 0.000000000 0.035200000 0.036507018
 989 0.000000000 0.035200000 0.036281319
 990 0.080000000 0.035200000 0.035984589
 991 0.240000000 0.035200000 0.035719288
 992 0.360000000 0.035200000 0.035595072
 993 0.320000000 0.035200000 0.035632979
 994 0.000000000 0.035200000 0.035676309
 995 0.000000000 0.035200000 0.035598134
 996 0.000000000 0.035200000 0.035407313
 997 0.200000000 0.035200000 0.035193158
 998 0.400000000 0.035200000 0.035116746
 999 0.000000000 0.035200000 0.035085844
1000 0.320000000 0.035200000 0.035068915
1001 0.080000000 0.035200000 0.035094142
1002 0.000000000 0.035200000 0.035032087
1003 0.000000000 0.035200000 0.034857704
1004 0.120000000 0.035200000 0.034627683
1005 0.200000000 0.035200000 0.034425362
1006 0.280000000 0.035200000 0.034312027
1007 0.000000000 0.035200000 0.034200849
1008 0.320000000 0.035200000 0.034110395
1009 0.000000000 0.035200000 0.034036291
1010 0.120000000 0.035200000 0.033900982
1011 0.080000000 0.035200000 0.033739747
1012 0.080000000 0.035200000 0.033539282
1013 0.400000000 0.035200000 0.033429229
1014 0.000000000 0.035200000 0.033368608
1015 0.000000000 0.035200000 0.033199877
1016 0.320000000 0.035200000 0.033057171
1017 0.000000000 0.035200000 0.032935828
1018 0.000000000 0.035200000 0.032711849
1019 0.120000000 0.035200000 0.032440240
1020 0.000000000 0.035200000 0.032123986
1021 0.400000000 0.033700000 0.031876873
1022 0.080000000 0.033700000 0.031721377
1023 0.080000000 0.033700000 0.031529971
1024 0.320000000 0.033700000 0.031398290
1025 0.520000000 0.033700000 0.031490046
1026 0.000000000 0.033700000 0.031664566
1027 0.320000000 0.033700000 0.031843439
1028 0.080000000 0.033700000 0.032054390
1029 0.480000000 0.033700000 0.032359833
1030 0.000000000 0.033700000 0.032718765
1031 0.200000000 0.033700000 0.033021859
1032 0.320000000 0.033700000 0.033396541
1033 0.000000000 0.033700000 0.033757752
1034 0.120000000 0.033700000 0.034029212
1035 0.360000000 0.033700000 0.034358525
1036 0.200000000 0.033700000 0.034771664
1037 0.000000000 0.035200000 0.035119836
1038 0.320000000 0.035200000 0.035456805
1039 0.280000000 0.035200000 0.035893317
1040 0.120000000 0.035200000 0.036341971
1041 0.000000000 0.035200000 0.036688387
1042 0.200000000 0.036700000 0.036972224
1043 0.080000000 0.036700000 0.037227924
1044 0.440000000 0.036700000 0.037557184
1045 0.280000000 0.036700000 0.038034525
1046 0.000000000 0.038200000 0.038468944
1047 0.200000000 0.038200000 0.038831690
1048 0.000000000 0.038200000 0.039124570
1049 0.680000000 0.039700000 0.039555737
1050 0.120000000 0.039700000 0.040160448
1051 0.000000000 0.039700000 0.040644140
1052 0.600000000 0.042800000 0.041219918
1053 0.120000000 0.042800000 0.041927429
1054 0.160000000 0.042800000 0.042572738
1055 0.120000000 0.042800000 0.043157916
1056 0.280000000 0.042800000 0.043738670
1057 0.440000000 0.044400000 0.044454154
1058 0.000000000 0.044400000 0.045169786
1059 0.000000000 0.044400000 0.045692453
1060 0.000000000 0.045900000 0.046032771
1061 0.160000000 0.045900000 0.046273823
1062 0.240000000 0.045900000 0.046528221
1063 0.600000000 0.047500000 0.046992854
1064 0.000000000 0.047500000 0.047540895
1065 0.000000000 0.049200000 0.047899276
1066 0.000000000 0.049200000 0.048079625
1067 0.000000000 0.050900000 0.048093898
1068 0.600000000 0.050900000 0.048228565
1069 0.320000000 0.050900000 0.048615027
1070 0.080000000 0.052500000 0.048999931
1071 0.000000000 0.052500000 0.049237673
1072 0.000000000 0.052500000 0.049301793
1073 0.000000000 0.052500000 0.049204695
1074 0.000000000 0.052500000 0.048958787
1075 0.320000000 0.054200000 0.048723403
1076 0.280000000 0.054200000 0.048622984
1077 0.000000000 0.054200000 0.048500909
1078 0.320000000 0.054200000 0.048380590
1079 0.080000000 0.054200000 0.048295051
1080 0.000000000 0.052500000 0.048098112
1081 0.000000000 0.052500000 0.047763246
1082 0.120000000 0.052500000 0.047356779
1083 0.080000000 0.052500000 0.046920214
1084 0.000000000 0.050900000 0.046403231
1085 0.400000000 0.050900000 0.045957976
1086 0.320000000 0.050900000 0.045717815
1087 0.120000000 0.049200000 0.045542652
1088 0.160000000 0.049200000 0.045358579
1089 0.280000000 0.049200000 0.045237387
1090 0.120000000 0.049200000 0.045155370
1091 0.320000000 0.047500000 0.045129291
1092 0.120000000 0.047500000 0.045152888
1093 0.000000000 0.047500000 0.045082318
1094 0.360000000 0.045900000 0.045032666
1095 0.200000000 0.047500000 0.045087435
1096 0.320000000 0.045900000 0.045223070
1097 0.000000000 0.045900000 0.045343245
1098 0.000000000 0.045900000 0.045309653
1099 0.000000000 0.047500000 0.045133626
1100 0.120000000 0.047500000 0.044879690
1101 0.080000000 0.047500000 0.044588514
1102 0.000000000 0.047500000 0.044211030
1103 0.400000000 0.047500000 0.043896503
1104 0.080000000 0.047500000 0.043671149
1105 0.000000000 0.047500000 0.043356614
1106 0.000000000 0.047500000 0.042926565
1107 0.520000000 0.047500000 0.042617069
1108 0.000000000 0.045900000 0.042413418
1109 0.000000000 0.045900000 0.042088223
1110 0.280000000 0.045900000 0.041772392
1111 0.000000000 0.045900000 0.041462738
1112 0.000000000 0.045900000 0.041042313
1113 0.400000000 0.044400000 0.040691416
1114 0.320000000 0.044400000 0.040536991
1115 0.000000000 0.044400000 0.040395046
1116 0.000000000 0.044400000 0.040132372
1117 0.000000000 0.042800000 0.039758844
1118 0.000000000 0.042800000 0.039284093
1119 0.280000000 0.042800000 0.038834556
1120 0.120000000 0.042800000 0.038456071
1121 0.080000000 0.041200000 0.038061980
1122 0.080000000 0.039700000 0.037638059
1123 0.320000000 0.039700000 0.037286269
1124 0.120000000 0.039700000 0.037015427
1125 0.000000000 0.039700000 0.036690506
1126 0.400000000 0.038200000 0.036431728
1127 0.000000000 0.038200000 0.036230459
1128 0.080000000 0.038200000 0.035956446
1129 0.000000000 0.038200000 0.035615004
1130 0.080000000 0.036700000 0.035212820
1131 0.320000000 0.036700000 0.034883145
1132 0.240000000 0.036700000 0.034682538
1133 0.000000000 0.036700000 0.034474278
1134 0.280000000 0.035200000 0.034277475
1135 0.000000000 0.035200000 0.034088920
1136 0.000000000 0.035200000 0.033799707
1137 0.000000000 0.035200000 0.033418124
1138 0.080000000 0.035200000 0.032983687
1139 0.000000000 0.035200000 0.032500708
1140 0.320000000 0.035200000 0.032068155
1141 0.200000000 0.033700000 0.031757225
1142 0.120000000 0.033700000 0.031482553
1143 0.280000000 0.033700000 0.031273333
1144 0.000000000 0.033700000 0.031077307
1145 0.000000000 0.033700000 0.030788777
1146 0.000000000 0.033700000 0.030415331
1147 0.080000000 0.033700000 0.029994756
1148 0.120000000 0.033700000 0.029576244
1149 0.320000000 0.033700000 0.029250342
1150 0.120000000 0.033700000 0.029008538
1151 0.280000000 0.033700000 0.028831544
1152 0.080000000 0.033700000 0.028698488
1153 0.000000000 0.033700000 0.028503441
1154 0.200000000 0.033700000 0.028296656
1155 0.000000000 0.033700000 0.028077587
1156 0.440000000 0.033700000 0.027938179
1157 0.280000000 0.033700000 0.027973032
1158 0.000000000 0.033700000 0.028008369
1159 0.080000000 0.033700000 0.027972217
1160 0.200000000 0.033700000 0.027943022
1161 0.000000000 0.033700000 0.027889653
1162 0.440000000 0.033700000 0.027904525
1163 0.000000000 0.033700000 0.027979322
1164 0.280000000 0.033700000 0.028054346
1165 0.000000000 0.033700000 0.028127097
1166 0.280000000 0.033700000 0.028200022
1167 0.000000000 0.033700000 0.028270621
1168 0.120000000 0.035200000 0.028281713
1169 0.320000000 0.035200000 0.028355496
1170 0.280000000 0.035200000 0.028545881
1171 0.200000000 0.035200000 0.028800860
1172 0.000000000 0.035200000 0.029011704
1173 0.080000000 0.036700000 0.029137372
1174 0.720000000 0.036700000 0.029454004
1175 0.080000000 0.036700000 0.029944685
1176 0.000000000 0.036700000 0.030330267
1177 0.000000000 0.036700000 0.030586161
1178 0.720000000 0.036700000 0.030996274
1179 0.120000000 0.038200000 0.031591626
1180 0.080000000 0.038200000 0.032118218
1181 0.080000000 0.038200000 0.032563662
1182 0.600000000 0.038200000 0.033136475
1183 0.120000000 0.039700000 0.033840531
1184 0.120000000 0.039700000 0.034481219
1185 0.000000000 0.039700000 0.035012611
1186 0.080000000 0.041200000 0.035424833
1187 0.000000000 0.042800000 0.035723383
1188 0.000000000 0.044400000 0.035883057
1189 0.800000000 0.044400000 0.036238026
1190 0.120000000 0.044400000 0.036817627
1191 0.000000000 0.045900000 0.037285898
1192 0.080000000 0.045900000 0.037633147
1193 0.400000000 0.047500000 0.038031287
1194 0.440000000 0.047500000 0.038623841
1195 0.080000000 0.049200000 0.039264669
1196 0.000000000 0.049200000 0.039768037
1197 0.080000000 0.049200000 0.040141862
1198 0.000000000 0.050900000 0.040392640
1199 0.000000000 0.050900000 0.040494672
1200 0.400000000 0.050900000 0.040628276
1201 0.320000000 0.050900000 0.040923659
1202 0.120000000 0.052500000 0.041250930
1203 0.000000000 0.052500000 0.041472157
1204 0.000000000 0.052500000 0.041543594
1205 0.160000000 0.054200000 0.041544316
1206 0.000000000 0.054200000 0.041477695
1207 0.000000000 0.054200000 0.041281790
1208 0.400000000 0.054200000 0.041138005
1209 0.000000000 0.052500000 0.041038456
1210 0.320000000 0.052500000 0.040949977
1211 0.120000000 0.052500000 0.040919825
1212 0.000000000 0.052500000 0.040809214
1213 0.080000000 0.050900000 0.040608490
1214 0.120000000 0.050900000 0.040375049
1215 0.360000000 0.050900000 0.040230158
1216 0.000000000 0.050900000 0.040114017
1217 0.000000000 0.050900000 0.039875983
1218 0.320000000 0.050900000 0.039660850
1219 0.240000000 0.049200000 0.039565061
1220 0.000000000 0.049200000 0.039445930
1221 0.080000000 0.047500000 0.039240546
1222 0.000000000 0.047500000 0.038955019
1223 0.360000000 0.047500000 0.038713893
1224 0.000000000 0.047500000 0.038510473
1225 0.000000000 0.047500000 0.038195992
1226 0.000000000 0.045900000 0.037779777
1227 0.000000000 0.045900000 0.037270881
1228 0.520000000 0.045900000 0.036891111
1229 0.000000000 0.044400000 0.036625486
1230 0.000000000 0.044400000 0.036258461
1231 0.000000000 0.044400000 0.035798803
1232 0.000000000 0.042800000 0.035254988
1233 0.000000000 0.042800000 0.034635159
1234 0.000000000 0.042800000 0.033947087
1235 0.000000000 0.042800000 0.033198147
1236 0.120000000 0.042800000 0.032442210
1237 0.000000000 0.042800000 0.031680215
1238 0.080000000 0.039700000 0.030899832
1239 0.080000000 0.039700000 0.030133967
1240 0.280000000 0.039700000 0.029458214
1241 0.000000000 0.038200000 0.028833921
1242 0.000000000 0.038200000 0.028155786
1243 0.000000000 0.038200000 0.027429837
1244 0.000000000 0.036700000 0.026661751
1245 0.120000000 0.036700000 0.025900276
1246 0.000000000 0.036700000 0.025145208
1247 0.000000000 0.035200000 0.024355682
1248 0.000000000 0.035200000 0.023536396
1249 0.000000000 0.033700000 0.022691724
1250 0.000000000 0.033700000 0.021825723
1251 0.000000000 0.032200000 0.020942144
1252 0.000000000 0.032200000 0.020044444
1253 0.000000000 0.030800000 0.019135798
1254 0.000000000 0.030800000 0.018219117
1255 0.000000000 0.029400000 0.017297058
1256 0.000000000 0.029400000 0.016372039
1257 0.000000000 0.028000000 0.015808848
1258 0.000000000 0.028000000 0.015522969
1259 0.000000000 0.026700000 0.015238021
1260 0.320000000 0.026700000 0.014984262
1261 0.000000000 0.025300000 0.014758507
1262 0.000000000 0.025300000 0.014530030
1263 0.000000000 0.024000000 0.014299510
1264 0.000000000 0.024000000 0.014067570
1265 0.200000000 0.022600000 0.013852280
1266 0.000000000 0.022600000 0.013652110
1267 0.000000000 0.021300000 0.013449246
1268 0.000000000 0.021300000 0.013244290
1269 0.000000000 0.021300000 0.013037797
1270 0.000000000 0.020100000 0.012830277
1271 0.000000000 0.020100000 0.012622196
1272 0.000000000 0.018900000 0.012413980
1273 0.000000000 0.018900000 0.012206019
1274 0.000000000 0.018900000 0.011998666
1275 0.000000000 0.017700000 0.011792240
1276 0.000000000 0.017700000 0.011587029
1277 0.000000000 0.016500000 0.011383295
1278 0.000000000 0.016500000 0.011181269
1279 0.000000000 0.016500000 0.010981159
1280 0.000000000 0.015300000 0.010783148
1281 0.000000000 0.015300000 0.010587401
1282 0.000000000 0.015300000 0.010394059
1283 0.000000000 0.015300000 0.010203246
1284 0.000000000 0.014300000 0.010015072
1285 0.000000000 0.014300000 0.009829626
1286 0.000000000 0.014300000 0.009646988
1287 0.000000000 0.013200000 0.009467221
1288 0.000000000 0.013200000 0.009290379
1289 0.000000000 0.013200000 0.009116502
1290 0.000000000 0.013200000 0.008945624
1291 0.000000000 0.012100000 0.008777767
1292 0.000000000 0.012100000 0.008612944
1293 0.000000000 0.012100000 0.008451164
1294 0.000000000 0.012100000 0.008292427
1295 0.280000000 0.011100000 0.008152790
1296 0.000000000 0.011100000 0.008030490
1297 0.000000000 0.011100000 0.007908800
1298 0.000000000 0.010200000 0.007787849
1299 0.120000000 0.010200000 0.007674307
1300 0.000000000 0.010200000 0.007567605
1301 0.320000000 0.010200000 0.007478126
1302 0.000000000 0.009200000 0.007404365
1303 0.000000000 0.009200000 0.007328700
1304 0.080000000 0.009200000 0.007255528
1305 0.000000000 0.008300000 0.007184681
1306 0.000000000 0.007500000 0.007112031
1307 0.000000000 0.007500000 0.007037792
1308 0.000000000 0.007500000 0.006962162
1309 0.120000000 0.006700000 0.006891327
1310 0.000000000 0.006700000 0.006824921
1311 0.000000000 0.006700000 0.006756894
1312 0.000000000 0.006700000 0.006687438
1313 0.000000000 0.005900000 0.006616731
1314 0.000000000 0.005900000 0.006544944
1315 0.000000000 0.005900000 0.006472236
1316 0.000000000 0.005900000 0.006398757
1317 0.000000000 0.005900000 0.006324649
1318 0.280000000 0.005200000 0.006262947
1319 0.000000000 0.005200000 0.006212643
1320 0.000000000 0.005200000 0.006160485
1321 0.000000000 0.005200000 0.006106650
1322 0.000000000 0.005200000 0.006051302
1323 0.000000000 0.004600000 0.005994600
1324 0.000000000 0.004600000 0.005936693
1325 0.000000000 0.004600000 0.005877725
1326 0.000000000 0.004600000 0.005817831
1327 0.000000000 0.004200000 0.005757138
1328 0.000000000 0.004200000 0.005695767
1329 0.000000000 0.004200000 0.005633831
1330 0.000000000 0.004200000 0.005571438
1331 0.320000000 0.003900000 0.005521925
1332 0.000000000 0.003900000 0.005484283
1333 0.000000000 0.003900000 0.005444903
1334 0.000000000 0.003900000 0.005403927
1335 0.000000000 0.003900000 0.005361493
1336 0.280000000 0.003900000 0.005328965
1337 0.000000000 0.003800000 0.005305613
1338 0.000000000 0.003800000 0.005279951
1339 0.000000000 0.003800000 0.005252128
1340 0.000000000 0.003800000 0.005222289
1341 0.000000000 0.003800000 0.005190575
1342 0.080000000 0.003800000 0.005160243
1343 0.000000000 0.003800000 0.005131191
1344 0.000000000 0.003700000 0.005100321
1345 0.000000000 0.003700000 0.005067763
1346 0.120000000 0.003700000 0.005038229
1347 0.000000000 0.003700000 0.005011501
1348 0.000000000 0.003700000 0.004982960
1349 0.000000000 0.003700000 0.004952732
1350 0.000000000 0.003700000 0.004920939
1351 0.000000000 0.003600000 0.004887700
1352 0.120000000 0.003600000 0.004857568
1353 0.000000000 0.003600000 0.004830322
1354 0.080000000 0.003600000 0.004804413
1355 0.000000000 0.003600000 0.004779743
1356 0.000000000 0.003600000 0.004753397
1357 0.000000000 0.003600000 0.004725489
1358 0.120000000 0.003500000 0.004700444
1359 0.000000000 0.003500000 0.004678056
1360 0.000000000 0.003500000 0.004653981
1361 0.000000000 0.003500000 0.004628328
1362 0.000000000 0.003500000 0.004601206
1363 0.000000000 0.003500000 0.004572718
1364 0.000000000 0.003500000 0.004542965
1365 0.000000000 0.003500000 0.004512045
1366 0.000000000 0.003300000 0.004480051
1367 0.000000000 0.003300000 0.004447072
1368 0.000000000 0.003300000 0.004413195
1369 0.000000000 0.003300000 0.004378503
1370 0.000000000 0.003300000 0.004343074
1371 0.000000000 0.003300000 0.004306984
1372 0.000000000 0.003300000 0.004270305
1373 0.000000000 0.003200000 0.004233105
1374 0.000000000 0.003200000 0.004195451
1375 0.000000000 0.003200000 0.004157403
1376 0.000000000 0.003200000 0.004119021
1377 0.000000000 0.003200000 0.004080360
1378 0.000000000 0.003200000 0.004041472
1379 0.000000000 0.003200000 0.004002409
1380 0.000000000 0.003200000 0.003963215
1381 0.000000000 0.003200000 0.003923937
1382 0.080000000 0.003100000 0.003887032
1383 0.000000000 0.003100000 0.003852348
1384 0.000000000 0.003100000 0.003817425
1385 0.000000000 0.003100000 0.003782309
1386 0.000000000 0.003100000 0.003747043
1387 0.000000000 0.003100000 0.003711666
1388 0.000000000 0.003100000 0.003676217
1389 0.000000000 0.003100000 0.003640733
1390 0.000000000 0.003100000 0.003605245
1391 0.000000000 0.003100000 0.003569786
1392 0.000000000 0.003100000 0.003534387
1393 0.000000000 0.003100000 0.003499073
1394 0.000000000 0.003100000 0.003463873
1395 0.000000000 0.003100000 0.003428809
1396 0.000000000 0.003100000 0.003393904
1397 0.000000000 0.003100000 0.003359180
1398 0.000000000 0.003100000 0.003324656
1399 0.000000000 0.003000000 0.003290350
1400 0.000000000 0.003000000 0.003256279
1401 0.000000000 0.003000000 0.003222458
1402 0.000000000 0.003000000 0.003188901
1403 0.000000000 0.003000000 0.003155621
1404 0.000000000 0.003000000 0.003122631
1405 0.000000000 0.003000000 0.003089941
1406 0.000000000 0.003000000 0.003057561
1407 0.000000000 0.003000000 0.003025500
1408 0.000000000 0.003000000 0.002993766
1409 0.000000000 0.003000000 0.002962366
1410 0.000000000 0.002900000 0.002931306
1411 0.000000000 0.002900000 0.002900592
1412 0.000000000 0.002900000 0.002870229
1413 0.000000000 0.002900000 0.002840221
1414 0.000000000 0.002900000 0.002810572
1415 0.000000000 0.002900000 0.002781285
1416 0.000000000 0.002900000 0.002752361
1417 0.000000000 0.002900000 0.002723804
1418 0.000000000 0.002900000 0.002695614
1419 0.000000000 0.002800000 0.002667793
1420 0.320000000 0.002800000 0.002646931
1421 0.000000000 0.002800000 0.002632559
1422 0.000000000 0.002800000 0.002617897
1423 0.000000000 0.002800000 0.002602968
1424 0.000000000 0.002800000 0.002587796
1425 0.080000000 0.002800000 0.002574001
1426 0.000000000 0.002800000 0.002561505
1427 0.000000000 0.002800000 0.002548683
1428 0.000000000 0.002800000 0.002535558
1429 0.000000000 0.002800000 0.002522154
1430 0.000000000 0.002700000 0.002508491
1431 0.000000000 0.002700000 0.002494592
1432 0.280000000 0.002700000 0.002485863
1433 0.000000000 0.002700000 0.002482015
1434 0.000000000 0.002700000 0.002477542
1435 0.000000000 0.002700000 0.002472469
1436 0.000000000 0.002700000 0.002466823
1437 0.000000000 0.002700000 0.002460630
1438 0.000000000 0.002700000 0.002453916
1439 0.000000000 0.002700000 0.002446706
1440 0.000000000 0.002700000 0.002439024
1441 0.120000000 0.002700000 0.002433150
1442 0.000000000 0.002700000 0.002428987
1443 0.000000000 0.002700000 0.002424246
1444 0.120000000 0.002700000 0.002421195
1445 0.320000000 0.002700000 0.002425738
1446 0.080000000 0.002700000 0.002436870
1447 0.280000000 0.002700000 0.002453756
1448 0.000000000 0.002700000 0.002474751
1449 0.000000000 0.002700000 0.002494464
1450 0.120000000 0.002700000 0.002515238
1451 0.080000000 0.002700000 0.002538608
1452 0.000000000 0.002700000 0.002562174
1453 0.000000000 0.002700000 0.002584334
1454 0.000000000 0.002700000 0.002605091
1455 0.000000000 0.002700000 0.002624449
1456 0.000000000 0.002700000 0.002642415
1457 0.000000000 0.002700000 0.002659003
1458 0.000000000 0.002700000 0.002674227
1459 0.000000000 0.002700000 0.002688105
1460 0.000000000 0.002700000 0.002700658
1461 0.000000000 0.002700000 0.002711907
1462 0.000000000 0.002700000 0.002721878
1463 0.000000000 0.002700000 0.002730597
1464 0.000000000 0.002700000 0.002738094
1465 0.080000000 0.002700000 0.002746112
1466 0.000000000 0.002700000 0.002754616
1467 0.000000000 0.002700000 0.002761883
1468 0.120000000 0.002700000 0.002770542
1469 0.000000000 0.002700000 0.002780522
1470 0.000000000 0.002700000 0.002789202
1471 0.000000000 0.002700000 0.002796612
1472 0.080000000 0.002700000 0.002804538
1473 0.000000000 0.002700000 0.002812942
1474 0.000000000 0.002700000 0.002820066
1475 0.000000000 0.002700000 0.002825942
1476 0.000000000 0.002700000 0.002830604
1477 0.000000000 0.002700000 0.002834087
1478 0.000000000 0.002700000 0.002836428
1479 0.000000000 0.002700000 0.002837663
1480 0.000000000 0.002700000 0.002837829
1481 0.000000000 0.002700000 0.002836965
1482 0.000000000 0.002700000 0.002835108
1483 0.000000000 0.002700000 0.002832296
1484 0.000000000 0.002700000 0.002828567
1485 0.000000000 0.002700000 0.002823958
1486 0.000000000 0.002700000 0.002818507
1487 0.000000000 0.002700000 0.002812252
1488 0.000000000 0.002700000 0.002805228
1489 0.000000000 0.002700000 0.002797473
1490 0.000000000 0.002700000 0.002789021
1491 0.000000000 0.002700000 0.002779908
1492 0.000000000 0.002700000 0.002770169
1493 0.000000000 0.002700000 0.002759836
1494 0.000000000 0.002700000 0.002748943
1495 0.000000000 0.002700000 0.002737522
1496 0.000000000 0.002700000 0.002725603
1497 0.000000000 0.002700000 0.002713218
1498 0.000000000 0.002700000 0.002700395
1499 0.000000000 0.002700000 0.002687165
1500 0.000000000 0.002700000 0.002673553
1501 0.000000000 0.002700000 0.002659587
1502 0.080000000 0.002700000 0.002646943
1503 0.120000000 0.002700000 0.002638008
1504 0.000000000 0.002700000 0.002630969
1505 0.000000000 0.002700000 0.002623325
1506 0.320000000 0.002700000 0.002621629
1507 0.280000000 0.002700000 0.002631320
1508 0.000000000 0.002700000 0.002645539
1509 0.000000000 0.002700000 0.002658460
1510 0.000000000 0.002700000 0.002670103
1511 0.000000000 0.002700000 0.002680493
1512 0.000000000 0.002500000 0.002689654
1513 0.000000000 0.002700000 0.002697611
1514 0.120000000 0.002500000 0.002706928
1515 0.080000000 0.002500000 0.002719236
1516 0.000000000 0.002500000 0.002731916
1517 0.200000000 0.002500000 0.002747552
1518 0.280000000 0.002500000 0.002772094
1519 0.000000000 0.002500000 0.002801060
1520 0.320000000 0.002500000 0.002835386
1521 0.000000000 0.002500000 0.002874979
1522 0.400000000 0.002500000 0.002921772
1523 0.000000000 0.002500000 0.002975720
1524 0.000000000 0.002500000 0.003027533
1525 0.160000000 0.002500000 0.003080999
1526 0.120000000 0.002500000 0.003139006
1527 0.000000000 0.002500000 0.003197595
1528 0.280000000 0.002500000 0.003260851
1529 0.200000000 0.002500000 0.003333943
1530 0.120000000 0.002700000 0.003412816
1531 0.320000000 0.002700000 0.003500868
1532 0.000000000 0.002700000 0.003594870
1533 0.000000000 0.002700000 0.003685823
1534 0.360000000 0.002700000 0.003784112
1535 0.440000000 0.002700000 0.003903055
1536 0.200000000 0.002800000 0.004038381
1537 0.280000000 0.002800000 0.004185643
1538 0.000000000 0.002900000 0.004338481
1539 0.600000000 0.002900000 0.004508075
1540 0.000000000 0.003000000 0.004694762
1541 0.400000000 0.003100000 0.004892056
1542 0.440000000 0.003200000 0.005116931
1543 0.280000000 0.003300000 0.005365908
1544 0.720000000 0.003500000 0.005651997
1545 0.000000000 0.003600000 0.005964741
1546 0.280000000 0.003700000 0.006285414
1547 0.600000000 0.003800000 0.006642181
1548 0.120000000 0.004200000 0.007028458
1549 0.000000000 0.004600000 0.007413758
1550 0.360000000 0.005200000 0.007809765
1551 0.000000000 0.005900000 0.008215428
1552 0.200000000 0.007500000 0.008620723
1553 0.320000000 0.008300000 0.009044024
1554 0.120000000 0.011100000 0.009479797
1555 0.000000000 0.012100000 0.009906157
1556 0.360000000 0.014300000 0.010338259
1557 0.240000000 0.015300000 0.010792034
1558 0.800000000 0.016500000 0.011300290
1559 0.440000000 0.018900000 0.011879159
1560 0.600000000 0.020100000 0.012515440
1561 1.000000000 0.021300000 0.013257653
1562 0.080000000 0.024000000 0.014063964
1563 0.720000000 0.026700000 0.014911539
1564 0.280000000 0.029400000 0.015817826
1565 0.000000000 0.032200000 0.018364127
1566 0.320000000 0.035200000 0.021212116
1567 0.400000000 0.036700000 0.024145953
1568 0.280000000 0.041200000 0.027144590
1569 0.080000000 0.045900000 0.030080370
1570 0.240000000 0.047500000 0.032928511
1571 0.000000000 0.050900000 0.035645254
1572 0.400000000 0.052500000 0.038290867
1573 0.520000000 0.055800000 0.041077123
1574 0.680000000 0.057600000 0.044121574
1575 0.200000000 0.059300000 0.047273685
1576 0.200000000 0.061000000 0.050308880
1577 0.600000000 0.061000000 0.053411292
1578 0.080000000 0.062800000 0.056510428
1579 0.120000000 0.064500000 0.059364830
1580 0.680000000 0.068100000 0.062279073
1581 0.120000000 0.069900000 0.065239147
1582 0.200000000 0.069900000 0.067988823
1583 0.840000000 0.071800000 0.070920236
1584 0.000000000 0.075300000 0.073902842
1585 1.000000000 0.077300000 0.077034460
1586 0.640000000 0.079200000 0.080664148
1587 0.560000000 0.082800000 0.084519826
1588 0.720000000 0.084800000 0.088640988
1589 0.280000000 0.090600000 0.092836123
1590 0.440000000 0.094500000 0.096922160
1591 0.360000000 0.100500000 0.100941637
1592 0.320000000 0.104500000 0.104807976
1593 0.400000000 0.110700000 0.108545321
1594 0.400000000 0.116900000 0.112204164
1595 0.440000000 0.121000000 0.115808108
1596 0.560000000 0.125300000 0.119466819
1597 0.200000000 0.129600000 0.122990844
1598 0.400000000 0.131700000 0.126267057
1599 0.600000000 0.136000000 0.129599376
1600 0.320000000 0.140400000 0.132911641
1601 0.520000000 0.142600000 0.136142198
1602 0.080000000 0.144800000 0.139093353
1603 0.640000000 0.147100000 0.141882072
1604 0.280000000 0.151500000 0.144659666
1605 0.000000000 0.153800000 0.146906353
1606 0.000000000 0.156000000 0.148430335
1607 0.160000000 0.156000000 0.149415890
1608 0.120000000 0.158300000 0.150000621
1609 0.000000000 0.158300000 0.150086898
1610 0.000000000 0.158300000 0.149625086
1611 0.000000000 0.160600000 0.148670850
1612 0.120000000 0.158300000 0.147376608
1613 0.000000000 0.158300000 0.145779606
1614 0.080000000 0.156000000 0.143888990
1615 0.000000000 0.156000000 0.141741920
1616 0.000000000 0.151500000 0.139313626
1617 0.000000000 0.151500000 0.136645572
1618 0.000000000 0.149300000 0.133775861
1619 0.320000000 0.147100000 0.130983732
1620 0.000000000 0.144800000 0.128260948
1621 0.000000000 0.140400000 0.125376500
1622 0.000000000 0.136000000 0.122360247
1623 0.400000000 0.133800000 0.119528984
1624 0.000000000 0.129600000 0.116859822
1625 0.920000000 0.125300000 0.114717805
1626 0.920000000 0.121000000 0.113675017
1627 0.400000000 0.119000000 0.113255103
1628 0.600000000 0.114700000 0.113186426
1629 0.280000000 0.112700000 0.113349128
1630 0.520000000 0.110700000 0.113673430
1631 0.200000000 0.108600000 0.114083492
1632 0.280000000 0.108600000 0.114408415
1633 0.080000000 0.108600000 0.114567965
1634 0.080000000 0.108600000 0.114438797
1635 0.000000000 0.108600000 0.113990702
1636 0.000000000 0.108600000 0.113200232
1637 0.000000000 0.108600000 0.112103123
1638 0.000000000 0.106500000 0.110733671
1639 0.120000000 0.106500000 0.109207098
1640 0.400000000 0.104500000 0.107815488
1641 0.640000000 0.104500000 0.106896005
1642 0.800000000 0.104500000 0.106670490
1643 0.200000000 0.102500000 0.106773910
1644 0.720000000 0.100500000 0.107135612
1645 0.680000000 0.100500000 0.108051662
1646 0.800000000 0.100500000 0.109535364
1647 0.920000000 0.102500000 0.111711364
1648 0.720000000 0.102500000 0.114477141
1649 0.560000000 0.104500000 0.117543907
1650 0.440000000 0.106500000 0.120690917
1651 0.080000000 0.108600000 0.123555737
1652 0.000000000 0.112700000 0.125826588
1653 0.000000000 0.116900000 0.127476500
1654 0.360000000 0.121000000 0.128817505
1655 0.000000000 0.123100000 0.129861057
1656 0.000000000 0.125300000 0.130362099
1657 0.120000000 0.127400000 0.130457029
1658 0.120000000 0.127400000 0.130270703
1659 0.320000000 0.129600000 0.129981982
1660 0.360000000 0.129600000 0.129778887
1661 0.000000000 0.129600000 0.129409889
1662 0.240000000 0.129600000 0.128809399
1663 0.480000000 0.127400000 0.128358323
1664 0.000000000 0.129600000 0.127856682
1665 0.000000000 0.127400000 0.126961220
1666 0.000000000 0.127400000 0.125714258
1667 0.120000000 0.127400000 0.124245274
1668 0.000000000 0.127400000 0.122579611
1669 0.000000000 0.125300000 0.120658905
1670 0.000000000 0.123100000 0.118517756
1671 0.800000000 0.123100000 0.116759849
1672 0.120000000 0.121000000 0.115414933
1673 0.200000000 0.119000000 0.114033021
1674 0.720000000 0.116900000 0.113041028
1675 0.800000000 0.114700000 0.112811260
1676 0.200000000 0.112700000 0.112907468
1677 0.600000000 0.110700000 0.113173280
1678 0.280000000 0.110700000 0.113641666
1679 0.720000000 0.110700000 0.114386817
1680 0.000000000 0.110700000 0.115177251
1681 0.280000000 0.110700000 0.115709975
1682 0.240000000 0.112700000 0.116169889
1683 0.280000000 0.112700000 0.116562895
1684 0.000000000 0.114700000 0.116721096
1685 0.320000000 0.114700000 0.116699183
1686 0.080000000 0.116900000 0.116563433
1687 0.120000000 0.116900000 0.116186919
1688 0.200000000 0.119000000 0.115677580
1689 0.000000000 0.119000000 0.114962411
1690 0.280000000 0.119000000 0.114124091
1691 0.440000000 0.119000000 0.113480488
1692 0.000000000 0.119000000 0.112814226
1693 0.120000000 0.119000000 0.111914705
1694 0.480000000 0.119000000 0.111138686
1695 0.400000000 0.119000000 0.110662575
1696 0.000000000 0.119000000 0.110128240
1697 0.120000000 0.119000000 0.109357556
1698 0.000000000 0.116900000 0.108373069
1699 0.480000000 0.116900000 0.107446878
1700 0.000000000 0.116900000 0.106565591
1701 0.080000000 0.116900000 0.105466014
1702 0.320000000 0.114700000 0.104386493
1703 0.600000000 0.114700000 0.103670585
1704 0.000000000 0.110700000 0.103065517
1705 0.000000000 0.110700000 0.102175070
1706 0.000000000 0.108600000 0.101029617
1707 0.640000000 0.108600000 0.100077834
1708 0.360000000 0.106500000 0.099525766
1709 0.560000000 0.104500000 0.099290151
1710 0.360000000 0.102500000 0.099339467
1711 0.640000000 0.102500000 0.099705734
1712 0.280000000 0.100500000 0.100304928
1713 0.400000000 0.100500000 0.100966681
1714 0.600000000 0.100500000 0.101894718
1715 0.240000000 0.100500000 0.102957521
1716 0.760000000 0.100500000 0.104258202
1717 0.120000000 0.100500000 0.105686811
1718 0.680000000 0.102500000 0.107190720
1719 0.600000000 0.104500000 0.109081014
1720 0.720000000 0.104500000 0.111360593
1721 0.200000000 0.108600000 0.113719036
1722 0.200000000 0.110700000 0.115788037
1723 0.720000000 0.114700000 0.117954738
1724 0.920000000 0.116900000 0.120722042
1725 0.480000000 0.121000000 0.123870966
1726 0.960000000 0.125300000 0.127417062
1727 1.120000000 0.129600000 0.131814414
1728 0.880000000 0.136000000 0.136956473
1729 1.360000000 0.140400000 0.143009073
1730 1.280000000 0.149300000 0.150256654
1731 0.880000000 0.158300000 0.158257452
1732 1.120000000 0.167400000 0.166851862
1733 0.880000000 0.179100000 0.176001296
1734 0.920000000 0.188500000 0.185491076
1735 1.200000000 0.198200000 0.195596104
1736 0.920000000 0.212900000 0.206266567
1737 1.240000000 0.222700000 0.217511304
1738 0.960000000 0.232700000 0.229314358
1739 1.120000000 0.245500000 0.241503346
1740 1.120000000 0.255800000 0.254203856
1741 0.880000000 0.271500000 0.267074427
1742 1.040000000 0.284800000 0.279975569
1743 0.480000000 0.295500000 0.292346266
1744 1.120000000 0.306200000 0.304290152
1745 0.560000000 0.317200000 0.315853881
1746 0.600000000 0.325500000 0.326340887
1747 0.800000000 0.333800000 0.336103967
1748 0.200000000 0.345000000 0.344583030
1749 0.680000000 0.350700000 0.351706928
1750 0.720000000 0.356300000 0.358280575
1751 0.280000000 0.362000000 0.363744695
1752 0.200000000 0.364800000 0.367448995
1753 0.520000000 0.370500000 0.369917453
1754 0.200000000 0.370500000 0.371255645
1755 0.360000000 0.373400000 0.371372337
1756 0.520000000 0.373400000 0.370875201
1757 0.200000000 0.370500000 0.369597356
1758 0.000000000 0.370500000 0.366903155
1759 0.480000000 0.367700000 0.363412426
1760 0.400000000 0.364800000 0.359797659
1761 0.200000000 0.362000000 0.355695970
1762 0.480000000 0.359100000 0.351319468
1763 0.320000000 0.353400000 0.346879282
1764 0.120000000 0.347800000 0.341911636
1765 0.200000000 0.342200000 0.336361203
1766 0.680000000 0.336600000 0.331098784
1767 0.080000000 0.333800000 0.325918156
1768 0.240000000 0.325500000 0.320275965
1769 0.360000000 0.320000000 0.314627154
1770 0.400000000 0.311800000 0.309201295
1771 0.120000000 0.306200000 0.303679043
1772 0.120000000 0.300800000 0.297757391
1773 0.440000000 0.295500000 0.291925053
1774 0.320000000 0.287400000 0.286428252
1775 0.120000000 0.282100000 0.280856302
1776 0.080000000 0.276800000 0.274964606
1777 0.200000000 0.271500000 0.268924718
1778 0.280000000 0.266200000 0.263016027
1779 0.000000000 0.261000000 0.257011027
1780 0.440000000 0.253300000 0.251146112
1781 0.080000000 0.248100000 0.245498346
1782 0.080000000 0.240300000 0.239677410
1783 0.120000000 0.235300000 0.233778789
1784 0.000000000 0.230300000 0.227753502
1785 0.280000000 0.222700000 0.221821236
1786 0.400000000 0.217700000 0.216398993
1787 0.120000000 0.210300000 0.211267917
1788 0.000000000 0.203100000 0.206015543
1789 0.080000000 0.198200000 0.200646721
1790 0.000000000 0.188500000 0.195199048
1791 0.000000000 0.181500000 0.189634255
1792 0.000000000 0.176800000 0.183994401
1793 0.080000000 0.172200000 0.178389511
1794 0.280000000 0.167400000 0.173089588
1795 0.000000000 0.162900000 0.167995667
1796 0.000000000 0.162900000 0.162863878
1797 0.000000000 0.156000000 0.157721886
1798 0.000000000 0.153800000 0.152593459
1799 0.120000000 0.149300000 0.147597255
1800 0.000000000 0.144800000 0.142732107
1801 0.000000000 0.142600000 0.137907979
1802 0.120000000 0.136000000 0.133232024
1803 0.000000000 0.131700000 0.128699378
1804 0.400000000 0.127400000 0.124518593
1805 0.000000000 0.123100000 0.120647296
1806 0.000000000 0.119000000 0.116779759
1807 0.080000000 0.114700000 0.112986445
1808 0.000000000 0.110700000 0.109269819
1809 0.000000000 0.106500000 0.105580850
1810 0.000000000 0.102500000 0.101929675
1811 0.000000000 0.100500000 0.098324883
1812 0.000000000 0.096500000 0.094773688
1813 0.000000000 0.094500000 0.091282076
1814 0.000000000 0.090600000 0.087854950
1815 0.000000000 0.088600000 0.084496258
1816 0.000000000 0.084800000 0.081209107
1817 0.000000000 0.082800000 0.077995864
1818 0.000000000 0.079200000 0.074858258
1819 0.000000000 0.077300000 0.071797454
1820 0.000000000 0.075300000 0.068814135
1821 0.000000000 0.073500000 0.065908564
1822 0.000000000 0.069900000 0.063080645
1823 0.000000000 0.068100000 0.060329975
1824 0.000000000 0.066300000 0.057655890
1825 0.000000000 0.064500000 0.055057507
1826 0.000000000 0.062800000 0.052533759
1827 0.000000000 0.061000000 0.050083424
1828 0.000000000 0.057600000 0.047705157
1829 0.000000000 0.055800000 0.045397514
1830 0.000000000 0.054200000 0.043158968
1831 0.000000000 0.054200000 0.040987934
1832 0.000000000 0.052500000 0.038882779
1833 0.000000000 0.050900000 0.036841841
1834 0.000000000 0.049200000 0.034863437
1835 0.000000000 0.047500000 0.032945874
1836 0.000000000 0.045900000 0.031087461
1837 0.000000000 0.044400000 0.029286512
1838 0.000000000 0.044400000 0.027541355
1839 0.000000000 0.042800000 0.025850335
1840 0.000000000 0.039700000 0.024211822
1841 0.000000000 0.038200000 0.022624212
1842 0.000000000 0.038200000 0.021085930
1843 0.000000000 0.036700000 0.019595435
1844 0.000000000 0.035200000 0.018151217
1845 0.000000000 0.035200000 0.016751804
1846 0.000000000 0.033700000 0.015793234
1847 0.000000000 0.032200000 0.015386913
1848 0.000000000 0.030800000 0.014993149
1849 0.000000000 0.030800000 0.014611533
1850 0.000000000 0.029400000 0.014241666
1851 0.000000000 0.029400000 0.013883164
1852 0.000000000 0.028000000 0.013535653
1853 0.000000000 0.028000000 0.013198770
1854 0.000000000 0.026700000 0.012872164
1855 0.000000000 0.026700000 0.012555496
1856 0.000000000 0.025300000 0.012248436
1857 0.000000000 0.025300000 0.011950667
1858 0.000000000 0.024000000 0.011661881
1859 0.000000000 0.024000000 0.011381779
1860 0.000000000 0.022600000 0.011110076
1861 0.000000000 0.022600000 0.010846493
1862 0.000000000 0.022600000 0.010590761
1863 0.000000000 0.021300000 0.010342622
1864 0.000000000 0.021300000 0.010101825
1865 0.000000000 0.021300000 0.009868129
1866 0.000000000 0.020100000 0.009641300
1867 0.000000000 0.020100000 0.009421114
1868 0.000000000 0.020100000 0.009207351
1869 0.000000000 0.018900000 0.008999804
1870 0.000000000 0.018900000 0.008798269
1871 0.000000000 0.018900000 0.008602551
1872 0.000000000 0.017700000 0.008412461
1873 0.000000000 0.017700000 0.008227817
1874 0.000000000 0.017700000 0.008048443
1875 0.000000000 0.016500000 0.007874171
1876 0.000000000 0.016500000 0.007704835
1877 0.000000000 0.016500000 0.007540278
1878 0.000000000 0.015300000 0.007380349
1879 0.000000000 0.015300000 0.007224899
1880 0.000000000 0.015300000 0.007073786
1881 0.000000000 0.014300000 0.006926874
1882 0.000000000 0.014300000 0.006784030
1883 0.000000000 0.014300000 0.006645126
1884 0.000000000 0.014300000 0.006510040
1885 0.000000000 0.013200000 0.006378651
1886 0.000000000 0.013200000 0.006250846
1887 0.000000000 0.013200000 0.006126512
1888 0.000000000 0.012100000 0.006005543
1889 0.000000000 0.012100000 0.005887835
1890 0.000000000 0.012100000 0.005773288
1891 0.000000000 0.012100000 0.005661805
1892 0.000000000 0.011100000 0.005553294
1893 0.000000000 0.011100000 0.005447663
1894 0.000000000 0.011100000 0.005344826
1895 0.000000000 0.011100000 0.005244699
1896 0.000000000 0.010200000 0.005147199
1897 0.000000000 0.010200000 0.005052249
1898 0.000000000 0.010200000 0.004959772
1899 0.000000000 0.010200000 0.004869695
1900 0.000000000 0.010200000 0.004781947
1901 0.000000000 0.009200000 0.004696459
1902 0.000000000 0.009200000 0.004613164
1903 0.000000000 0.009200000 0.004531998
1904 0.000000000 0.009200000 0.004452899
1905 0.000000000 0.007500000 0.004375808
1906 0.000000000 0.007500000 0.004300665
1907 0.000000000 0.007500000 0.004227414
1908 0.000000000 0.007500000 0.004156002
1909 0.000000000 0.007500000 0.004086374
1910 0.000000000 0.006700000 0.004018481
1911 0.000000000 0.006700000 0.003952273
1912 0.000000000 0.006700000 0.003887701
1913 0.000000000 0.006700000 0.003824720
1914 0.000000000 0.006700000 0.003763285
1915 0.000000000 0.005900000 0.003703353
1916 0.000000000 0.005900000 0.003644880
1917 0.000000000 0.005900000 0.003587828
1918 0.000000000 0.005900000 0.003532156
1919 0.000000000 0.005900000 0.003477825
1920 0.000000000 0.005200000 0.003424800
1921 0.000000000 0.005200000 0.003373044
1922 0.000000000 0.005200000 0.003322522
1923 0.000000000 0.005200000 0.003273200
1924 0.000000000 0.005200000 0.003225047
1925 0.000000000 0.005200000 0.003178030
1926 0.000000000 0.005200000 0.003132118
1927 0.000000000 0.004600000 0.003087283
1928 0.000000000 0.004600000 0.003043494
1929 0.000000000 0.004600000 0.003000724
1930 0.000000000 0.004600000 0.002958946
1931 0.000000000 0.004600000 0.002918133
1932 0.000000000 0.004200000 0.002878260
1933 0.000000000 0.004200000 0.002839302
1934 0.000000000 0.004200000 0.002801235
1935 0.000000000 0.004200000 0.002764036
1936 0.000000000 0.004200000 0.002727682
1937 0.000000000 0.004200000 0.002692151
1938 0.000000000 0.004200000 0.002657421
1939 0.000000000 0.004200000 0.002623472
1940 0.000000000 0.003900000 0.002590284
1941 0.000000000 0.003900000 0.002557837
1942 0.000000000 0.003900000 0.002526113
1943 0.000000000 0.003900000 0.002495092
1944 0.000000000 0.003900000 0.002464758
1945 0.000000000 0.003900000 0.002435091
1946 0.000000000 0.003900000 0.002406077
1947 0.000000000 0.003900000 0.002377697
1948 0.000000000 0.003900000 0.002349937
1949 0.000000000 0.003900000 0.002322781
1950 0.000000000 0.003900000 0.002296213
1951 0.000000000 0.003900000 0.002270220
1952 0.000000000 0.003900000 0.002244786
1953 0.000000000 0.003900000 0.002219899
1954 0.000000000 0.003900000 0.002195543
1955 0.000000000 0.003900000 0.002171708
1956 0.000000000 0.003800000 0.002148379
1957 0.000000000 0.003800000 0.002125545
1958 0.000000000 0.003800000 0.002103192
1959 0.000000000 0.003800000 0.002081311
1960 0.000000000 0.003800000 0.002059889
1961 0.000000000 0.003800000 0.002038915
1962 0.000000000 0.003800000 0.002018379
1963 0.000000000 0.003800000 0.001998270
1964 0.000000000 0.003800000 0.001978577
1965 0.000000000 0.003800000 0.001959291
1966 0.000000000 0.003800000 0.001940403
1967 0.000000000 0.003800000 0.001921902
1968 0.000000000 0.003800000 0.001903780
1969 0.000000000 0.003800000 0.001886028
1970 0.000000000 0.003800000 0.001868637
1971 0.000000000 0.003800000 0.001851599
1972 0.000000000 0.003800000 0.001834905
1973 0.000000000 0.003800000 0.001818548
1974 0.000000000 0.003800000 0.001802519
1975 0.000000000 0.003800000 0.001786811
1976 0.000000000 0.003800000 0.001771417
1977 0.000000000 0.003800000 0.001756330
1978 0.000000000 0.003800000 0.001741542
1979 0.000000000 0.003800000 0.001727046
1980 0.000000000 0.003800000 0.001712837
1981 0.000000000 0.003800000 0.001698907
1982 0.000000000 0.003800000 0.001685250
1983 0.000000000 0.003800000 0.001671860
1984 0.000000000 0.003800000 0.001658731
1985 0.000000000 0.003800000 0.001645857
1986 0.000000000 0.003800000 0.001633233
1987 0.000000000 0.003800000 0.001620853
