
Paramer Value for SCE-UA
  nopt=7  nc=20  ncp=15  nscp=8  ntp=300  maxgene=50

Input Values for USF Model
  ndata=1987  I=0.00170  ET=0.00000  OUT=0.00000  qRmax=0.03300  qR0=0.00000

Lower and Upper Boundaries for Paremeter Searching
  bl=[   10.0     100.0   0.0010   0.1000   0.1000     0.0   0.100]
  bu=[  500.0    5000.0   0.0500   1.0000   1.0000    50.0   1.000]

 SCE-UA Run Number -->  1

 GeneNo-->  1  xf=0.0355136   x=155.728783  464.019085  0.011624  0.564324  0.673082  34.785876  0.411563
 GeneNo-->  2  xf=0.0355136   x=155.728783  464.019085  0.011624  0.564324  0.673082  34.785876  0.411563
 GeneNo-->  3  xf=0.0280389   x=33.081007  379.510595  0.025400  0.364331  0.155155  10.513617  0.236575
 GeneNo-->  4  xf=0.0195834   x=104.518946  293.894396  0.004946  0.274166  0.353957  38.095443  0.711855
 GeneNo-->  5  xf=0.0195834   x=104.518946  293.894396  0.004946  0.274166  0.353957  38.095443  0.711855
 GeneNo-->  6  xf=0.0175358   x=64.960685  467.786205  0.011285  0.761444  0.452462  0.409793  0.374255
 GeneNo-->  7  xf=0.0114728   x=52.905410  134.884168  0.007220  0.513229  0.672834  3.308151  0.626892
 GeneNo-->  8  xf=0.0070066   x=42.741852  597.922239  0.010336  0.570282  0.563933  1.393411  0.756010
 GeneNo-->  9  xf=0.0070066   x=42.741852  597.922239  0.010336  0.570282  0.563933  1.393411  0.756010
 GeneNo--> 10  xf=0.0067685   x=44.767301  497.009923  0.010117  0.536967  0.409726  3.045383  0.578217
 GeneNo--> 11  xf=0.0063240   x=43.546126  474.184351  0.009070  0.524922  0.446042  1.874842  0.749266
 GeneNo--> 12  xf=0.0062608   x=41.387561  524.767622  0.010778  0.515669  0.391507  2.809201  0.692807
 GeneNo--> 13  xf=0.0059207   x=43.178675  522.149674  0.010191  0.613582  0.465517  0.387363  0.719927
 GeneNo--> 14  xf=0.0057571   x=44.470888  589.130379  0.009732  0.579288  0.338938  1.258847  0.793384
 GeneNo--> 15  xf=0.0056456   x=42.880119  680.083366  0.010448  0.627316  0.246762  0.006006  0.697515
 GeneNo--> 16  xf=0.0055489   x=43.588638  632.864722  0.009952  0.612746  0.269488  0.241008  0.738679
 GeneNo--> 17  xf=0.0055459   x=44.233892  668.459490  0.009863  0.601991  0.230960  0.608635  0.720790
 GeneNo--> 18  xf=0.0055040   x=44.240775  641.884024  0.009857  0.627638  0.253152  0.001484  0.680340
 GeneNo--> 19  xf=0.0055040   x=44.240775  641.884024  0.009857  0.627638  0.253152  0.001484  0.680340
 GeneNo--> 20  xf=0.0055040   x=44.240775  641.884024  0.009857  0.627638  0.253152  0.001484  0.680340
 GeneNo--> 21  xf=0.0055017   x=44.238560  649.895596  0.009870  0.629610  0.253201  0.002566  0.690699
 GeneNo--> 22  xf=0.0055003   x=44.220978  640.068370  0.009850  0.627317  0.261829  0.012518  0.688368
 GeneNo--> 23  xf=0.0055000   x=44.272182  637.998681  0.009869  0.627362  0.262412  0.037435  0.693864
 GeneNo--> 24  xf=0.0054995   x=44.174041  641.639279  0.009891  0.628526  0.257697  0.005047  0.689683
 GeneNo--> 25  xf=0.0054992   x=44.189491  637.332208  0.009871  0.627796  0.261694  0.003860  0.690179
 GeneNo--> 26  xf=0.0054992   x=44.189491  637.332208  0.009871  0.627796  0.261694  0.003860  0.690179
 GeneNo--> 27  xf=0.0054992   x=44.210644  639.061130  0.009873  0.628209  0.260455  0.000131  0.690530
 GeneNo--> 28  xf=0.0054992   x=44.224205  637.334036  0.009871  0.628402  0.261299  0.000094  0.690553
 GeneNo--> 29  xf=0.0054992   x=44.217819  637.753301  0.009871  0.628386  0.261360  0.000177  0.690532
 GeneNo--> 30  xf=0.0054992   x=44.206115  637.702457  0.009874  0.628311  0.261349  0.000328  0.690867
 GeneNo--> 31  xf=0.0054992   x=44.206872  638.094363  0.009876  0.628413  0.261023  0.000113  0.690792
 GeneNo--> 32  xf=0.0054992   x=44.211312  637.893479  0.009874  0.628382  0.261209  0.000328  0.690900
 GeneNo--> 33  xf=0.0054992   x=44.211545  637.877942  0.009874  0.628371  0.261158  0.000058  0.690880
 GeneNo--> 34  xf=0.0054992   x=44.211238  637.815531  0.009874  0.628371  0.261239  0.000034  0.690793
 GeneNo--> 35  xf=0.0054992   x=44.211238  637.815531  0.009874  0.628371  0.261239  0.000034  0.690793
 GeneNo--> 36  xf=0.0054992   x=44.212272  637.812906  0.009873  0.628360  0.261220  0.000026  0.690791
 GeneNo--> 37  xf=0.0054992   x=44.210828  637.918950  0.009874  0.628369  0.261157  0.000015  0.690782
 GeneNo--> 38  xf=0.0054992   x=44.211299  637.901902  0.009874  0.628360  0.261159  0.000011  0.690806
 GeneNo--> 39  xf=0.0054992   x=44.211305  637.908422  0.009874  0.628370  0.261156  0.000012  0.690797
 GeneNo--> 40  xf=0.0054992   x=44.210791  637.900537  0.009874  0.628366  0.261165  0.000003  0.690794
 GeneNo--> 41  xf=0.0054992   x=44.211104  637.898736  0.009874  0.628367  0.261164  0.000001  0.690786
 GeneNo--> 42  xf=0.0054992   x=44.210906  637.904406  0.009874  0.628367  0.261162  0.000001  0.690796
 GeneNo--> 43  xf=0.0054992   x=44.210874  637.901031  0.009874  0.628364  0.261160  0.000001  0.690793
 GeneNo--> 44  xf=0.0054992   x=44.210942  637.884277  0.009874  0.628364  0.261171  0.000000  0.690800
 GeneNo--> 45  xf=0.0054992   x=44.210942  637.884277  0.009874  0.628364  0.261171  0.000000  0.690800
 GeneNo--> 46  xf=0.0054992   x=44.210892  637.892179  0.009874  0.628363  0.261167  0.000000  0.690791
 GeneNo--> 47  xf=0.0054992   x=44.210914  637.891858  0.009874  0.628364  0.261168  0.000000  0.690794
 GeneNo--> 48  xf=0.0054992   x=44.210914  637.891858  0.009874  0.628364  0.261168  0.000000  0.690794
 GeneNo--> 49  xf=0.0054992   x=44.210909  637.890857  0.009874  0.628364  0.261168  0.000000  0.690794
 GeneNo--> 50  xf=0.0054992   x=44.210905  637.892145  0.009874  0.628364  0.261167  0.000000  0.690794
Erro Evaluation Value
  RMSE=0.005511  NSE=0.9917

Œo‰ßŽžŠÔ‚Í 1129.919504 •b‚Å‚·B
>> 