Urban Storage Function Model Solved by R-K-G Method

   k       rain       obsq       calq
   0                         0.0012
   1 0.000000000 0.001200000 0.001200017
   2 0.280000000 0.001200000 0.001209825
   3 0.000000000 0.001200000 0.001228956
   4 0.000000000 0.001200000 0.001247389
   5 0.000000000 0.001200000 0.001265132
   6 0.000000000 0.001200000 0.001282194
   7 0.120000000 0.001200000 0.001303054
   8 0.000000000 0.001200000 0.001327585
   9 0.000000000 0.001200000 0.001351224
  10 0.000000000 0.001200000 0.001373974
  11 0.000000000 0.001200000 0.001395843
  12 0.000000000 0.001200000 0.001416843
  13 0.000000000 0.001200000 0.001436986
  14 0.000000000 0.001200000 0.001456289
  15 0.000000000 0.001200000 0.001474770
  16 0.000000000 0.001200000 0.001492447
  17 0.000000000 0.001200000 0.001509341
  18 0.000000000 0.001200000 0.001525474
  19 0.000000000 0.001200000 0.001540867
  20 0.000000000 0.001200000 0.001555545
  21 0.000000000 0.001200000 0.001569529
  22 0.000000000 0.001200000 0.001582843
  23 0.000000000 0.001200000 0.001595511
  24 0.000000000 0.001200000 0.001607556
  25 0.000000000 0.001200000 0.001619001
  26 0.000000000 0.001200000 0.001629869
  27 0.000000000 0.001200000 0.001640182
  28 0.000000000 0.001200000 0.001649964
  29 0.000000000 0.001200000 0.001659234
  30 0.000000000 0.001200000 0.001668015
  31 0.000000000 0.001200000 0.001676327
  32 0.000000000 0.001200000 0.001684191
  33 0.000000000 0.001200000 0.001691625
  34 0.000000000 0.001200000 0.001698649
  35 0.000000000 0.001200000 0.001705281
  36 0.000000000 0.001200000 0.001711539
  37 0.000000000 0.001200000 0.001717440
  38 0.000000000 0.001200000 0.001723000
  39 0.000000000 0.001200000 0.001728235
  40 0.000000000 0.001200000 0.001733160
  41 0.000000000 0.001200000 0.001737790
  42 0.000000000 0.001200000 0.001742139
  43 0.000000000 0.001200000 0.001746220
  44 0.000000000 0.001200000 0.001750047
  45 0.320000000 0.001200000 0.001768733
  46 0.000000000 0.001200000 0.001801508
  47 0.000000000 0.001200000 0.001832840
  48 0.000000000 0.001200000 0.001862753
  49 0.000000000 0.001200000 0.001891275
  50 0.000000000 0.001200000 0.001918439
  51 0.000000000 0.001200000 0.001944279
  52 0.000000000 0.001200000 0.001968831
  53 0.000000000 0.001200000 0.001992134
  54 0.000000000 0.001200000 0.002014228
  55 0.000000000 0.001200000 0.002035153
  56 0.000000000 0.001200000 0.002054950
  57 0.000000000 0.001200000 0.002073660
  58 0.000000000 0.001200000 0.002091324
  59 0.000000000 0.001200000 0.002107983
  60 0.000000000 0.001200000 0.002123678
  61 0.000000000 0.001200000 0.002138448
  62 0.000000000 0.001200000 0.002152333
  63 0.000000000 0.001200000 0.002165370
  64 0.000000000 0.001200000 0.002177598
  65 0.000000000 0.001200000 0.002189051
  66 0.000000000 0.001200000 0.002199766
  67 0.000000000 0.001200000 0.002209777
  68 0.000000000 0.001200000 0.002219116
  69 0.000000000 0.001200000 0.002227817
  70 0.000000000 0.001200000 0.002235908
  71 0.000000000 0.001200000 0.002243421
  72 0.000000000 0.001200000 0.002250383
  73 0.000000000 0.001200000 0.002256823
  74 0.000000000 0.001200000 0.002262765
  75 0.000000000 0.001200000 0.002268236
  76 0.000000000 0.001200000 0.002273259
  77 0.000000000 0.001200000 0.002277858
  78 0.000000000 0.001200000 0.002282054
  79 0.000000000 0.001200000 0.002285869
  80 0.000000000 0.001200000 0.002289322
  81 0.000000000 0.001200000 0.002292433
  82 0.000000000 0.001200000 0.002295220
  83 0.000000000 0.001200000 0.002297700
  84 0.000000000 0.001200000 0.002299890
  85 0.000000000 0.001200000 0.002301806
  86 0.000000000 0.001200000 0.002303462
  87 0.000000000 0.001200000 0.002304872
  88 0.000000000 0.001200000 0.002306051
  89 0.000000000 0.001200000 0.002307012
  90 0.000000000 0.001200000 0.002307765
  91 0.000000000 0.001300000 0.002308324
  92 0.000000000 0.001300000 0.002308698
  93 0.000000000 0.001300000 0.002308899
  94 0.080000000 0.001300000 0.002313502
  95 0.000000000 0.001200000 0.002322181
  96 0.000000000 0.001200000 0.002330227
  97 0.000000000 0.001200000 0.002337670
  98 0.000000000 0.001200000 0.002344542
  99 0.000000000 0.001200000 0.002350869
 100 0.000000000 0.001200000 0.002356682
 101 0.000000000 0.001200000 0.002362005
 102 0.000000000 0.001200000 0.002366864
 103 0.000000000 0.001200000 0.002371283
 104 0.000000000 0.001200000 0.002375286
 105 0.000000000 0.001200000 0.002378895
 106 0.000000000 0.001300000 0.002382130
 107 0.000000000 0.001300000 0.002385011
 108 0.000000000 0.001300000 0.002387559
 109 0.000000000 0.001300000 0.002389790
 110 0.000000000 0.001300000 0.002391722
 111 0.000000000 0.001300000 0.002393372
 112 0.000000000 0.001300000 0.002394755
 113 0.000000000 0.001300000 0.002395887
 114 0.200000000 0.001300000 0.002408495
 115 0.000000000 0.001300000 0.002431798
 116 0.000000000 0.001300000 0.002453709
 117 0.280000000 0.001300000 0.002491044
 118 0.000000000 0.001300000 0.002543013
 119 0.000000000 0.001300000 0.002592393
 120 0.000000000 0.001300000 0.002639236
 121 0.320000000 0.001300000 0.002703805
 122 0.000000000 0.001300000 0.002785439
 123 0.120000000 0.001300000 0.002871299
 124 0.000000000 0.001300000 0.002961175
 125 0.000000000 0.001300000 0.003046981
 126 0.000000000 0.001300000 0.003128716
 127 0.000000000 0.001300000 0.003206405
 128 0.000000000 0.001300000 0.003280096
 129 0.000000000 0.001300000 0.003349853
 130 0.000000000 0.001300000 0.003415759
 131 0.000000000 0.001300000 0.003477906
 132 0.000000000 0.001300000 0.003536398
 133 0.000000000 0.001300000 0.003591347
 134 0.000000000 0.001300000 0.003642869
 135 0.000000000 0.001300000 0.003691087
 136 0.000000000 0.001300000 0.003736125
 137 0.000000000 0.001300000 0.003778108
 138 0.000000000 0.001300000 0.003817163
 139 0.000000000 0.001300000 0.003853416
 140 0.000000000 0.001300000 0.003886992
 141 0.000000000 0.001300000 0.003918014
 142 0.000000000 0.001300000 0.003946601
 143 0.280000000 0.001300000 0.003995448
 144 0.000000000 0.001300000 0.004063228
 145 0.000000000 0.001300000 0.004126699
 146 0.000000000 0.001300000 0.004186011
 147 0.000000000 0.001300000 0.004241317
 148 0.000000000 0.001300000 0.004292775
 149 0.000000000 0.001300000 0.004340544
 150 0.120000000 0.001300000 0.004395038
 151 0.000000000 0.001300000 0.004455747
 152 0.320000000 0.001300000 0.004540063
 153 0.080000000 0.001300000 0.004653692
 154 0.000000000 0.001300000 0.004767678
 155 0.000000000 0.001300000 0.004874870
 156 0.000000000 0.001300000 0.004975431
 157 0.080000000 0.001300000 0.005076993
 158 0.120000000 0.001300000 0.005190666
 159 0.000000000 0.001300000 0.005308361
 160 0.000000000 0.001300000 0.005418589
 161 0.000000000 0.001300000 0.005521563
 162 0.000000000 0.001300000 0.005617517
 163 0.000000000 0.001300000 0.005706697
 164 0.000000000 0.001300000 0.005789362
 165 0.000000000 0.001300000 0.005865774
 166 0.000000000 0.001300000 0.005936201
 167 0.000000000 0.001300000 0.006000913
 168 0.000000000 0.001300000 0.006060176
 169 0.000000000 0.001300000 0.006114254
 170 0.000000000 0.001300000 0.006163408
 171 0.000000000 0.001300000 0.006207891
 172 0.000000000 0.001300000 0.006247951
 173 0.000000000 0.001300000 0.006283827
 174 0.000000000 0.001300000 0.006315752
 175 0.000000000 0.001300000 0.006343949
 176 0.000000000 0.001300000 0.006368634
 177 0.000000000 0.001300000 0.006390011
 178 0.000000000 0.001300000 0.006408279
 179 0.000000000 0.001300000 0.006423626
 180 0.000000000 0.001300000 0.006436230
 181 0.000000000 0.001300000 0.006446264
 182 0.000000000 0.001300000 0.006453890
 183 0.000000000 0.001300000 0.006459261
 184 0.000000000 0.001300000 0.006462523
 185 0.000000000 0.001300000 0.006463815
 186 0.000000000 0.001300000 0.006463268
 187 0.000000000 0.001300000 0.006461005
 188 0.000000000 0.001300000 0.006457142
 189 0.000000000 0.001300000 0.006451790
 190 0.000000000 0.001300000 0.006445053
 191 0.000000000 0.001300000 0.006437027
 192 0.000000000 0.001300000 0.006427806
 193 0.000000000 0.001300000 0.006417474
 194 0.000000000 0.001300000 0.006406115
 195 0.000000000 0.001300000 0.006393802
 196 0.000000000 0.001300000 0.006380610
 197 0.000000000 0.001300000 0.006366604
 198 0.000000000 0.001300000 0.006351847
 199 0.280000000 0.001300000 0.006366107
 200 0.000000000 0.001300000 0.006406863
 201 0.000000000 0.001300000 0.006443301
 202 0.000000000 0.001300000 0.006475662
 203 0.000000000 0.001300000 0.006504177
 204 0.120000000 0.001300000 0.006542013
 205 0.000000000 0.001300000 0.006588326
 206 0.000000000 0.001300000 0.006629878
 207 0.000000000 0.001300000 0.006666931
 208 0.120000000 0.001300000 0.006712873
 209 0.000000000 0.001300000 0.006766894
 210 0.000000000 0.001300000 0.006815583
 211 0.000000000 0.001300000 0.006859228
 212 0.000000000 0.001300000 0.006898108
 213 0.000000000 0.001300000 0.006932492
 214 0.000000000 0.001300000 0.006962638
 215 0.000000000 0.001300000 0.006988796
 216 0.000000000 0.001300000 0.007011204
 217 0.000000000 0.001300000 0.007030090
 218 0.000000000 0.001300000 0.007045672
 219 0.000000000 0.001300000 0.007058156
 220 0.000000000 0.001300000 0.007067740
 221 0.000000000 0.001300000 0.007074611
 222 0.000000000 0.001200000 0.007078946
 223 0.000000000 0.001200000 0.007080913
 224 0.000000000 0.001200000 0.007080670
 225 0.000000000 0.001200000 0.007078367
 226 0.000000000 0.001200000 0.007074147
 227 0.000000000 0.001200000 0.007068142
 228 0.000000000 0.001200000 0.007060479
 229 0.000000000 0.001200000 0.007051275
 230 0.000000000 0.001200000 0.007040642
 231 0.000000000 0.001200000 0.007028684
 232 0.000000000 0.001200000 0.007015501
 233 0.000000000 0.001200000 0.007001184
 234 0.000000000 0.001200000 0.006985820
 235 0.000000000 0.001200000 0.006969490
 236 0.320000000 0.001200000 0.006988081
 237 0.000000000 0.001300000 0.007038538
 238 0.000000000 0.001300000 0.007083705
 239 0.000000000 0.001300000 0.007123875
 240 0.000000000 0.001300000 0.007159331
 241 0.000000000 0.001300000 0.007190347
 242 0.000000000 0.001300000 0.007217185
 243 0.000000000 0.001300000 0.007240096
 244 0.000000000 0.001300000 0.007259320
 245 0.000000000 0.001300000 0.007275087
 246 0.000000000 0.001300000 0.007287615
 247 0.000000000 0.001300000 0.007297111
 248 0.000000000 0.001300000 0.007303771
 249 0.000000000 0.001300000 0.007307783
 250 0.000000000 0.001300000 0.007309322
 251 0.000000000 0.001300000 0.007308556
 252 0.000000000 0.001300000 0.007305643
 253 0.000000000 0.001300000 0.007300730
 254 0.000000000 0.001300000 0.007293959
 255 0.000000000 0.001300000 0.007285461
 256 0.000000000 0.001300000 0.007275360
 257 0.000000000 0.001300000 0.007263774
 258 0.000000000 0.001300000 0.007250811
 259 0.080000000 0.001300000 0.007245726
 260 0.000000000 0.001300000 0.007247761
 261 0.000000000 0.001300000 0.007247492
 262 0.000000000 0.001300000 0.007245074
 263 0.000000000 0.001300000 0.007240657
 264 0.000000000 0.001300000 0.007234379
 265 0.000000000 0.001300000 0.007226372
 266 0.000000000 0.001300000 0.007216760
 267 0.000000000 0.001300000 0.007205661
 268 0.000000000 0.001300000 0.007193182
 269 0.000000000 0.001300000 0.007179427
 270 0.000000000 0.001300000 0.007164492
 271 0.280000000 0.001300000 0.007180298
 272 0.000000000 0.001300000 0.007224116
 273 0.000000000 0.001300000 0.007262932
 274 0.000000000 0.001300000 0.007297034
 275 0.120000000 0.001300000 0.007340521
 276 0.000000000 0.001300000 0.007392511
 277 0.560000000 0.001300000 0.007504087
 278 0.000000000 0.001300000 0.007671055
 279 0.000000000 0.001300000 0.007826038
 280 0.320000000 0.001300000 0.008008139
 281 0.000000000 0.001300000 0.008215542
 282 0.000000000 0.001300000 0.008408550
 283 0.000000000 0.001300000 0.008587581
 284 0.000000000 0.001300000 0.008753096
 285 0.200000000 0.001300000 0.008931328
 286 0.280000000 0.001300000 0.009157670
 287 0.000000000 0.001300000 0.009403838
 288 0.000000000 0.001300000 0.009632460
 289 0.000000000 0.001300000 0.009844045
 290 0.520000000 0.001300000 0.010110395
 291 0.000000000 0.001300000 0.010424835
 292 0.000000000 0.001300000 0.010712965
 293 0.000000000 0.001300000 0.010975868
 294 0.000000000 0.001300000 0.011214736
 295 0.000000000 0.001300000 0.011430836
 296 0.000000000 0.001300000 0.011625479
 297 0.000000000 0.001300000 0.011799993
 298 0.000000000 0.001300000 0.011955704
 299 0.080000000 0.001300000 0.012105922
 300 0.400000000 0.001300000 0.012310664
 301 0.000000000 0.001300000 0.012549880
 302 0.000000000 0.001300000 0.012760347
 303 0.000000000 0.001300000 0.012944039
 304 0.120000000 0.001300000 0.013121738
 305 0.000000000 0.001300000 0.013292624
 306 0.320000000 0.001300000 0.013489393
 307 0.000000000 0.001300000 0.013706702
 308 0.000000000 0.001300000 0.013892120
 309 0.000000000 0.001300000 0.014048154
 310 0.000000000 0.001300000 0.014177258
 311 0.000000000 0.001300000 0.014281805
 312 0.000000000 0.001300000 0.014364067
 313 0.080000000 0.001300000 0.014439431
 314 0.000000000 0.001300000 0.014507820
 315 0.000000000 0.001400000 0.014557015
 316 0.280000000 0.001400000 0.014635630
 317 0.000000000 0.001400000 0.014738105
 318 0.000000000 0.001400000 0.014816381
 319 0.000000000 0.001400000 0.014872866
 320 0.120000000 0.001400000 0.014930032
 321 0.120000000 0.001400000 0.015006987
 322 0.000000000 0.001400000 0.015080864
 323 0.080000000 0.001400000 0.015145779
 324 0.000000000 0.001400000 0.015201923
 325 0.000000000 0.001400000 0.015237019
 326 0.000000000 0.001400000 0.015253384
 327 0.000000000 0.001400000 0.015253174
 328 0.000000000 0.001400000 0.015238385
 329 0.000000000 0.001400000 0.015210855
 330 0.000000000 0.001500000 0.015172271
 331 0.320000000 0.001500000 0.015178505
 332 0.000000000 0.001500000 0.015221883
 333 0.000000000 0.001500000 0.015245620
 334 0.000000000 0.001500000 0.015251938
 335 0.000000000 0.001500000 0.015242896
 336 0.000000000 0.001500000 0.015220393
 337 0.000000000 0.001500000 0.015186175
 338 0.000000000 0.001500000 0.015141838
 339 0.400000000 0.001500000 0.015156686
 340 0.000000000 0.001500000 0.015220765
 341 0.000000000 0.001500000 0.015262775
 342 0.080000000 0.001500000 0.015298765
 343 0.120000000 0.001400000 0.015349231
 344 0.000000000 0.001400000 0.015398299
 345 0.000000000 0.001400000 0.015426209
 346 0.080000000 0.001400000 0.015449063
 347 0.000000000 0.001400000 0.015466789
 348 0.000000000 0.001400000 0.015466757
 349 0.000000000 0.001400000 0.015451106
 350 0.320000000 0.001400000 0.015476726
 351 0.000000000 0.001400000 0.015536325
 352 0.000000000 0.001400000 0.015572858
 353 0.000000000 0.001400000 0.015588876
 354 0.000000000 0.001400000 0.015586752
 355 0.000000000 0.001400000 0.015568687
 356 0.280000000 0.001400000 0.015584951
 357 0.000000000 0.001400000 0.015629358
 358 0.000000000 0.001400000 0.015652040
 359 0.000000000 0.001400000 0.015655477
 360 0.120000000 0.001400000 0.015662711
 361 0.120000000 0.001400000 0.015693149
 362 0.000000000 0.001400000 0.015723129
 363 0.000000000 0.001400000 0.015732646
 364 0.000000000 0.001400000 0.015724110
 365 0.000000000 0.001400000 0.015699750
 366 0.000000000 0.001400000 0.015661615
 367 0.000000000 0.001400000 0.015611582
 368 0.320000000 0.001400000 0.015606534
 369 0.360000000 0.001400000 0.015700989
 370 0.120000000 0.001400000 0.015848307
 371 0.120000000 0.001400000 0.016002003
 372 0.080000000 0.001400000 0.016153774
 373 0.000000000 0.001400000 0.016282337
 374 0.000000000 0.001500000 0.016376146
 375 0.320000000 0.001500000 0.016495610
 376 0.000000000 0.001500000 0.016635013
 377 0.400000000 0.001500000 0.016808438
 378 0.000000000 0.001500000 0.017008556
 379 0.080000000 0.001500000 0.017176651
 380 0.080000000 0.001500000 0.017329500
 381 0.000000000 0.001500000 0.017453478
 382 0.120000000 0.001500000 0.017559286
 383 0.000000000 0.001600000 0.017647609
 384 0.000000000 0.001600000 0.017698834
 385 0.000000000 0.001600000 0.017717104
 386 0.000000000 0.001600000 0.017706306
 387 0.000000000 0.001600000 0.017670050
 388 0.000000000 0.001600000 0.017611675
 389 0.200000000 0.001600000 0.017571051
 390 0.000000000 0.001600000 0.017544580
 391 0.000000000 0.001600000 0.017495418
 392 0.320000000 0.001700000 0.017485356
 393 0.000000000 0.001700000 0.017507154
 394 0.280000000 0.001700000 0.017552029
 395 0.000000000 0.001700000 0.017614880
 396 0.000000000 0.001700000 0.017643824
 397 0.000000000 0.001700000 0.017642784
 398 0.120000000 0.001700000 0.017637552
 399 0.000000000 0.001700000 0.017627726
 400 0.080000000 0.001800000 0.017607473
 401 0.000000000 0.001800000 0.017577546
 402 0.000000000 0.001800000 0.017525188
 403 0.000000000 0.001800000 0.017453462
 404 0.120000000 0.001800000 0.017387128
 405 0.000000000 0.001800000 0.017324876
 406 0.000000000 0.001800000 0.017245515
 407 0.320000000 0.001800000 0.017209810
 408 0.280000000 0.001800000 0.017261035
 409 0.080000000 0.001700000 0.017345167
 410 0.000000000 0.001700000 0.017408302
 411 0.000000000 0.001700000 0.017438567
 412 0.000000000 0.001700000 0.017439748
 413 0.120000000 0.001700000 0.017437371
 414 0.000000000 0.001700000 0.017430950
 415 0.000000000 0.001700000 0.017399949
 416 0.000000000 0.001700000 0.017347560
 417 0.000000000 0.001700000 0.017276711
 418 0.120000000 0.001700000 0.017211920
 419 0.000000000 0.001700000 0.017151790
 420 0.000000000 0.001700000 0.017075160
 421 0.400000000 0.001700000 0.017056881
 422 0.360000000 0.001700000 0.017152138
 423 0.000000000 0.001700000 0.017274896
 424 0.120000000 0.001700000 0.017380435
 425 0.000000000 0.001700000 0.017469336
 426 0.000000000 0.001700000 0.017522000
 427 0.120000000 0.001800000 0.017564542
 428 0.000000000 0.001800000 0.017597041
 429 0.000000000 0.001800000 0.017599368
 430 0.000000000 0.001800000 0.017575179
 431 0.680000000 0.002000000 0.017653156
 432 0.000000000 0.002000000 0.017815830
 433 0.120000000 0.002000000 0.017954236
 434 0.080000000 0.002100000 0.018084517
 435 0.120000000 0.002100000 0.018207373
 436 0.000000000 0.002200000 0.018307751
 437 0.000000000 0.002200000 0.018366121
 438 0.000000000 0.002200000 0.018387171
 439 0.000000000 0.002200000 0.018375306
 440 0.720000000 0.002300000 0.018470603
 441 0.080000000 0.002300000 0.018669756
 442 0.120000000 0.002300000 0.018851115
 443 0.000000000 0.002300000 0.019000183
 444 0.000000000 0.002300000 0.019097796
 445 0.200000000 0.002300000 0.019188087
 446 0.280000000 0.002400000 0.019324139
 447 0.440000000 0.002400000 0.019546395
 448 0.080000000 0.002500000 0.019804145
 449 0.000000000 0.002700000 0.020008680
 450 0.000000000 0.002700000 0.020149732
 451 0.120000000 0.002800000 0.020257750
 452 0.480000000 0.002900000 0.020430907
 453 0.400000000 0.002900000 0.020714528
 454 0.000000000 0.003000000 0.020999252
 455 0.000000000 0.003100000 0.021205676
 456 0.400000000 0.003100000 0.021423493
 457 0.200000000 0.003200000 0.021688313
 458 0.400000000 0.003200000 0.021995895
 459 0.000000000 0.003200000 0.022296844
 460 0.000000000 0.003300000 0.022509926
 461 0.120000000 0.003300000 0.022669330
 462 0.360000000 0.003500000 0.022855828
 463 0.120000000 0.003600000 0.023063373
 464 0.000000000 0.003600000 0.023213779
 465 0.320000000 0.003700000 0.023357072
 466 0.000000000 0.003700000 0.023490470
 467 0.200000000 0.003800000 0.023591602
 468 0.480000000 0.003900000 0.023766022
 469 0.000000000 0.003900000 0.023958349
 470 0.000000000 0.004200000 0.024065300
 471 0.320000000 0.004600000 0.024166536
 472 0.000000000 0.004600000 0.024259236
 473 0.000000000 0.005200000 0.024276758
 474 0.280000000 0.005900000 0.024289780
 475 0.400000000 0.005900000 0.024384068
 476 0.000000000 0.006700000 0.024486536
 477 0.000000000 0.006700000 0.024511242
 478 0.000000000 0.007500000 0.024467675
 479 0.320000000 0.007500000 0.024435194
 480 0.000000000 0.008300000 0.024409477
 481 0.000000000 0.009200000 0.024322470
 482 0.200000000 0.010200000 0.024226402
 483 0.000000000 0.010200000 0.024121015
 484 0.000000000 0.011100000 0.023966317
 485 0.400000000 0.011100000 0.023856591
 486 0.080000000 0.012100000 0.023800061
 487 0.000000000 0.012100000 0.023706412
 488 0.000000000 0.012100000 0.023564396
 489 0.000000000 0.012100000 0.023381157
 490 0.000000000 0.012100000 0.023163213
 491 0.000000000 0.012100000 0.022916468
 492 0.320000000 0.013200000 0.022713945
 493 0.000000000 0.013200000 0.022547697
 494 0.080000000 0.013200000 0.022366144
 495 0.120000000 0.013200000 0.022196643
 496 0.000000000 0.013200000 0.022021390
 497 0.400000000 0.013200000 0.021901208
 498 0.000000000 0.013200000 0.021825843
 499 0.000000000 0.012100000 0.021710706
 500 0.000000000 0.012100000 0.021561575
 501 0.080000000 0.012100000 0.021400126
 502 0.000000000 0.012100000 0.021228111
 503 0.320000000 0.012100000 0.021097311
 504 0.120000000 0.012100000 0.021024468
 505 0.080000000 0.012100000 0.020955540
 506 0.400000000 0.012100000 0.020947397
 507 0.000000000 0.011100000 0.020973514
 508 0.000000000 0.011100000 0.020951938
 509 0.000000000 0.011100000 0.020888723
 510 0.000000000 0.011100000 0.020789482
 511 0.000000000 0.011100000 0.020659377
 512 0.000000000 0.011100000 0.020503122
 513 0.080000000 0.010200000 0.020340945
 514 0.640000000 0.010200000 0.020301053
 515 0.000000000 0.010200000 0.020347446
 516 0.120000000 0.010200000 0.020371119
 517 0.280000000 0.010200000 0.020429636
 518 0.000000000 0.010200000 0.020493181
 519 0.000000000 0.010200000 0.020507156
 520 0.000000000 0.010200000 0.020477557
 521 0.000000000 0.010200000 0.020409976
 522 0.000000000 0.010200000 0.020309587
 523 0.000000000 0.010200000 0.020181138
 524 0.000000000 0.010200000 0.020028957
 525 0.520000000 0.010200000 0.019959472
 526 0.120000000 0.010200000 0.019981710
 527 0.360000000 0.010200000 0.020056137
 528 0.000000000 0.010200000 0.020150432
 529 0.000000000 0.011100000 0.020193369
 530 0.000000000 0.011100000 0.020190921
 531 0.000000000 0.011100000 0.020148690
 532 0.000000000 0.011100000 0.020071884
 533 0.000000000 0.011100000 0.019965304
 534 0.520000000 0.011100000 0.019935784
 535 0.400000000 0.011100000 0.020048480
 536 0.000000000 0.011100000 0.020184154
 537 0.080000000 0.011100000 0.020279289
 538 0.000000000 0.011100000 0.020337511
 539 0.000000000 0.012100000 0.020347682
 540 0.000000000 0.012100000 0.020315638
 541 0.520000000 0.012100000 0.020350410
 542 0.400000000 0.012100000 0.020519391
 543 0.000000000 0.012100000 0.020703112
 544 0.080000000 0.012100000 0.020837953
 545 0.000000000 0.013200000 0.020928225
 546 0.000000000 0.013200000 0.020963235
 547 0.000000000 0.013200000 0.020949515
 548 0.080000000 0.013200000 0.020909379
 549 0.720000000 0.013200000 0.020991455
 550 0.120000000 0.013200000 0.021183515
 551 0.000000000 0.014300000 0.021330284
 552 0.000000000 0.014300000 0.021412735
 553 0.000000000 0.014300000 0.021438100
 554 0.000000000 0.014300000 0.021413227
 555 0.080000000 0.014300000 0.021360904
 556 0.080000000 0.014300000 0.021300519
 557 0.120000000 0.014300000 0.021241549
 558 0.600000000 0.014300000 0.021289910
 559 0.120000000 0.014300000 0.021428216
 560 0.000000000 0.014300000 0.021526254
 561 0.000000000 0.014300000 0.021564667
 562 0.000000000 0.014300000 0.021550507
 563 0.080000000 0.015300000 0.021506832
 564 0.200000000 0.015300000 0.021477939
 565 0.720000000 0.015300000 0.021592681
 566 0.000000000 0.015300000 0.021787797
 567 0.000000000 0.015300000 0.021910238
 568 0.080000000 0.015300000 0.021984533
 569 0.000000000 0.015300000 0.022015366
 570 0.120000000 0.015300000 0.022016944
 571 0.120000000 0.015300000 0.022016784
 572 0.360000000 0.015300000 0.022065101
 573 0.320000000 0.015300000 0.022195463
 574 0.080000000 0.015300000 0.022339385
 575 0.000000000 0.015300000 0.022429527
 576 0.120000000 0.015300000 0.022481007
 577 0.280000000 0.015300000 0.022556204
 578 0.120000000 0.016500000 0.022650494
 579 0.480000000 0.016500000 0.022805102
 580 0.000000000 0.016500000 0.022983557
 581 0.000000000 0.016500000 0.023084192
 582 0.400000000 0.016500000 0.023201358
 583 0.000000000 0.016500000 0.023328885
 584 0.000000000 0.017700000 0.023382614
 585 0.440000000 0.017700000 0.023465983
 586 0.200000000 0.017700000 0.023614192
 587 0.360000000 0.017700000 0.023803990
 588 0.000000000 0.018900000 0.023984704
 589 0.320000000 0.018900000 0.024151269
 590 0.120000000 0.018900000 0.024327909
 591 0.480000000 0.018900000 0.024549967
 592 0.000000000 0.020100000 0.024781293
 593 0.080000000 0.020100000 0.024935357
 594 0.000000000 0.020100000 0.025019687
 595 0.320000000 0.020100000 0.025096693
 596 0.400000000 0.021300000 0.025253420
 597 0.200000000 0.021300000 0.025452077
 598 0.000000000 0.021300000 0.025598536
 599 0.000000000 0.022600000 0.025654983
 600 0.080000000 0.022600000 0.025650253
 601 0.120000000 0.022600000 0.025618385
 602 0.800000000 0.024000000 0.025725429
 603 0.000000000 0.024000000 0.025920203
 604 0.000000000 0.024000000 0.026017099
 605 0.000000000 0.025300000 0.026027441
 606 0.320000000 0.025300000 0.026034909
 607 0.600000000 0.026700000 0.026173650
 608 0.080000000 0.026700000 0.026369577
 609 0.120000000 0.028000000 0.026509859
 610 0.000000000 0.028000000 0.026581592
 611 0.280000000 0.029400000 0.026630938
 612 0.600000000 0.029400000 0.026796362
 613 0.000000000 0.030800000 0.026995114
 614 0.000000000 0.030800000 0.027088651
 615 0.120000000 0.032200000 0.027117241
 616 0.000000000 0.033700000 0.027087605
 617 0.360000000 0.033700000 0.027064393
 618 0.000000000 0.035200000 0.027043217
 619 0.520000000 0.035200000 0.027064843
 620 0.000000000 0.036700000 0.027118498
 621 0.120000000 0.036700000 0.027111999
 622 0.080000000 0.036700000 0.027070376
 623 0.280000000 0.038200000 0.027035964
 624 0.000000000 0.038200000 0.026987359
 625 0.560000000 0.038200000 0.026994543
 626 0.080000000 0.039700000 0.027063370
 627 0.080000000 0.039700000 0.027078965
 628 0.000000000 0.039700000 0.027029299
 629 0.280000000 0.039700000 0.026970279
 630 0.120000000 0.041200000 0.026928405
 631 0.440000000 0.042800000 0.026940462
 632 0.080000000 0.042800000 0.026987062
 633 0.080000000 0.042800000 0.026983635
 634 0.400000000 0.042800000 0.027010888
 635 0.120000000 0.044400000 0.027070915
 636 0.320000000 0.044400000 0.027143618
 637 0.080000000 0.044400000 0.027215718
 638 0.280000000 0.045900000 0.027280069
 639 0.200000000 0.045900000 0.027363371
 640 0.120000000 0.045900000 0.027426220
 641 0.320000000 0.045900000 0.027499842
 642 0.080000000 0.047500000 0.027571102
 643 0.520000000 0.047500000 0.027689577
 644 0.000000000 0.047500000 0.027825567
 645 0.520000000 0.049200000 0.027981794
 646 0.480000000 0.049200000 0.028264021
 647 0.000000000 0.050900000 0.028532582
 648 0.520000000 0.050900000 0.028802587
 649 0.360000000 0.052500000 0.029154349
 650 0.120000000 0.052500000 0.029481520
 651 0.440000000 0.054200000 0.029807648
 652 0.360000000 0.054200000 0.030187203
 653 0.200000000 0.055800000 0.030553929
 654 0.120000000 0.057600000 0.030849426
 655 0.600000000 0.059300000 0.031181832
 656 0.160000000 0.061000000 0.031550284
 657 0.240000000 0.061000000 0.031862556
 658 0.600000000 0.062800000 0.032235234
 659 0.120000000 0.064500000 0.032624930
 660 0.160000000 0.066300000 0.032919624
 661 0.400000000 0.068100000 0.033201226
 662 0.320000000 0.069900000 0.033508984
 663 0.120000000 0.071800000 0.033765934
 664 0.160000000 0.071800000 0.033937111
 665 0.000000000 0.073500000 0.034000013
 666 0.720000000 0.075300000 0.034117415
 667 0.000000000 0.075300000 0.034273495
 668 0.120000000 0.077300000 0.034312354
 669 0.560000000 0.079200000 0.034395476
 670 0.320000000 0.079200000 0.034564811
 671 0.200000000 0.081000000 0.034715988
 672 0.120000000 0.081000000 0.034798590
 673 0.680000000 0.082800000 0.034949942
 674 0.200000000 0.082800000 0.035175618
 675 0.400000000 0.082800000 0.035396079
 676 0.320000000 0.082800000 0.035640907
 677 0.280000000 0.082800000 0.035874498
 678 0.400000000 0.084800000 0.036119360
 679 0.320000000 0.084800000 0.036382459
 680 0.160000000 0.084800000 0.036595598
 681 0.240000000 0.088600000 0.036743813
 682 0.280000000 0.088600000 0.036866415
 683 0.400000000 0.090600000 0.037009597
 684 0.240000000 0.092500000 0.037157573
 685 0.360000000 0.092500000 0.037299960
 686 0.320000000 0.092500000 0.037457456
 687 0.200000000 0.094500000 0.037583450
 688 0.400000000 0.094500000 0.037705036
 689 0.520000000 0.096500000 0.037908959
 690 0.600000000 0.096500000 0.038238778
 691 0.320000000 0.098400000 0.038620731
 692 0.680000000 0.100500000 0.039073336
 693 0.320000000 0.102500000 0.039581879
 694 0.160000000 0.102500000 0.039992926
 695 0.000000000 0.104500000 0.040225597
 696 0.520000000 0.108600000 0.040406555
 697 0.320000000 0.108600000 0.040627174
 698 0.080000000 0.112700000 0.040756308
 699 0.080000000 0.114700000 0.040738291
 700 0.400000000 0.116900000 0.040685228
 701 0.120000000 0.116900000 0.040609401
 702 0.320000000 0.116900000 0.040494763
 703 0.080000000 0.116900000 0.040332952
 704 0.480000000 0.119000000 0.040180469
 705 0.120000000 0.119000000 0.040043139
 706 0.320000000 0.119000000 0.039878412
 707 0.080000000 0.119000000 0.039676843
 708 0.120000000 0.119000000 0.039390642
 709 0.480000000 0.119000000 0.039146291
 710 0.080000000 0.119000000 0.038923366
 711 0.120000000 0.116900000 0.038623619
 712 0.440000000 0.116900000 0.038360104
 713 0.400000000 0.116900000 0.038203634
 714 0.080000000 0.114700000 0.038040251
 715 0.520000000 0.114700000 0.037909301
 716 0.400000000 0.112700000 0.037890849
 717 0.080000000 0.112700000 0.037848967
 718 0.920000000 0.112700000 0.037936094
 719 0.080000000 0.110700000 0.038124861
 720 0.840000000 0.110700000 0.038390082
 721 0.080000000 0.110700000 0.038711634
 722 0.080000000 0.108600000 0.038875689
 723 0.920000000 0.108600000 0.039139174
 724 0.000000000 0.108600000 0.039455184
 725 0.880000000 0.110700000 0.039816498
 726 0.120000000 0.110700000 0.040239217
 727 0.800000000 0.110700000 0.040701122
 728 0.200000000 0.112700000 0.041209965
 729 0.120000000 0.112700000 0.041566373
 730 0.600000000 0.114700000 0.041905533
 731 0.160000000 0.114700000 0.042233253
 732 0.840000000 0.116900000 0.042626648
 733 0.080000000 0.119000000 0.043042933
 734 0.280000000 0.121000000 0.043319716
 735 0.640000000 0.121000000 0.043638381
 736 0.200000000 0.123100000 0.043963162
 737 0.680000000 0.125300000 0.044310010
 738 0.120000000 0.127400000 0.044643504
 739 0.200000000 0.129600000 0.044824691
 740 0.200000000 0.131700000 0.044895112
 741 0.360000000 0.133800000 0.044917627
 742 0.440000000 0.133800000 0.044969563
 743 0.200000000 0.136000000 0.044996704
 744 0.000000000 0.136000000 0.044870884
 745 0.120000000 0.136000000 0.044591870
 746 0.120000000 0.138200000 0.044217384
 747 0.720000000 0.138200000 0.043944414
 748 0.160000000 0.140400000 0.043764064
 749 0.120000000 0.142600000 0.043491763
 750 0.000000000 0.142600000 0.043094538
 751 0.120000000 0.142600000 0.042594257
 752 0.600000000 0.142600000 0.042184676
 753 0.240000000 0.144800000 0.041883970
 754 0.080000000 0.142600000 0.041530658
 755 0.720000000 0.142600000 0.041276548
 756 0.000000000 0.142600000 0.041077408
 757 0.320000000 0.142600000 0.040819983
 758 0.600000000 0.142600000 0.040683427
 759 0.200000000 0.142600000 0.040613660
 760 0.000000000 0.142600000 0.040433786
 761 0.400000000 0.142600000 0.040220041
 762 0.400000000 0.140400000 0.040088047
 763 0.200000000 0.140400000 0.039969995
 764 0.000000000 0.138200000 0.039752559
 765 0.000000000 0.140400000 0.039396147
 766 0.000000000 0.136000000 0.038922575
 767 0.080000000 0.133800000 0.038374287
 768 0.600000000 0.131700000 0.037932136
 769 0.080000000 0.129600000 0.037576665
 770 0.120000000 0.127400000 0.037171241
 771 0.120000000 0.125300000 0.036735888
 772 0.000000000 0.121000000 0.036244760
 773 0.000000000 0.119000000 0.035678013
 774 0.000000000 0.116900000 0.035050484
 775 0.000000000 0.112700000 0.034375377
 776 0.600000000 0.110700000 0.033821728
 777 0.160000000 0.106500000 0.033409227
 778 0.000000000 0.104500000 0.032969169
 779 0.120000000 0.100500000 0.032499690
 780 0.120000000 0.098400000 0.032037120
 781 0.000000000 0.096500000 0.031552762
 782 0.000000000 0.092500000 0.031023958
 783 0.000000000 0.088600000 0.030460591
 784 0.000000000 0.086700000 0.029871375
 785 0.000000000 0.082800000 0.029263931
 786 0.000000000 0.079200000 0.028644878
 787 0.000000000 0.077300000 0.028019920
 788 0.280000000 0.075300000 0.027459601
 789 0.080000000 0.071800000 0.026973090
 790 0.320000000 0.069900000 0.026563350
 791 0.000000000 0.068100000 0.026200673
 792 0.080000000 0.064500000 0.025828913
 793 0.000000000 0.062800000 0.025450688
 794 0.000000000 0.061000000 0.025051985
 795 0.120000000 0.059300000 0.024664660
 796 0.000000000 0.057600000 0.024288082
 797 0.120000000 0.055800000 0.023923931
 798 0.000000000 0.054200000 0.023571300
 799 0.000000000 0.052500000 0.023205872
 800 0.000000000 0.049200000 0.022831572
 801 0.000000000 0.047500000 0.022451819
 802 0.000000000 0.045900000 0.022069571
 803 0.000000000 0.044400000 0.021687371
 804 0.000000000 0.042800000 0.021307386
 805 0.000000000 0.042800000 0.020931448
 806 0.000000000 0.039700000 0.020561093
 807 0.000000000 0.038200000 0.020197592
 808 0.000000000 0.036700000 0.019841982
 809 0.360000000 0.035200000 0.019565325
 810 0.000000000 0.033700000 0.019354821
 811 0.000000000 0.033700000 0.019135845
 812 0.320000000 0.032200000 0.018972088
 813 0.000000000 0.030800000 0.018854294
 814 0.000000000 0.029400000 0.018718533
 815 0.000000000 0.029400000 0.018567846
 816 0.200000000 0.028000000 0.018442759
 817 0.000000000 0.026700000 0.018338886
 818 0.080000000 0.026700000 0.018232995
 819 0.000000000 0.025300000 0.018125211
 820 0.000000000 0.024000000 0.018001992
 821 0.280000000 0.024000000 0.017918031
 822 0.120000000 0.024000000 0.017888762
 823 0.000000000 0.022600000 0.017856717
 824 0.320000000 0.022600000 0.017860466
 825 0.000000000 0.021300000 0.017893116
 826 0.000000000 0.021300000 0.017894037
 827 0.120000000 0.020100000 0.017889396
 828 0.200000000 0.020100000 0.017916150
 829 0.600000000 0.018900000 0.018059392
 830 0.080000000 0.018900000 0.018279883
 831 0.240000000 0.017700000 0.018504633
 832 0.080000000 0.017700000 0.018731036
 833 0.280000000 0.017700000 0.018967031
 834 0.320000000 0.017700000 0.019255491
 835 0.320000000 0.017700000 0.019597528
 836 0.080000000 0.017700000 0.019939286
 837 0.280000000 0.017700000 0.020273589
 838 0.000000000 0.017700000 0.020582127
 839 0.440000000 0.017700000 0.020901123
 840 0.080000000 0.017700000 0.021240770
 841 0.200000000 0.018900000 0.021551463
 842 0.280000000 0.018900000 0.021875364
 843 0.000000000 0.018900000 0.022167323
 844 0.120000000 0.018900000 0.022398425
 845 0.080000000 0.020100000 0.022590157
 846 0.320000000 0.020100000 0.022788898
 847 0.480000000 0.020100000 0.023076183
 848 0.000000000 0.021300000 0.023371067
 849 0.120000000 0.021300000 0.023598159
 850 0.080000000 0.022600000 0.023780247
 851 0.320000000 0.022600000 0.023965632
 852 0.280000000 0.024000000 0.024194681
 853 0.240000000 0.024000000 0.024444333
 854 0.160000000 0.024000000 0.024685074
 855 0.000000000 0.025300000 0.024864250
 856 0.720000000 0.025300000 0.025114771
 857 0.000000000 0.025300000 0.025420606
 858 0.200000000 0.026700000 0.025663852
 859 0.080000000 0.026700000 0.025866659
 860 0.720000000 0.028000000 0.026152688
 861 0.000000000 0.028000000 0.026486728
 862 0.000000000 0.029400000 0.026702827
 863 0.800000000 0.029400000 0.026999201
 864 0.480000000 0.030800000 0.027470087
 865 0.320000000 0.032200000 0.027985307
 866 0.800000000 0.032200000 0.028616819
 867 0.120000000 0.033700000 0.029297391
 868 0.280000000 0.035200000 0.029899264
 869 0.600000000 0.036700000 0.030545128
 870 0.120000000 0.038200000 0.031184352
 871 0.720000000 0.041200000 0.031850917
 872 0.280000000 0.044400000 0.032573764
 873 0.000000000 0.047500000 0.033162322
 874 0.800000000 0.049200000 0.033767419
 875 0.120000000 0.050900000 0.034407154
 876 0.080000000 0.054200000 0.034890916
 877 0.080000000 0.055800000 0.035223256
 878 0.120000000 0.059300000 0.035430858
 879 0.720000000 0.061000000 0.035700094
 880 0.080000000 0.064500000 0.036004246
 881 0.080000000 0.066300000 0.036171201
 882 0.000000000 0.069900000 0.036195147
 883 0.120000000 0.071800000 0.036106127
 884 0.480000000 0.073500000 0.036048428
 885 0.320000000 0.075300000 0.036068183
 886 0.000000000 0.077300000 0.036026768
 887 0.680000000 0.079200000 0.036034043
 888 0.200000000 0.081000000 0.036129785
 889 0.280000000 0.082800000 0.036199282
 890 0.520000000 0.082800000 0.036331814
 891 0.000000000 0.084800000 0.036439382
 892 0.200000000 0.084800000 0.036443447
 893 0.280000000 0.084800000 0.036431361
 894 0.120000000 0.084800000 0.036382439
 895 0.400000000 0.084800000 0.036336466
 896 0.000000000 0.084800000 0.036257126
 897 0.120000000 0.084800000 0.036077956
 898 0.000000000 0.084800000 0.035812011
 899 0.000000000 0.084800000 0.035441953
 900 0.000000000 0.086700000 0.034984792
 901 0.080000000 0.084800000 0.034477200
 902 0.120000000 0.086700000 0.033960327
 903 0.280000000 0.086700000 0.033490387
 904 0.000000000 0.086700000 0.033030201
 905 0.320000000 0.084800000 0.032594522
 906 0.200000000 0.086700000 0.032229768
 907 0.000000000 0.084800000 0.031847730
 908 0.000000000 0.084800000 0.031404821
 909 0.000000000 0.082800000 0.030912558
 910 0.360000000 0.082800000 0.030470529
 911 0.000000000 0.081000000 0.030069932
 912 0.120000000 0.079200000 0.029652163
 913 0.520000000 0.079200000 0.029347194
 914 0.000000000 0.077300000 0.029107352
 915 0.000000000 0.075300000 0.028805050
 916 0.000000000 0.075300000 0.028450762
 917 0.000000000 0.073500000 0.028053941
 918 0.280000000 0.071800000 0.027689022
 919 0.200000000 0.069900000 0.027397393
 920 0.200000000 0.069900000 0.027152431
 921 0.320000000 0.068100000 0.026976833
 922 0.000000000 0.066300000 0.026814525
 923 0.400000000 0.064500000 0.026686271
 924 0.080000000 0.062800000 0.026602595
 925 0.440000000 0.061000000 0.026570548
 926 0.080000000 0.061000000 0.026580053
 927 0.400000000 0.059300000 0.026620266
 928 0.000000000 0.057600000 0.026665476
 929 0.080000000 0.057600000 0.026644970
 930 0.440000000 0.055800000 0.026667914
 931 0.000000000 0.055800000 0.026706632
 932 0.280000000 0.054200000 0.026726440
 933 0.200000000 0.054200000 0.026773043
 934 0.000000000 0.052500000 0.026778861
 935 0.520000000 0.052500000 0.026825121
 936 0.280000000 0.052500000 0.026966349
 937 0.120000000 0.052500000 0.027099816
 938 0.000000000 0.052500000 0.027162121
 939 0.000000000 0.052500000 0.027134946
 940 0.600000000 0.052500000 0.027169635
 941 0.000000000 0.052500000 0.027252174
 942 0.280000000 0.052500000 0.027307603
 943 0.000000000 0.052500000 0.027336123
 944 0.120000000 0.052500000 0.027306385
 945 0.000000000 0.052500000 0.027224733
 946 0.080000000 0.052500000 0.027090241
 947 0.000000000 0.052500000 0.026909796
 948 0.000000000 0.052500000 0.026672872
 949 0.440000000 0.054200000 0.026489697
 950 0.280000000 0.054200000 0.026413792
 951 0.200000000 0.054200000 0.026378046
 952 0.000000000 0.054200000 0.026314043
 953 0.000000000 0.054200000 0.026181984
 954 0.000000000 0.054200000 0.025991564
 955 0.080000000 0.052500000 0.025769830
 956 0.000000000 0.052500000 0.025521456
 957 0.320000000 0.052500000 0.025306101
 958 0.400000000 0.050900000 0.025206756
 959 0.000000000 0.050900000 0.025136267
 960 0.080000000 0.049200000 0.025023669
 961 0.000000000 0.049200000 0.024874279
 962 0.000000000 0.047500000 0.024676811
 963 0.000000000 0.047500000 0.024438833
 964 0.120000000 0.047500000 0.024193499
 965 0.080000000 0.045900000 0.023959416
 966 0.600000000 0.045900000 0.023840850
 967 0.000000000 0.045900000 0.023800844
 968 0.000000000 0.045900000 0.023705019
 969 0.000000000 0.044400000 0.023561118
 970 0.120000000 0.044400000 0.023402080
 971 0.000000000 0.042800000 0.023229613
 972 0.000000000 0.042800000 0.023021902
 973 0.800000000 0.042800000 0.022954892
 974 0.080000000 0.039700000 0.023020456
 975 0.000000000 0.039700000 0.023037945
 976 0.000000000 0.039700000 0.022996885
 977 0.000000000 0.038200000 0.022904895
 978 0.240000000 0.038200000 0.022819963
 979 0.000000000 0.038200000 0.022739378
 980 0.280000000 0.036700000 0.022673619
 981 0.320000000 0.036700000 0.022686200
 982 0.000000000 0.036700000 0.022707688
 983 0.160000000 0.036700000 0.022705933
 984 0.120000000 0.036700000 0.022707770
 985 0.000000000 0.036700000 0.022679243
 986 0.400000000 0.036700000 0.022684619
 987 0.320000000 0.035200000 0.022783831
 988 0.000000000 0.035200000 0.022880967
 989 0.000000000 0.035200000 0.022910663
 990 0.080000000 0.035200000 0.022898052
 991 0.240000000 0.035200000 0.022898765
 992 0.360000000 0.035200000 0.022969284
 993 0.320000000 0.035200000 0.023116909
 994 0.000000000 0.035200000 0.023255202
 995 0.000000000 0.035200000 0.023318842
 996 0.000000000 0.035200000 0.023316541
 997 0.200000000 0.035200000 0.023299447
 998 0.400000000 0.035200000 0.023353543
 999 0.000000000 0.035200000 0.023424992
1000 0.320000000 0.035200000 0.023497875
1001 0.080000000 0.035200000 0.023585987
1002 0.000000000 0.035200000 0.023620103
1003 0.000000000 0.035200000 0.023590138
1004 0.120000000 0.035200000 0.023530228
1005 0.200000000 0.035200000 0.023486482
1006 0.280000000 0.035200000 0.023490793
1007 0.000000000 0.035200000 0.023493256
1008 0.320000000 0.035200000 0.023505338
1009 0.000000000 0.035200000 0.023522795
1010 0.120000000 0.035200000 0.023504714
1011 0.080000000 0.035200000 0.023471765
1012 0.080000000 0.035200000 0.023417743
1013 0.400000000 0.035200000 0.023414437
1014 0.000000000 0.035200000 0.023435302
1015 0.000000000 0.035200000 0.023394843
1016 0.320000000 0.035200000 0.023369800
1017 0.000000000 0.035200000 0.023355362
1018 0.000000000 0.035200000 0.023284508
1019 0.120000000 0.035200000 0.023190534
1020 0.000000000 0.035200000 0.023075793
1021 0.400000000 0.033700000 0.023004345
1022 0.080000000 0.033700000 0.022984303
1023 0.080000000 0.033700000 0.022944060
1024 0.320000000 0.033700000 0.022937432
1025 0.520000000 0.033700000 0.023051864
1026 0.000000000 0.033700000 0.023202181
1027 0.320000000 0.033700000 0.023345447
1028 0.080000000 0.033700000 0.023496125
1029 0.480000000 0.033700000 0.023689622
1030 0.000000000 0.033700000 0.023899090
1031 0.200000000 0.033700000 0.024065196
1032 0.320000000 0.033700000 0.024260479
1033 0.000000000 0.033700000 0.024435569
1034 0.120000000 0.033700000 0.024550909
1035 0.360000000 0.033700000 0.024691597
1036 0.200000000 0.033700000 0.024869525
1037 0.000000000 0.035200000 0.025000831
1038 0.320000000 0.035200000 0.025119202
1039 0.280000000 0.035200000 0.025285321
1040 0.120000000 0.035200000 0.025448260
1041 0.000000000 0.035200000 0.025546021
1042 0.200000000 0.036700000 0.025605238
1043 0.080000000 0.036700000 0.025646462
1044 0.440000000 0.036700000 0.025727253
1045 0.280000000 0.036700000 0.025884322
1046 0.000000000 0.038200000 0.026009278
1047 0.200000000 0.038200000 0.026089909
1048 0.000000000 0.038200000 0.026129219
1049 0.680000000 0.039700000 0.026243934
1050 0.120000000 0.039700000 0.026445271
1051 0.000000000 0.039700000 0.026571052
1052 0.600000000 0.042800000 0.026741842
1053 0.120000000 0.042800000 0.026973407
1054 0.160000000 0.042800000 0.027160008
1055 0.120000000 0.042800000 0.027305635
1056 0.280000000 0.042800000 0.027443049
1057 0.440000000 0.044400000 0.027646278
1058 0.000000000 0.044400000 0.027838905
1059 0.000000000 0.044400000 0.027921603
1060 0.000000000 0.045900000 0.027907399
1061 0.160000000 0.045900000 0.027846486
1062 0.240000000 0.045900000 0.027800215
1063 0.600000000 0.047500000 0.027870085
1064 0.000000000 0.047500000 0.027980808
1065 0.000000000 0.049200000 0.027990751
1066 0.000000000 0.049200000 0.027912540
1067 0.000000000 0.050900000 0.027758042
1068 0.600000000 0.050900000 0.027679498
1069 0.320000000 0.050900000 0.027736624
1070 0.080000000 0.052500000 0.027792333
1071 0.000000000 0.052500000 0.027773418
1072 0.000000000 0.052500000 0.027671433
1073 0.000000000 0.052500000 0.027497801
1074 0.000000000 0.052500000 0.027263087
1075 0.320000000 0.054200000 0.027051404
1076 0.280000000 0.054200000 0.026922406
1077 0.000000000 0.054200000 0.026791993
1078 0.320000000 0.054200000 0.026673082
1079 0.080000000 0.054200000 0.026579951
1080 0.000000000 0.052500000 0.026438472
1081 0.000000000 0.052500000 0.026238283
1082 0.120000000 0.052500000 0.026015770
1083 0.080000000 0.052500000 0.025792119
1084 0.000000000 0.050900000 0.025541958
1085 0.400000000 0.050900000 0.025342936
1086 0.320000000 0.050900000 0.025256901
1087 0.120000000 0.049200000 0.025207545
1088 0.160000000 0.049200000 0.025156531
1089 0.280000000 0.049200000 0.025139710
1090 0.120000000 0.049200000 0.025142719
1091 0.320000000 0.047500000 0.025173582
1092 0.120000000 0.047500000 0.025226758
1093 0.000000000 0.047500000 0.025229443
1094 0.360000000 0.045900000 0.025242903
1095 0.200000000 0.047500000 0.025307096
1096 0.320000000 0.045900000 0.025408123
1097 0.000000000 0.045900000 0.025494830
1098 0.000000000 0.045900000 0.025499502
1099 0.000000000 0.047500000 0.025432377
1100 0.120000000 0.047500000 0.025329998
1101 0.080000000 0.047500000 0.025214237
1102 0.000000000 0.047500000 0.025061008
1103 0.400000000 0.047500000 0.024948119
1104 0.080000000 0.047500000 0.024884727
1105 0.000000000 0.047500000 0.024778972
1106 0.000000000 0.047500000 0.024619999
1107 0.520000000 0.047500000 0.024530413
1108 0.000000000 0.045900000 0.024496605
1109 0.000000000 0.045900000 0.024402012
1110 0.280000000 0.045900000 0.024316509
1111 0.000000000 0.045900000 0.024236654
1112 0.000000000 0.045900000 0.024103487
1113 0.400000000 0.044400000 0.024011953
1114 0.320000000 0.044400000 0.024023080
1115 0.000000000 0.044400000 0.024037380
1116 0.000000000 0.044400000 0.023987576
1117 0.000000000 0.042800000 0.023882090
1118 0.000000000 0.042800000 0.023728729
1119 0.280000000 0.042800000 0.023595156
1120 0.120000000 0.042800000 0.023502660
1121 0.080000000 0.041200000 0.023404762
1122 0.080000000 0.039700000 0.023294422
1123 0.320000000 0.039700000 0.023225222
1124 0.120000000 0.039700000 0.023198530
1125 0.000000000 0.039700000 0.023142451
1126 0.400000000 0.038200000 0.023121948
1127 0.000000000 0.038200000 0.023128933
1128 0.080000000 0.038200000 0.023095238
1129 0.000000000 0.038200000 0.023025426
1130 0.080000000 0.036700000 0.022925212
1131 0.320000000 0.036700000 0.022866274
1132 0.240000000 0.036700000 0.022875394
1133 0.000000000 0.036700000 0.022876753
1134 0.280000000 0.035200000 0.022882022
1135 0.000000000 0.035200000 0.022888115
1136 0.000000000 0.035200000 0.022837966
1137 0.000000000 0.035200000 0.022738976
1138 0.080000000 0.035200000 0.022614890
1139 0.000000000 0.035200000 0.022468897
1140 0.320000000 0.035200000 0.022355723
1141 0.200000000 0.033700000 0.022310629
1142 0.120000000 0.033700000 0.022284320
1143 0.280000000 0.033700000 0.022292047
1144 0.000000000 0.033700000 0.022302947
1145 0.000000000 0.033700000 0.022260422
1146 0.000000000 0.033700000 0.022171444
1147 0.080000000 0.033700000 0.022059131
1148 0.120000000 0.033700000 0.021951310
1149 0.320000000 0.033700000 0.021897347
1150 0.120000000 0.033700000 0.021888834
1151 0.280000000 0.033700000 0.021913635
1152 0.080000000 0.033700000 0.021957810
1153 0.000000000 0.033700000 0.021962352
1154 0.200000000 0.033700000 0.021957795
1155 0.000000000 0.033700000 0.021943499
1156 0.440000000 0.033700000 0.021972422
1157 0.280000000 0.033700000 0.022093574
1158 0.000000000 0.033700000 0.022205026
1159 0.080000000 0.033700000 0.022268045
1160 0.200000000 0.033700000 0.022329380
1161 0.000000000 0.033700000 0.022371067
1162 0.440000000 0.033700000 0.022447593
1163 0.000000000 0.033700000 0.022550456
1164 0.280000000 0.033700000 0.022646296
1165 0.000000000 0.033700000 0.022732959
1166 0.280000000 0.033700000 0.022813729
1167 0.000000000 0.033700000 0.022886378
1168 0.120000000 0.035200000 0.022920074
1169 0.320000000 0.035200000 0.022986474
1170 0.280000000 0.035200000 0.023113692
1171 0.200000000 0.035200000 0.023268708
1172 0.000000000 0.035200000 0.023388130
1173 0.080000000 0.036700000 0.023451613
1174 0.720000000 0.036700000 0.023620343
1175 0.080000000 0.036700000 0.023875514
1176 0.000000000 0.036700000 0.024055144
1177 0.000000000 0.036700000 0.024150318
1178 0.720000000 0.036700000 0.024328656
1179 0.120000000 0.038200000 0.024599483
1180 0.080000000 0.038200000 0.024814990
1181 0.080000000 0.038200000 0.024971960
1182 0.600000000 0.038200000 0.025192841
1183 0.120000000 0.039700000 0.025473398
1184 0.120000000 0.039700000 0.025701870
1185 0.000000000 0.039700000 0.025855878
1186 0.080000000 0.041200000 0.025935542
1187 0.000000000 0.042800000 0.025948707
1188 0.000000000 0.044400000 0.025886219
1189 0.800000000 0.044400000 0.025939847
1190 0.120000000 0.044400000 0.026114498
1191 0.000000000 0.045900000 0.026218727
1192 0.080000000 0.045900000 0.026252549
1193 0.400000000 0.047500000 0.026315376
1194 0.440000000 0.047500000 0.026482934
1195 0.080000000 0.049200000 0.026667868
1196 0.000000000 0.049200000 0.026769060
1197 0.080000000 0.049200000 0.026796947
1198 0.000000000 0.050900000 0.026759703
1199 0.000000000 0.050900000 0.026648166
1200 0.400000000 0.050900000 0.026564799
1201 0.320000000 0.050900000 0.026576029
1202 0.120000000 0.052500000 0.026606110
1203 0.000000000 0.052500000 0.026580738
1204 0.000000000 0.052500000 0.026480672
1205 0.160000000 0.054200000 0.026352908
1206 0.000000000 0.054200000 0.026200151
1207 0.000000000 0.054200000 0.025991651
1208 0.400000000 0.054200000 0.025826846
1209 0.000000000 0.052500000 0.025696721
1210 0.320000000 0.052500000 0.025583197
1211 0.120000000 0.052500000 0.025508547
1212 0.000000000 0.052500000 0.025398008
1213 0.080000000 0.050900000 0.025249048
1214 0.120000000 0.050900000 0.025093584
1215 0.360000000 0.050900000 0.024995289
1216 0.000000000 0.050900000 0.024918097
1217 0.000000000 0.050900000 0.024783138
1218 0.320000000 0.050900000 0.024669568
1219 0.240000000 0.049200000 0.024625116
1220 0.000000000 0.049200000 0.024571162
1221 0.080000000 0.047500000 0.024476187
1222 0.000000000 0.047500000 0.024345241
1223 0.360000000 0.047500000 0.024245892
1224 0.000000000 0.047500000 0.024171058
1225 0.000000000 0.047500000 0.024042657
1226 0.000000000 0.045900000 0.023868414
1227 0.000000000 0.045900000 0.023655399
1228 0.520000000 0.045900000 0.023522119
1229 0.000000000 0.044400000 0.023453777
1230 0.000000000 0.044400000 0.023335302
1231 0.000000000 0.044400000 0.023173875
1232 0.000000000 0.042800000 0.022976072
1233 0.000000000 0.042800000 0.022747867
1234 0.000000000 0.042800000 0.022494653
1235 0.000000000 0.042800000 0.022221262
1236 0.120000000 0.042800000 0.021956943
1237 0.000000000 0.042800000 0.021700742
1238 0.080000000 0.039700000 0.021445717
1239 0.080000000 0.039700000 0.021208657
1240 0.280000000 0.039700000 0.021028884
1241 0.000000000 0.038200000 0.020881589
1242 0.000000000 0.038200000 0.020709151
1243 0.000000000 0.038200000 0.020515827
1244 0.000000000 0.036700000 0.020305447
1245 0.120000000 0.036700000 0.020105209
1246 0.000000000 0.036700000 0.019913720
1247 0.000000000 0.035200000 0.019708224
1248 0.000000000 0.035200000 0.019491692
1249 0.000000000 0.033700000 0.019266760
1250 0.000000000 0.033700000 0.019035756
1251 0.000000000 0.032200000 0.018800720
1252 0.000000000 0.032200000 0.018563437
1253 0.000000000 0.030800000 0.018325452
1254 0.000000000 0.030800000 0.018088101
1255 0.000000000 0.029400000 0.017852527
1256 0.000000000 0.029400000 0.017619701
1257 0.000000000 0.028000000 0.017390443
1258 0.000000000 0.028000000 0.017165434
1259 0.000000000 0.026700000 0.016945238
1260 0.320000000 0.026700000 0.016787730
1261 0.000000000 0.025300000 0.016682805
1262 0.000000000 0.025300000 0.016569388
1263 0.000000000 0.024000000 0.016449124
1264 0.000000000 0.024000000 0.016323481
1265 0.200000000 0.022600000 0.016229007
1266 0.000000000 0.022600000 0.016160623
1267 0.000000000 0.021300000 0.016081689
1268 0.000000000 0.021300000 0.015993916
1269 0.000000000 0.021300000 0.015898843
1270 0.000000000 0.020100000 0.015797853
1271 0.000000000 0.020100000 0.015692182
1272 0.000000000 0.018900000 0.015582931
1273 0.000000000 0.018900000 0.015471075
1274 0.000000000 0.018900000 0.015357478
1275 0.000000000 0.017700000 0.015242898
1276 0.000000000 0.017700000 0.015127999
1277 0.000000000 0.016500000 0.015013358
1278 0.000000000 0.016500000 0.014899477
1279 0.000000000 0.016500000 0.014786785
1280 0.000000000 0.015300000 0.014675521
1281 0.000000000 0.015300000 0.014565677
1282 0.000000000 0.015300000 0.014457221
1283 0.000000000 0.015300000 0.014350123
1284 0.000000000 0.014300000 0.014244356
1285 0.000000000 0.014300000 0.014139891
1286 0.000000000 0.014300000 0.014036702
1287 0.000000000 0.013200000 0.013934763
1288 0.000000000 0.013200000 0.013834050
1289 0.000000000 0.013200000 0.013734539
1290 0.000000000 0.013200000 0.013636208
1291 0.000000000 0.012100000 0.013539034
1292 0.000000000 0.012100000 0.013442996
1293 0.000000000 0.012100000 0.013348074
1294 0.000000000 0.012100000 0.013254246
1295 0.280000000 0.011100000 0.013206277
1296 0.000000000 0.011100000 0.013199420
1297 0.000000000 0.011100000 0.013186910
1298 0.000000000 0.010200000 0.013169181
1299 0.120000000 0.010200000 0.013165809
1300 0.000000000 0.010200000 0.013175245
1301 0.320000000 0.010200000 0.013228516
1302 0.000000000 0.009200000 0.013318614
1303 0.000000000 0.009200000 0.013392461
1304 0.080000000 0.009200000 0.013464300
1305 0.000000000 0.008300000 0.013533550
1306 0.000000000 0.007500000 0.013587962
1307 0.000000000 0.007500000 0.013629005
1308 0.000000000 0.007500000 0.013658050
1309 0.120000000 0.006700000 0.013695640
1310 0.000000000 0.006700000 0.013739840
1311 0.000000000 0.006700000 0.013771176
1312 0.000000000 0.006700000 0.013791016
1313 0.000000000 0.005900000 0.013800627
1314 0.000000000 0.005900000 0.013801179
1315 0.000000000 0.005900000 0.013793752
1316 0.000000000 0.005900000 0.013779335
1317 0.000000000 0.005900000 0.013758835
1318 0.280000000 0.005200000 0.013778161
1319 0.000000000 0.005200000 0.013830679
1320 0.000000000 0.005200000 0.013868957
1321 0.000000000 0.005200000 0.013894483
1322 0.000000000 0.005200000 0.013908643
1323 0.000000000 0.004600000 0.013912719
1324 0.000000000 0.004600000 0.013907895
1325 0.000000000 0.004600000 0.013895259
1326 0.000000000 0.004600000 0.013875808
1327 0.000000000 0.004200000 0.013850452
1328 0.000000000 0.004200000 0.013820020
1329 0.000000000 0.004200000 0.013785193
1330 0.000000000 0.004200000 0.013746378
1331 0.320000000 0.003900000 0.013755736
1332 0.000000000 0.003900000 0.013805700
1333 0.000000000 0.003900000 0.013841833
1334 0.000000000 0.003900000 0.013865588
1335 0.000000000 0.003900000 0.013878317
1336 0.280000000 0.003900000 0.013926617
1337 0.000000000 0.003800000 0.014004336
1338 0.000000000 0.003800000 0.014064113
1339 0.000000000 0.003800000 0.014107745
1340 0.000000000 0.003800000 0.014136914
1341 0.000000000 0.003800000 0.014153189
1342 0.080000000 0.003800000 0.014171113
1343 0.000000000 0.003800000 0.014189874
1344 0.000000000 0.003700000 0.014196731
1345 0.000000000 0.003700000 0.014193072
1346 0.120000000 0.003700000 0.014199830
1347 0.000000000 0.003700000 0.014214917
1348 0.000000000 0.003700000 0.014218424
1349 0.000000000 0.003700000 0.014211718
1350 0.000000000 0.003700000 0.014196055
1351 0.000000000 0.003600000 0.014172589
1352 0.120000000 0.003600000 0.014161997
1353 0.000000000 0.003600000 0.014161953
1354 0.080000000 0.003600000 0.014165465
1355 0.000000000 0.003600000 0.014171549
1356 0.000000000 0.003600000 0.014167325
1357 0.000000000 0.003600000 0.014154047
1358 0.120000000 0.003500000 0.014152486
1359 0.000000000 0.003500000 0.014160427
1360 0.000000000 0.003500000 0.014157888
1361 0.000000000 0.003500000 0.014146135
1362 0.000000000 0.003500000 0.014126333
1363 0.000000000 0.003500000 0.014099543
1364 0.000000000 0.003500000 0.014066736
1365 0.000000000 0.003500000 0.014028793
1366 0.000000000 0.003300000 0.013986511
1367 0.000000000 0.003300000 0.013940576
1368 0.000000000 0.003300000 0.013891391
1369 0.000000000 0.003300000 0.013839248
1370 0.000000000 0.003300000 0.013784420
1371 0.000000000 0.003300000 0.013727158
1372 0.000000000 0.003300000 0.013667697
1373 0.000000000 0.003200000 0.013606257
1374 0.000000000 0.003200000 0.013543040
1375 0.000000000 0.003200000 0.013478234
1376 0.000000000 0.003200000 0.013412015
1377 0.000000000 0.003200000 0.013344542
1378 0.000000000 0.003200000 0.013275967
1379 0.000000000 0.003200000 0.013206428
1380 0.000000000 0.003200000 0.013136054
1381 0.000000000 0.003200000 0.013064962
1382 0.080000000 0.003100000 0.013005959
1383 0.000000000 0.003100000 0.012957789
1384 0.000000000 0.003100000 0.012907293
1385 0.000000000 0.003100000 0.012854689
1386 0.000000000 0.003100000 0.012800180
1387 0.000000000 0.003100000 0.012743955
1388 0.000000000 0.003100000 0.012686188
1389 0.000000000 0.003100000 0.012627042
1390 0.000000000 0.003100000 0.012566669
1391 0.000000000 0.003100000 0.012505208
1392 0.000000000 0.003100000 0.012442789
1393 0.000000000 0.003100000 0.012379532
1394 0.000000000 0.003100000 0.012315548
1395 0.000000000 0.003100000 0.012250941
1396 0.000000000 0.003100000 0.012185805
1397 0.000000000 0.003100000 0.012120227
1398 0.000000000 0.003100000 0.012054290
1399 0.000000000 0.003000000 0.011988068
1400 0.000000000 0.003000000 0.011921629
1401 0.000000000 0.003000000 0.011855038
1402 0.000000000 0.003000000 0.011788352
1403 0.000000000 0.003000000 0.011721626
1404 0.000000000 0.003000000 0.011654908
1405 0.000000000 0.003000000 0.011588245
1406 0.000000000 0.003000000 0.011521678
1407 0.000000000 0.003000000 0.011455244
1408 0.000000000 0.003000000 0.011388979
1409 0.000000000 0.003000000 0.011322915
1410 0.000000000 0.002900000 0.011257080
1411 0.000000000 0.002900000 0.011191501
1412 0.000000000 0.002900000 0.011126202
1413 0.000000000 0.002900000 0.011061204
1414 0.000000000 0.002900000 0.010996529
1415 0.000000000 0.002900000 0.010932193
1416 0.000000000 0.002900000 0.010868213
1417 0.000000000 0.002900000 0.010804603
1418 0.000000000 0.002900000 0.010741376
1419 0.000000000 0.002800000 0.010678544
1420 0.320000000 0.002800000 0.010661561
1421 0.000000000 0.002800000 0.010685913
1422 0.000000000 0.002800000 0.010704235
1423 0.000000000 0.002800000 0.010716937
1424 0.000000000 0.002800000 0.010724405
1425 0.080000000 0.002800000 0.010738424
1426 0.000000000 0.002800000 0.010758248
1427 0.000000000 0.002800000 0.010772308
1428 0.000000000 0.002800000 0.010780999
1429 0.000000000 0.002800000 0.010784697
1430 0.000000000 0.002700000 0.010783755
1431 0.000000000 0.002700000 0.010778508
1432 0.280000000 0.002700000 0.010809346
1433 0.000000000 0.002700000 0.010872836
1434 0.000000000 0.002700000 0.010927498
1435 0.000000000 0.002700000 0.010973878
1436 0.000000000 0.002700000 0.011012501
1437 0.000000000 0.002700000 0.011043868
1438 0.000000000 0.002700000 0.011068458
1439 0.000000000 0.002700000 0.011086724
1440 0.000000000 0.002700000 0.011099099
1441 0.120000000 0.002700000 0.011123452
1442 0.000000000 0.002700000 0.011158520
1443 0.000000000 0.002700000 0.011186468
1444 0.120000000 0.002700000 0.011225321
1445 0.320000000 0.002700000 0.011320888
1446 0.080000000 0.002700000 0.011463133
1447 0.280000000 0.002700000 0.011643647
1448 0.000000000 0.002700000 0.011845178
1449 0.000000000 0.002700000 0.012024928
1450 0.120000000 0.002700000 0.012202439
1451 0.080000000 0.002700000 0.012388720
1452 0.000000000 0.002700000 0.012564154
1453 0.000000000 0.002700000 0.012717355
1454 0.000000000 0.002700000 0.012850014
1455 0.000000000 0.002700000 0.012963770
1456 0.000000000 0.002700000 0.013060200
1457 0.000000000 0.002700000 0.013140812
1458 0.000000000 0.002700000 0.013207035
1459 0.000000000 0.002700000 0.013260218
1460 0.000000000 0.002700000 0.013301627
1461 0.000000000 0.002700000 0.013332445
1462 0.000000000 0.002700000 0.013353775
1463 0.000000000 0.002700000 0.013366636
1464 0.000000000 0.002700000 0.013371975
1465 0.080000000 0.002700000 0.013383340
1466 0.000000000 0.002700000 0.013399454
1467 0.000000000 0.002700000 0.013407515
1468 0.120000000 0.002700000 0.013427502
1469 0.000000000 0.002700000 0.013457147
1470 0.000000000 0.002700000 0.013476892
1471 0.000000000 0.002700000 0.013487814
1472 0.080000000 0.002700000 0.013503658
1473 0.000000000 0.002700000 0.013523251
1474 0.000000000 0.002700000 0.013533835
1475 0.000000000 0.002700000 0.013536431
1476 0.000000000 0.002700000 0.013531977
1477 0.000000000 0.002700000 0.013521318
1478 0.000000000 0.002700000 0.013505037
1479 0.000000000 0.002700000 0.013483573
1480 0.000000000 0.002700000 0.013457335
1481 0.000000000 0.002700000 0.013426706
1482 0.000000000 0.002700000 0.013392044
1483 0.000000000 0.002700000 0.013353686
1484 0.000000000 0.002700000 0.013311945
1485 0.000000000 0.002700000 0.013267114
1486 0.000000000 0.002700000 0.013219465
1487 0.000000000 0.002700000 0.013169254
1488 0.000000000 0.002700000 0.013116717
1489 0.000000000 0.002700000 0.013062075
1490 0.000000000 0.002700000 0.013005532
1491 0.000000000 0.002700000 0.012947280
1492 0.000000000 0.002700000 0.012887496
1493 0.000000000 0.002700000 0.012826343
1494 0.000000000 0.002700000 0.012763974
1495 0.000000000 0.002700000 0.012700530
1496 0.000000000 0.002700000 0.012636142
1497 0.000000000 0.002700000 0.012570931
1498 0.000000000 0.002700000 0.012505010
1499 0.000000000 0.002700000 0.012438480
1500 0.000000000 0.002700000 0.012371439
1501 0.000000000 0.002700000 0.012303975
1502 0.080000000 0.002700000 0.012248450
1503 0.120000000 0.002700000 0.012222037
1504 0.000000000 0.002700000 0.012210104
1505 0.000000000 0.002700000 0.012193647
1506 0.320000000 0.002700000 0.012222043
1507 0.280000000 0.002700000 0.012333666
1508 0.000000000 0.002700000 0.012471853
1509 0.000000000 0.002700000 0.012592195
1510 0.000000000 0.002700000 0.012696114
1511 0.000000000 0.002700000 0.012784973
1512 0.000000000 0.002500000 0.012860068
1513 0.000000000 0.002700000 0.012922628
1514 0.120000000 0.002500000 0.012992526
1515 0.080000000 0.002500000 0.013080429
1516 0.000000000 0.002500000 0.013165434
1517 0.200000000 0.002500000 0.013266990
1518 0.280000000 0.002500000 0.013426065
1519 0.000000000 0.002500000 0.013603681
1520 0.320000000 0.002500000 0.013805678
1521 0.000000000 0.002500000 0.014026799
1522 0.400000000 0.002500000 0.014279760
1523 0.000000000 0.002500000 0.014557949
1524 0.000000000 0.002500000 0.014793780
1525 0.160000000 0.002500000 0.015017512
1526 0.120000000 0.002500000 0.015248826
1527 0.000000000 0.002500000 0.015458954
1528 0.280000000 0.002500000 0.015677789
1529 0.200000000 0.002500000 0.015936506
1530 0.120000000 0.002700000 0.016202710
1531 0.320000000 0.002700000 0.016496658
1532 0.000000000 0.002700000 0.016791593
1533 0.000000000 0.002700000 0.017030821
1534 0.360000000 0.002700000 0.017284682
1535 0.440000000 0.002700000 0.017629045
1536 0.200000000 0.002800000 0.018023745
1537 0.280000000 0.002800000 0.018434545
1538 0.000000000 0.002900000 0.018819639
1539 0.600000000 0.002900000 0.019244164
1540 0.000000000 0.003000000 0.019698035
1541 0.400000000 0.003100000 0.020142405
1542 0.440000000 0.003200000 0.020661481
1543 0.280000000 0.003300000 0.021222115
1544 0.720000000 0.003500000 0.021878268
1545 0.000000000 0.003600000 0.022556898
1546 0.280000000 0.003700000 0.023166144
1547 0.600000000 0.003800000 0.023837282
1548 0.120000000 0.004200000 0.024524303
1549 0.000000000 0.004600000 0.025093699
1550 0.360000000 0.005200000 0.025609454
1551 0.000000000 0.005900000 0.026071111
1552 0.200000000 0.007500000 0.026449043
1553 0.320000000 0.008300000 0.026822558
1554 0.120000000 0.011100000 0.027170691
1555 0.000000000 0.012100000 0.027421683
1556 0.360000000 0.014300000 0.027643153
1557 0.240000000 0.015300000 0.027890549
1558 0.800000000 0.016500000 0.028265903
1559 0.440000000 0.018900000 0.028796122
1560 0.600000000 0.020100000 0.029418725
1561 1.000000000 0.021300000 0.030258967
1562 0.080000000 0.024000000 0.031159509
1563 0.720000000 0.026700000 0.032050676
1564 0.280000000 0.029400000 0.032974188
1565 0.000000000 0.032200000 0.033739606
1566 0.320000000 0.035200000 0.034372719
1567 0.400000000 0.036700000 0.034987374
1568 0.280000000 0.041200000 0.035571112
1569 0.080000000 0.045900000 0.036039126
1570 0.240000000 0.047500000 0.036393624
1571 0.000000000 0.050900000 0.036622141
1572 0.400000000 0.052500000 0.036785653
1573 0.520000000 0.055800000 0.037029645
1574 0.680000000 0.057600000 0.037419426
1575 0.200000000 0.059300000 0.037845170
1576 0.200000000 0.061000000 0.038172289
1577 0.600000000 0.061000000 0.038523416
1578 0.080000000 0.062800000 0.038855035
1579 0.120000000 0.064500000 0.039038282
1580 0.680000000 0.068100000 0.039260550
1581 0.120000000 0.069900000 0.039508772
1582 0.200000000 0.069900000 0.039648454
1583 0.840000000 0.071800000 0.039897811
1584 0.000000000 0.075300000 0.040176332
1585 1.000000000 0.077300000 0.040536525
1586 0.640000000 0.079200000 0.041140406
1587 0.560000000 0.082800000 0.041833766
1588 0.720000000 0.084800000 0.042628861
1589 0.280000000 0.090600000 0.043425283
1590 0.440000000 0.094500000 0.044140571
1591 0.360000000 0.100500000 0.044802444
1592 0.320000000 0.104500000 0.045377965
1593 0.400000000 0.110700000 0.045887175
1594 0.400000000 0.116900000 0.046359080
1595 0.440000000 0.121000000 0.046808308
1596 0.560000000 0.125300000 0.047285096
1597 0.200000000 0.129600000 0.047706313
1598 0.400000000 0.131700000 0.048031056
1599 0.600000000 0.136000000 0.048393855
1600 0.320000000 0.140400000 0.048759767
1601 0.520000000 0.142600000 0.049105082
1602 0.080000000 0.144800000 0.049350377
1603 0.640000000 0.147100000 0.049552173
1604 0.280000000 0.151500000 0.049771200
1605 0.000000000 0.153800000 0.049802405
1606 0.000000000 0.156000000 0.049584130
1607 0.160000000 0.156000000 0.049203513
1608 0.120000000 0.158300000 0.048721952
1609 0.000000000 0.158300000 0.048106831
1610 0.000000000 0.158300000 0.047345896
1611 0.000000000 0.160600000 0.046466445
1612 0.120000000 0.158300000 0.045529912
1613 0.000000000 0.158300000 0.044549991
1614 0.080000000 0.156000000 0.043529948
1615 0.000000000 0.156000000 0.042482251
1616 0.000000000 0.151500000 0.041396378
1617 0.000000000 0.151500000 0.040286349
1618 0.000000000 0.149300000 0.039164158
1619 0.320000000 0.147100000 0.038129553
1620 0.000000000 0.144800000 0.037171223
1621 0.000000000 0.140400000 0.036199939
1622 0.000000000 0.136000000 0.035224619
1623 0.400000000 0.133800000 0.034358640
1624 0.000000000 0.129600000 0.033585322
1625 0.920000000 0.125300000 0.033034228
1626 0.920000000 0.121000000 0.032902003
1627 0.400000000 0.119000000 0.032998229
1628 0.600000000 0.114700000 0.033216852
1629 0.280000000 0.112700000 0.033508623
1630 0.520000000 0.110700000 0.033846495
1631 0.200000000 0.108600000 0.034199729
1632 0.280000000 0.108600000 0.034505068
1633 0.080000000 0.108600000 0.034733740
1634 0.080000000 0.108600000 0.034842818
1635 0.000000000 0.108600000 0.034825266
1636 0.000000000 0.108600000 0.034677195
1637 0.000000000 0.108600000 0.034416933
1638 0.000000000 0.106500000 0.034061488
1639 0.120000000 0.106500000 0.033657879
1640 0.400000000 0.104500000 0.033318107
1641 0.640000000 0.104500000 0.033166699
1642 0.800000000 0.104500000 0.033280321
1643 0.200000000 0.102500000 0.033508731
1644 0.720000000 0.100500000 0.033823304
1645 0.680000000 0.100500000 0.034333528
1646 0.800000000 0.100500000 0.035038139
1647 0.920000000 0.102500000 0.035978523
1648 0.720000000 0.102500000 0.037105868
1649 0.560000000 0.104500000 0.038301162
1650 0.440000000 0.106500000 0.039475969
1651 0.080000000 0.108600000 0.040489790
1652 0.000000000 0.112700000 0.041229525
1653 0.000000000 0.116900000 0.041698030
1654 0.360000000 0.121000000 0.042030297
1655 0.000000000 0.123100000 0.042236130
1656 0.000000000 0.125300000 0.042228405
1657 0.120000000 0.127400000 0.042070522
1658 0.120000000 0.127400000 0.041817429
1659 0.320000000 0.129600000 0.041542400
1660 0.360000000 0.129600000 0.041317529
1661 0.000000000 0.129600000 0.041043266
1662 0.240000000 0.129600000 0.040697963
1663 0.480000000 0.127400000 0.040429149
1664 0.000000000 0.129600000 0.040155324
1665 0.000000000 0.127400000 0.039747329
1666 0.000000000 0.127400000 0.039226864
1667 0.120000000 0.127400000 0.038647551
1668 0.000000000 0.127400000 0.038020235
1669 0.000000000 0.125300000 0.037324357
1670 0.000000000 0.123100000 0.036574940
1671 0.800000000 0.123100000 0.036002165
1672 0.120000000 0.121000000 0.035605455
1673 0.200000000 0.119000000 0.035208611
1674 0.720000000 0.116900000 0.034973195
1675 0.800000000 0.114700000 0.035032304
1676 0.200000000 0.112700000 0.035207700
1677 0.600000000 0.110700000 0.035437774
1678 0.280000000 0.110700000 0.035731697
1679 0.720000000 0.110700000 0.036117193
1680 0.000000000 0.110700000 0.036500031
1681 0.280000000 0.110700000 0.036766732
1682 0.240000000 0.112700000 0.036992478
1683 0.280000000 0.112700000 0.037181639
1684 0.000000000 0.114700000 0.037270832
1685 0.320000000 0.114700000 0.037286769
1686 0.080000000 0.116900000 0.037256931
1687 0.120000000 0.116900000 0.037135177
1688 0.200000000 0.119000000 0.036967002
1689 0.000000000 0.119000000 0.036725649
1690 0.280000000 0.119000000 0.036446884
1691 0.440000000 0.119000000 0.036253881
1692 0.000000000 0.119000000 0.036057831
1693 0.120000000 0.119000000 0.035778879
1694 0.480000000 0.119000000 0.035558064
1695 0.400000000 0.119000000 0.035459600
1696 0.000000000 0.119000000 0.035339501
1697 0.120000000 0.119000000 0.035131004
1698 0.000000000 0.116900000 0.034845891
1699 0.480000000 0.116900000 0.034593513
1700 0.000000000 0.116900000 0.034364983
1701 0.080000000 0.116900000 0.034058381
1702 0.320000000 0.114700000 0.033769374
1703 0.600000000 0.114700000 0.033630261
1704 0.000000000 0.110700000 0.033534646
1705 0.000000000 0.110700000 0.033327740
1706 0.000000000 0.108600000 0.033025865
1707 0.640000000 0.108600000 0.032809174
1708 0.360000000 0.106500000 0.032752598
1709 0.560000000 0.104500000 0.032818061
1710 0.360000000 0.102500000 0.032987646
1711 0.640000000 0.102500000 0.033271130
1712 0.280000000 0.100500000 0.033629796
1713 0.400000000 0.100500000 0.033994569
1714 0.600000000 0.100500000 0.034446540
1715 0.240000000 0.100500000 0.034929011
1716 0.760000000 0.100500000 0.035484027
1717 0.120000000 0.100500000 0.036062510
1718 0.680000000 0.102500000 0.036645442
1719 0.600000000 0.104500000 0.037355722
1720 0.720000000 0.104500000 0.038189586
1721 0.200000000 0.108600000 0.039016358
1722 0.200000000 0.110700000 0.039690986
1723 0.720000000 0.114700000 0.040376607
1724 0.920000000 0.116900000 0.041272354
1725 0.480000000 0.121000000 0.042279785
1726 0.960000000 0.125300000 0.043401922
1727 1.120000000 0.129600000 0.044811928
1728 0.880000000 0.136000000 0.046452126
1729 1.360000000 0.140400000 0.048377115
1730 1.280000000 0.149300000 0.050681058
1731 0.880000000 0.158300000 0.054816033
1732 1.120000000 0.167400000 0.059152391
1733 0.880000000 0.179100000 0.063639320
1734 0.920000000 0.188500000 0.068132990
1735 1.200000000 0.198200000 0.072808351
1736 0.920000000 0.212900000 0.077622828
1737 1.240000000 0.222700000 0.082578506
1738 0.960000000 0.232700000 0.087658242
1739 1.120000000 0.245500000 0.092756753
1740 1.120000000 0.255800000 0.097953419
1741 0.880000000 0.271500000 0.103046475
1742 1.040000000 0.284800000 0.107970834
1743 0.480000000 0.295500000 0.112419659
1744 1.120000000 0.306200000 0.116495150
1745 0.560000000 0.317200000 0.120250688
1746 0.600000000 0.325500000 0.123326735
1747 0.800000000 0.333800000 0.125964815
1748 0.200000000 0.345000000 0.127886098
1749 0.680000000 0.350700000 0.129098045
1750 0.720000000 0.356300000 0.130070027
1751 0.280000000 0.362000000 0.130515802
1752 0.200000000 0.364800000 0.130117797
1753 0.520000000 0.370500000 0.129187954
1754 0.200000000 0.370500000 0.127798914
1755 0.360000000 0.373400000 0.125919347
1756 0.520000000 0.373400000 0.123875689
1757 0.200000000 0.370500000 0.121581627
1758 0.000000000 0.370500000 0.118717019
1759 0.480000000 0.367700000 0.115610822
1760 0.400000000 0.364800000 0.112601649
1761 0.200000000 0.362000000 0.109496644
1762 0.480000000 0.359100000 0.106399409
1763 0.320000000 0.353400000 0.103407157
1764 0.120000000 0.347800000 0.100279395
1765 0.200000000 0.342200000 0.096987106
1766 0.680000000 0.336600000 0.093961207
1767 0.080000000 0.333800000 0.091083616
1768 0.240000000 0.325500000 0.088078686
1769 0.360000000 0.320000000 0.085168826
1770 0.400000000 0.311800000 0.082459468
1771 0.120000000 0.306200000 0.079782876
1772 0.120000000 0.300800000 0.076985654
1773 0.440000000 0.295500000 0.074307938
1774 0.320000000 0.287400000 0.071862847
1775 0.120000000 0.282100000 0.069439009
1776 0.080000000 0.276800000 0.066912728
1777 0.200000000 0.271500000 0.064368264
1778 0.280000000 0.266200000 0.061940684
1779 0.000000000 0.261000000 0.059511251
1780 0.440000000 0.253300000 0.057196215
1781 0.080000000 0.248100000 0.055026509
1782 0.080000000 0.240300000 0.052804230
1783 0.120000000 0.235300000 0.050625668
1784 0.000000000 0.230300000 0.049269347
1785 0.280000000 0.222700000 0.047959329
1786 0.400000000 0.217700000 0.046818365
1787 0.120000000 0.210300000 0.045775398
1788 0.000000000 0.203100000 0.044703439
1789 0.080000000 0.198200000 0.043604313
1790 0.000000000 0.188500000 0.042489155
1791 0.000000000 0.181500000 0.041346207
1792 0.000000000 0.176800000 0.040188361
1793 0.080000000 0.172200000 0.039049254
1794 0.280000000 0.167400000 0.038011234
1795 0.000000000 0.162900000 0.037040196
1796 0.000000000 0.162900000 0.036059094
1797 0.000000000 0.156000000 0.035076470
1798 0.000000000 0.153800000 0.034099504
1799 0.120000000 0.149300000 0.033165335
1800 0.000000000 0.144800000 0.032271992
1801 0.000000000 0.142600000 0.031389964
1802 0.120000000 0.136000000 0.030553318
1803 0.000000000 0.131700000 0.029758988
1804 0.400000000 0.127400000 0.029074426
1805 0.000000000 0.123100000 0.028482312
1806 0.000000000 0.119000000 0.027881387
1807 0.080000000 0.114700000 0.027295491
1808 0.000000000 0.110700000 0.026725108
1809 0.000000000 0.106500000 0.026153865
1810 0.000000000 0.102500000 0.025585442
1811 0.000000000 0.100500000 0.025022932
1812 0.000000000 0.096500000 0.024468906
1813 0.000000000 0.094500000 0.023925479
1814 0.000000000 0.090600000 0.023394358
1815 0.000000000 0.088600000 0.022876900
1816 0.000000000 0.084800000 0.022374156
1817 0.000000000 0.082800000 0.021886910
1818 0.000000000 0.079200000 0.021415720
1819 0.000000000 0.077300000 0.020960948
1820 0.000000000 0.075300000 0.020522793
1821 0.000000000 0.073500000 0.020101310
1822 0.000000000 0.069900000 0.019696439
1823 0.000000000 0.068100000 0.019308025
1824 0.000000000 0.066300000 0.018935828
1825 0.000000000 0.064500000 0.018579547
1826 0.000000000 0.062800000 0.018238825
1827 0.000000000 0.061000000 0.017913268
1828 0.000000000 0.057600000 0.017602448
1829 0.000000000 0.055800000 0.017305914
1830 0.000000000 0.054200000 0.017023199
1831 0.000000000 0.054200000 0.016753824
1832 0.000000000 0.052500000 0.016497308
1833 0.000000000 0.050900000 0.016253155
1834 0.000000000 0.049200000 0.016020669
1835 0.000000000 0.047500000 0.015798999
1836 0.000000000 0.045900000 0.015587358
1837 0.000000000 0.044400000 0.015385023
1838 0.000000000 0.044400000 0.015191335
1839 0.000000000 0.042800000 0.015005686
1840 0.000000000 0.039700000 0.014827520
1841 0.000000000 0.038200000 0.014656325
1842 0.000000000 0.038200000 0.014491632
1843 0.000000000 0.036700000 0.014333007
1844 0.000000000 0.035200000 0.014180053
1845 0.000000000 0.035200000 0.014032401
1846 0.000000000 0.033700000 0.013889713
1847 0.000000000 0.032200000 0.013751676
1848 0.000000000 0.030800000 0.013618001
1849 0.000000000 0.030800000 0.013488422
1850 0.000000000 0.029400000 0.013362691
1851 0.000000000 0.029400000 0.013240581
1852 0.000000000 0.028000000 0.013121879
1853 0.000000000 0.028000000 0.013006390
1854 0.000000000 0.026700000 0.012893932
1855 0.000000000 0.026700000 0.012784337
1856 0.000000000 0.025300000 0.012677448
1857 0.000000000 0.025300000 0.012573119
1858 0.000000000 0.024000000 0.012471217
1859 0.000000000 0.024000000 0.012371615
1860 0.000000000 0.022600000 0.012274197
1861 0.000000000 0.022600000 0.012178853
1862 0.000000000 0.022600000 0.012085483
1863 0.000000000 0.021300000 0.011993993
1864 0.000000000 0.021300000 0.011904293
1865 0.000000000 0.021300000 0.011816303
1866 0.000000000 0.020100000 0.011729945
1867 0.000000000 0.020100000 0.011645148
1868 0.000000000 0.020100000 0.011561845
1869 0.000000000 0.018900000 0.011479973
1870 0.000000000 0.018900000 0.011399474
1871 0.000000000 0.018900000 0.011320293
1872 0.000000000 0.017700000 0.011242377
1873 0.000000000 0.017700000 0.011165680
1874 0.000000000 0.017700000 0.011090155
1875 0.000000000 0.016500000 0.011015761
1876 0.000000000 0.016500000 0.010942456
1877 0.000000000 0.016500000 0.010870204
1878 0.000000000 0.015300000 0.010798969
1879 0.000000000 0.015300000 0.010728718
1880 0.000000000 0.015300000 0.010659419
1881 0.000000000 0.014300000 0.010591043
1882 0.000000000 0.014300000 0.010523561
1883 0.000000000 0.014300000 0.010456948
1884 0.000000000 0.014300000 0.010391177
1885 0.000000000 0.013200000 0.010326227
1886 0.000000000 0.013200000 0.010262073
1887 0.000000000 0.013200000 0.010198696
1888 0.000000000 0.012100000 0.010136074
1889 0.000000000 0.012100000 0.010074188
1890 0.000000000 0.012100000 0.010013021
1891 0.000000000 0.012100000 0.009952555
1892 0.000000000 0.011100000 0.009892774
1893 0.000000000 0.011100000 0.009833661
1894 0.000000000 0.011100000 0.009775203
1895 0.000000000 0.011100000 0.009717383
1896 0.000000000 0.010200000 0.009660190
1897 0.000000000 0.010200000 0.009603610
1898 0.000000000 0.010200000 0.009547630
1899 0.000000000 0.010200000 0.009492238
1900 0.000000000 0.010200000 0.009437423
1901 0.000000000 0.009200000 0.009383174
1902 0.000000000 0.009200000 0.009329480
1903 0.000000000 0.009200000 0.009276331
1904 0.000000000 0.009200000 0.009223717
1905 0.000000000 0.007500000 0.009171630
1906 0.000000000 0.007500000 0.009120059
1907 0.000000000 0.007500000 0.009068995
1908 0.000000000 0.007500000 0.009018432
1909 0.000000000 0.007500000 0.008968359
1910 0.000000000 0.006700000 0.008918770
1911 0.000000000 0.006700000 0.008869657
1912 0.000000000 0.006700000 0.008821011
1913 0.000000000 0.006700000 0.008772827
1914 0.000000000 0.006700000 0.008725097
1915 0.000000000 0.005900000 0.008677815
1916 0.000000000 0.005900000 0.008630973
1917 0.000000000 0.005900000 0.008584566
1918 0.000000000 0.005900000 0.008538587
1919 0.000000000 0.005900000 0.008493029
1920 0.000000000 0.005200000 0.008447889
1921 0.000000000 0.005200000 0.008403158
1922 0.000000000 0.005200000 0.008358833
1923 0.000000000 0.005200000 0.008314907
1924 0.000000000 0.005200000 0.008271376
1925 0.000000000 0.005200000 0.008228233
1926 0.000000000 0.005200000 0.008185474
1927 0.000000000 0.004600000 0.008143095
1928 0.000000000 0.004600000 0.008101089
1929 0.000000000 0.004600000 0.008059453
1930 0.000000000 0.004600000 0.008018182
1931 0.000000000 0.004600000 0.007977270
1932 0.000000000 0.004200000 0.007936715
1933 0.000000000 0.004200000 0.007896511
1934 0.000000000 0.004200000 0.007856654
1935 0.000000000 0.004200000 0.007817140
1936 0.000000000 0.004200000 0.007777965
1937 0.000000000 0.004200000 0.007739125
1938 0.000000000 0.004200000 0.007700615
1939 0.000000000 0.004200000 0.007662433
1940 0.000000000 0.003900000 0.007624574
1941 0.000000000 0.003900000 0.007587034
1942 0.000000000 0.003900000 0.007549810
1943 0.000000000 0.003900000 0.007512898
1944 0.000000000 0.003900000 0.007476295
1945 0.000000000 0.003900000 0.007439997
1946 0.000000000 0.003900000 0.007404000
1947 0.000000000 0.003900000 0.007368302
1948 0.000000000 0.003900000 0.007332899
1949 0.000000000 0.003900000 0.007297788
1950 0.000000000 0.003900000 0.007262965
1951 0.000000000 0.003900000 0.007228427
1952 0.000000000 0.003900000 0.007194171
1953 0.000000000 0.003900000 0.007160195
1954 0.000000000 0.003900000 0.007126495
1955 0.000000000 0.003900000 0.007093068
1956 0.000000000 0.003800000 0.007059911
1957 0.000000000 0.003800000 0.007027021
1958 0.000000000 0.003800000 0.006994396
1959 0.000000000 0.003800000 0.006962032
1960 0.000000000 0.003800000 0.006929927
1961 0.000000000 0.003800000 0.006898078
1962 0.000000000 0.003800000 0.006866483
1963 0.000000000 0.003800000 0.006835139
1964 0.000000000 0.003800000 0.006804043
1965 0.000000000 0.003800000 0.006773192
1966 0.000000000 0.003800000 0.006742584
1967 0.000000000 0.003800000 0.006712217
1968 0.000000000 0.003800000 0.006682088
1969 0.000000000 0.003800000 0.006652195
1970 0.000000000 0.003800000 0.006622535
1971 0.000000000 0.003800000 0.006593105
1972 0.000000000 0.003800000 0.006563904
1973 0.000000000 0.003800000 0.006534929
1974 0.000000000 0.003800000 0.006506179
1975 0.000000000 0.003800000 0.006477649
1976 0.000000000 0.003800000 0.006449339
1977 0.000000000 0.003800000 0.006421247
1978 0.000000000 0.003800000 0.006393369
1979 0.000000000 0.003800000 0.006365704
1980 0.000000000 0.003800000 0.006338250
1981 0.000000000 0.003800000 0.006311005
1982 0.000000000 0.003800000 0.006283966
1983 0.000000000 0.003800000 0.006257132
1984 0.000000000 0.003800000 0.006230501
1985 0.000000000 0.003800000 0.006204070
1986 0.000000000 0.003800000 0.006177837
1987 0.000000000 0.003800000 0.006151802
